{"E:\\CODE\\NFLPOOL\\nfl-atlas\\nfl-pool-app\\backend\\server.js": {"path":"E:\\CODE\\NFLPOOL\\nfl-atlas\\nfl-pool-app\\backend\\server.js","statementMap":{"0":{"start":{"line":1,"column":15},"end":{"line":1,"column":32}},"1":{"start":{"line":2,"column":13},"end":{"line":2,"column":28}},"2":{"start":{"line":3,"column":16},"end":{"line":3,"column":34}},"3":{"start":{"line":4,"column":17},"end":{"line":4,"column":36}},"4":{"start":{"line":5,"column":13},"end":{"line":5,"column":28}},"5":{"start":{"line":6,"column":21},"end":{"line":6,"column":45}},"6":{"start":{"line":7,"column":15},"end":{"line":7,"column":32}},"7":{"start":{"line":8,"column":12},"end":{"line":8,"column":32}},"8":{"start":{"line":9,"column":18},"end":{"line":9,"column":47}},"9":{"start":{"line":10,"column":12},"end":{"line":10,"column":26}},"10":{"start":{"line":11,"column":18},"end":{"line":11,"column":47}},"11":{"start":{"line":12,"column":21},"end":{"line":12,"column":50}},"12":{"start":{"line":13,"column":22},"end":{"line":13,"column":59}},"13":{"start":{"line":14,"column":29},"end":{"line":14,"column":63}},"14":{"start":{"line":15,"column":20},"end":{"line":15,"column":54}},"15":{"start":{"line":16,"column":19},"end":{"line":16,"column":54}},"16":{"start":{"line":17,"column":30},"end":{"line":17,"column":62}},"17":{"start":{"line":20,"column":0},"end":{"line":20,"column":54}},"18":{"start":{"line":23,"column":0},"end":{"line":27,"column":3}},"19":{"start":{"line":29,"column":12},"end":{"line":29,"column":21}},"20":{"start":{"line":32,"column":0},"end":{"line":32,"column":24}},"21":{"start":{"line":33,"column":0},"end":{"line":33,"column":24}},"22":{"start":{"line":34,"column":0},"end":{"line":37,"column":4}},"23":{"start":{"line":38,"column":0},"end":{"line":38,"column":18}},"24":{"start":{"line":39,"column":0},"end":{"line":39,"column":15}},"25":{"start":{"line":40,"column":0},"end":{"line":40,"column":15}},"26":{"start":{"line":41,"column":0},"end":{"line":41,"column":23}},"27":{"start":{"line":42,"column":0},"end":{"line":42,"column":20}},"28":{"start":{"line":44,"column":0},"end":{"line":47,"column":3}},"29":{"start":{"line":45,"column":2},"end":{"line":45,"column":53}},"30":{"start":{"line":46,"column":2},"end":{"line":46,"column":9}},"31":{"start":{"line":50,"column":0},"end":{"line":50,"column":68}},"32":{"start":{"line":53,"column":21},"end":{"line":53,"column":47}},"33":{"start":{"line":55,"column":13},"end":{"line":55,"column":37}},"34":{"start":{"line":56,"column":14},"end":{"line":56,"column":39}},"35":{"start":{"line":57,"column":19},"end":{"line":57,"column":44}},"36":{"start":{"line":58,"column":14},"end":{"line":58,"column":39}},"37":{"start":{"line":59,"column":14},"end":{"line":59,"column":39}},"38":{"start":{"line":60,"column":16},"end":{"line":60,"column":43}},"39":{"start":{"line":61,"column":20},"end":{"line":61,"column":51}},"40":{"start":{"line":62,"column":17},"end":{"line":62,"column":45}},"41":{"start":{"line":63,"column":14},"end":{"line":63,"column":39}},"42":{"start":{"line":64,"column":22},"end":{"line":64,"column":55}},"43":{"start":{"line":70,"column":0},"end":{"line":70,"column":30}},"44":{"start":{"line":71,"column":0},"end":{"line":71,"column":40}},"45":{"start":{"line":72,"column":0},"end":{"line":72,"column":32}},"46":{"start":{"line":73,"column":0},"end":{"line":73,"column":32}},"47":{"start":{"line":74,"column":0},"end":{"line":74,"column":32}},"48":{"start":{"line":75,"column":0},"end":{"line":75,"column":36}},"49":{"start":{"line":76,"column":0},"end":{"line":76,"column":45}},"50":{"start":{"line":77,"column":0},"end":{"line":77,"column":37}},"51":{"start":{"line":78,"column":0},"end":{"line":78,"column":50}},"52":{"start":{"line":79,"column":0},"end":{"line":79,"column":38}},"53":{"start":{"line":80,"column":0},"end":{"line":80,"column":32}},"54":{"start":{"line":81,"column":0},"end":{"line":81,"column":40}},"55":{"start":{"line":84,"column":0},"end":{"line":84,"column":22}},"56":{"start":{"line":87,"column":0},"end":{"line":90,"column":3}},"57":{"start":{"line":89,"column":2},"end":{"line":89,"column":43}},"58":{"start":{"line":93,"column":18},"end":{"line":108,"column":1}},"59":{"start":{"line":94,"column":2},"end":{"line":106,"column":3}},"60":{"start":{"line":95,"column":19},"end":{"line":95,"column":51}},"61":{"start":{"line":96,"column":16},"end":{"line":96,"column":31}},"62":{"start":{"line":97,"column":4},"end":{"line":100,"column":7}},"63":{"start":{"line":102,"column":4},"end":{"line":105,"column":7}},"64":{"start":{"line":107,"column":2},"end":{"line":107,"column":35}},"65":{"start":{"line":110,"column":25},"end":{"line":121,"column":1}},"66":{"start":{"line":111,"column":2},"end":{"line":120,"column":5}},"67":{"start":{"line":112,"column":4},"end":{"line":112,"column":64}},"68":{"start":{"line":113,"column":4},"end":{"line":119,"column":7}},"69":{"start":{"line":114,"column":6},"end":{"line":114,"column":40}},"70":{"start":{"line":115,"column":6},"end":{"line":118,"column":9}},"71":{"start":{"line":116,"column":8},"end":{"line":116,"column":49}},"72":{"start":{"line":117,"column":8},"end":{"line":117,"column":24}},"73":{"start":{"line":123,"column":20},"end":{"line":139,"column":1}},"74":{"start":{"line":124,"column":2},"end":{"line":124,"column":20}},"75":{"start":{"line":125,"column":15},"end":{"line":125,"column":39}},"76":{"start":{"line":126,"column":17},"end":{"line":128,"column":4}},"77":{"start":{"line":127,"column":4},"end":{"line":127,"column":82}},"78":{"start":{"line":130,"column":2},"end":{"line":130,"column":27}},"79":{"start":{"line":133,"column":2},"end":{"line":136,"column":5}},"80":{"start":{"line":134,"column":4},"end":{"line":134,"column":41}},"81":{"start":{"line":135,"column":4},"end":{"line":135,"column":40}},"82":{"start":{"line":135,"column":23},"end":{"line":135,"column":38}},"83":{"start":{"line":138,"column":2},"end":{"line":138,"column":16}},"84":{"start":{"line":142,"column":0},"end":{"line":144,"column":1}},"85":{"start":{"line":143,"column":2},"end":{"line":143,"column":16}},"86":{"start":{"line":147,"column":0},"end":{"line":149,"column":1}},"87":{"start":{"line":148,"column":2},"end":{"line":148,"column":18}},"88":{"start":{"line":152,"column":0},"end":{"line":160,"column":1}},"89":{"start":{"line":154,"column":2},"end":{"line":154,"column":68}},"90":{"start":{"line":157,"column":2},"end":{"line":159,"column":5}},"91":{"start":{"line":158,"column":4},"end":{"line":158,"column":79}},"92":{"start":{"line":162,"column":0},"end":{"line":162,"column":49}}},"fnMap":{"0":{"name":"(anonymous_0)","decl":{"start":{"line":44,"column":8},"end":{"line":44,"column":9}},"loc":{"start":{"line":44,"column":28},"end":{"line":47,"column":1}},"line":44},"1":{"name":"(anonymous_1)","decl":{"start":{"line":87,"column":40},"end":{"line":87,"column":41}},"loc":{"start":{"line":87,"column":54},"end":{"line":90,"column":1}},"line":87},"2":{"name":"(anonymous_2)","decl":{"start":{"line":93,"column":18},"end":{"line":93,"column":19}},"loc":{"start":{"line":93,"column":30},"end":{"line":108,"column":1}},"line":93},"3":{"name":"(anonymous_3)","decl":{"start":{"line":110,"column":25},"end":{"line":110,"column":26}},"loc":{"start":{"line":110,"column":37},"end":{"line":121,"column":1}},"line":110},"4":{"name":"(anonymous_4)","decl":{"start":{"line":111,"column":24},"end":{"line":111,"column":25}},"loc":{"start":{"line":111,"column":30},"end":{"line":120,"column":3}},"line":111},"5":{"name":"(anonymous_5)","decl":{"start":{"line":113,"column":17},"end":{"line":113,"column":18}},"loc":{"start":{"line":113,"column":23},"end":{"line":119,"column":5}},"line":113},"6":{"name":"(anonymous_6)","decl":{"start":{"line":115,"column":39},"end":{"line":115,"column":40}},"loc":{"start":{"line":115,"column":45},"end":{"line":118,"column":7}},"line":115},"7":{"name":"(anonymous_7)","decl":{"start":{"line":123,"column":20},"end":{"line":123,"column":21}},"loc":{"start":{"line":123,"column":32},"end":{"line":139,"column":1}},"line":123},"8":{"name":"(anonymous_8)","decl":{"start":{"line":126,"column":34},"end":{"line":126,"column":35}},"loc":{"start":{"line":126,"column":40},"end":{"line":128,"column":3}},"line":126},"9":{"name":"(anonymous_9)","decl":{"start":{"line":133,"column":35},"end":{"line":133,"column":36}},"loc":{"start":{"line":133,"column":44},"end":{"line":136,"column":3}},"line":133},"10":{"name":"(anonymous_10)","decl":{"start":{"line":135,"column":17},"end":{"line":135,"column":18}},"loc":{"start":{"line":135,"column":23},"end":{"line":135,"column":38}},"line":135},"11":{"name":"(anonymous_11)","decl":{"start":{"line":157,"column":15},"end":{"line":157,"column":16}},"loc":{"start":{"line":157,"column":29},"end":{"line":159,"column":3}},"line":157}},"branchMap":{"0":{"loc":{"start":{"line":35,"column":10},"end":{"line":35,"column":61}},"type":"binary-expr","locations":[{"start":{"line":35,"column":10},"end":{"line":35,"column":34}},{"start":{"line":35,"column":38},"end":{"line":35,"column":61}}],"line":35},"1":{"loc":{"start":{"line":94,"column":2},"end":{"line":106,"column":3}},"type":"if","locations":[{"start":{"line":94,"column":2},"end":{"line":106,"column":3}},{"start":{"line":101,"column":9},"end":{"line":106,"column":3}}],"line":94},"2":{"loc":{"start":{"line":125,"column":15},"end":{"line":125,"column":39}},"type":"binary-expr","locations":[{"start":{"line":125,"column":15},"end":{"line":125,"column":31}},{"start":{"line":125,"column":35},"end":{"line":125,"column":39}}],"line":125},"3":{"loc":{"start":{"line":142,"column":0},"end":{"line":144,"column":1}},"type":"if","locations":[{"start":{"line":142,"column":0},"end":{"line":144,"column":1}},{"start":{},"end":{}}],"line":142},"4":{"loc":{"start":{"line":147,"column":0},"end":{"line":149,"column":1}},"type":"if","locations":[{"start":{"line":147,"column":0},"end":{"line":149,"column":1}},{"start":{},"end":{}}],"line":147},"5":{"loc":{"start":{"line":152,"column":0},"end":{"line":160,"column":1}},"type":"if","locations":[{"start":{"line":152,"column":0},"end":{"line":160,"column":1}},{"start":{},"end":{}}],"line":152}},"s":{"0":1,"1":1,"2":1,"3":1,"4":1,"5":1,"6":1,"7":1,"8":1,"9":1,"10":1,"11":1,"12":1,"13":1,"14":1,"15":1,"16":1,"17":1,"18":1,"19":1,"20":1,"21":1,"22":1,"23":1,"24":1,"25":1,"26":1,"27":1,"28":1,"29":18,"30":18,"31":1,"32":1,"33":1,"34":1,"35":1,"36":1,"37":1,"38":1,"39":1,"40":1,"41":1,"42":1,"43":1,"44":1,"45":1,"46":1,"47":1,"48":1,"49":1,"50":1,"51":1,"52":1,"53":1,"54":1,"55":1,"56":1,"57":0,"58":1,"59":0,"60":0,"61":0,"62":0,"63":0,"64":0,"65":1,"66":0,"67":0,"68":0,"69":0,"70":0,"71":0,"72":0,"73":1,"74":0,"75":0,"76":0,"77":0,"78":0,"79":0,"80":0,"81":0,"82":0,"83":0,"84":1,"85":0,"86":1,"87":0,"88":1,"89":0,"90":0,"91":0,"92":1},"f":{"0":18,"1":0,"2":0,"3":0,"4":0,"5":0,"6":0,"7":0,"8":0,"9":0,"10":0,"11":0},"b":{"0":[1,0],"1":[0,0],"2":[0,0],"3":[0,1],"4":[0,1],"5":[0,1]},"_coverageSchema":"1a1c01bbd47fc00a2c39e90264f33305004495a9","hash":"7ad5daca9221f67062a2dd64d78a16c7ef93b5d1"}
,"E:\\CODE\\NFLPOOL\\nfl-atlas\\nfl-pool-app\\backend\\__tests__\\mockDataFactory.js": {"path":"E:\\CODE\\NFLPOOL\\nfl-atlas\\nfl-pool-app\\backend\\__tests__\\mockDataFactory.js","statementMap":{"0":{"start":{"line":1,"column":18},"end":{"line":1,"column":44}},"1":{"start":{"line":2,"column":17},"end":{"line":2,"column":36}},"2":{"start":{"line":3,"column":15},"end":{"line":3,"column":32}},"3":{"start":{"line":6,"column":23},"end":{"line":6,"column":58}},"4":{"start":{"line":6,"column":29},"end":{"line":6,"column":58}},"5":{"start":{"line":8,"column":19},"end":{"line":32,"column":1}},"6":{"start":{"line":9,"column":20},"end":{"line":9,"column":44}},"7":{"start":{"line":10,"column":19},"end":{"line":10,"column":42}},"8":{"start":{"line":11,"column":17},"end":{"line":11,"column":65}},"9":{"start":{"line":12,"column":2},"end":{"line":12,"column":39}},"10":{"start":{"line":13,"column":16},"end":{"line":13,"column":61}},"11":{"start":{"line":14,"column":28},"end":{"line":14,"column":66}},"12":{"start":{"line":16,"column":2},"end":{"line":31,"column":4}},"13":{"start":{"line":34,"column":20},"end":{"line":38,"column":2}},"14":{"start":{"line":34,"column":41},"end":{"line":38,"column":1}},"15":{"start":{"line":40,"column":22},"end":{"line":49,"column":2}},"16":{"start":{"line":40,"column":59},"end":{"line":49,"column":1}},"17":{"start":{"line":51,"column":19},"end":{"line":67,"column":4}},"18":{"start":{"line":51,"column":51},"end":{"line":67,"column":3}},"19":{"start":{"line":69,"column":20},"end":{"line":76,"column":2}},"20":{"start":{"line":69,"column":68},"end":{"line":76,"column":1}},"21":{"start":{"line":78,"column":19},"end":{"line":87,"column":2}},"22":{"start":{"line":78,"column":49},"end":{"line":87,"column":1}},"23":{"start":{"line":89,"column":19},"end":{"line":210,"column":2}},"24":{"start":{"line":89,"column":40},"end":{"line":210,"column":1}},"25":{"start":{"line":108,"column":58},"end":{"line":108,"column":95}},"26":{"start":{"line":109,"column":58},"end":{"line":109,"column":95}},"27":{"start":{"line":212,"column":0},"end":{"line":221,"column":2}}},"fnMap":{"0":{"name":"(anonymous_0)","decl":{"start":{"line":6,"column":23},"end":{"line":6,"column":24}},"loc":{"start":{"line":6,"column":29},"end":{"line":6,"column":58}},"line":6},"1":{"name":"(anonymous_1)","decl":{"start":{"line":8,"column":19},"end":{"line":8,"column":20}},"loc":{"start":{"line":8,"column":39},"end":{"line":32,"column":1}},"line":8},"2":{"name":"(anonymous_2)","decl":{"start":{"line":34,"column":20},"end":{"line":34,"column":21}},"loc":{"start":{"line":34,"column":41},"end":{"line":38,"column":1}},"line":34},"3":{"name":"(anonymous_3)","decl":{"start":{"line":40,"column":22},"end":{"line":40,"column":23}},"loc":{"start":{"line":40,"column":59},"end":{"line":49,"column":1}},"line":40},"4":{"name":"(anonymous_4)","decl":{"start":{"line":51,"column":19},"end":{"line":51,"column":20}},"loc":{"start":{"line":51,"column":51},"end":{"line":67,"column":3}},"line":51},"5":{"name":"(anonymous_5)","decl":{"start":{"line":69,"column":20},"end":{"line":69,"column":21}},"loc":{"start":{"line":69,"column":68},"end":{"line":76,"column":1}},"line":69},"6":{"name":"(anonymous_6)","decl":{"start":{"line":78,"column":19},"end":{"line":78,"column":20}},"loc":{"start":{"line":78,"column":49},"end":{"line":87,"column":1}},"line":78},"7":{"name":"(anonymous_7)","decl":{"start":{"line":89,"column":19},"end":{"line":89,"column":20}},"loc":{"start":{"line":89,"column":40},"end":{"line":210,"column":1}},"line":89},"8":{"name":"(anonymous_8)","decl":{"start":{"line":108,"column":52},"end":{"line":108,"column":53}},"loc":{"start":{"line":108,"column":58},"end":{"line":108,"column":95}},"line":108},"9":{"name":"(anonymous_9)","decl":{"start":{"line":109,"column":52},"end":{"line":109,"column":53}},"loc":{"start":{"line":109,"column":58},"end":{"line":109,"column":95}},"line":109}},"branchMap":{"0":{"loc":{"start":{"line":8,"column":20},"end":{"line":8,"column":34}},"type":"default-arg","locations":[{"start":{"line":8,"column":32},"end":{"line":8,"column":34}}],"line":8},"1":{"loc":{"start":{"line":27,"column":24},"end":{"line":27,"column":101}},"type":"cond-expr","locations":[{"start":{"line":27,"column":51},"end":{"line":27,"column":89}},{"start":{"line":27,"column":92},"end":{"line":27,"column":101}}],"line":27},"2":{"loc":{"start":{"line":28,"column":25},"end":{"line":28,"column":83}},"type":"cond-expr","locations":[{"start":{"line":28,"column":52},"end":{"line":28,"column":71}},{"start":{"line":28,"column":74},"end":{"line":28,"column":83}}],"line":28},"3":{"loc":{"start":{"line":34,"column":21},"end":{"line":34,"column":35}},"type":"default-arg","locations":[{"start":{"line":34,"column":33},"end":{"line":34,"column":35}}],"line":34},"4":{"loc":{"start":{"line":40,"column":39},"end":{"line":40,"column":53}},"type":"default-arg","locations":[{"start":{"line":40,"column":51},"end":{"line":40,"column":53}}],"line":40},"5":{"loc":{"start":{"line":42,"column":8},"end":{"line":42,"column":34}},"type":"binary-expr","locations":[{"start":{"line":42,"column":8},"end":{"line":42,"column":14}},{"start":{"line":42,"column":18},"end":{"line":42,"column":34}}],"line":42},"6":{"loc":{"start":{"line":43,"column":8},"end":{"line":43,"column":34}},"type":"binary-expr","locations":[{"start":{"line":43,"column":8},"end":{"line":43,"column":14}},{"start":{"line":43,"column":18},"end":{"line":43,"column":34}}],"line":43},"7":{"loc":{"start":{"line":51,"column":31},"end":{"line":51,"column":45}},"type":"default-arg","locations":[{"start":{"line":51,"column":43},"end":{"line":51,"column":45}}],"line":51},"8":{"loc":{"start":{"line":58,"column":13},"end":{"line":58,"column":42}},"type":"binary-expr","locations":[{"start":{"line":58,"column":13},"end":{"line":58,"column":22}},{"start":{"line":58,"column":26},"end":{"line":58,"column":42}}],"line":58},"9":{"loc":{"start":{"line":69,"column":48},"end":{"line":69,"column":62}},"type":"default-arg","locations":[{"start":{"line":69,"column":60},"end":{"line":69,"column":62}}],"line":69},"10":{"loc":{"start":{"line":78,"column":29},"end":{"line":78,"column":43}},"type":"default-arg","locations":[{"start":{"line":78,"column":41},"end":{"line":78,"column":43}}],"line":78},"11":{"loc":{"start":{"line":81,"column":15},"end":{"line":81,"column":76}},"type":"binary-expr","locations":[{"start":{"line":81,"column":15},"end":{"line":81,"column":36}},{"start":{"line":81,"column":40},"end":{"line":81,"column":76}}],"line":81},"12":{"loc":{"start":{"line":82,"column":8},"end":{"line":82,"column":42}},"type":"binary-expr","locations":[{"start":{"line":82,"column":8},"end":{"line":82,"column":22}},{"start":{"line":82,"column":26},"end":{"line":82,"column":42}}],"line":82},"13":{"loc":{"start":{"line":83,"column":8},"end":{"line":83,"column":63}},"type":"binary-expr","locations":[{"start":{"line":83,"column":8},"end":{"line":83,"column":22}},{"start":{"line":83,"column":26},"end":{"line":83,"column":63}}],"line":83},"14":{"loc":{"start":{"line":84,"column":8},"end":{"line":84,"column":46}},"type":"binary-expr","locations":[{"start":{"line":84,"column":8},"end":{"line":84,"column":22}},{"start":{"line":84,"column":26},"end":{"line":84,"column":46}}],"line":84},"15":{"loc":{"start":{"line":85,"column":10},"end":{"line":85,"column":39}},"type":"binary-expr","locations":[{"start":{"line":85,"column":10},"end":{"line":85,"column":26}},{"start":{"line":85,"column":30},"end":{"line":85,"column":39}}],"line":85},"16":{"loc":{"start":{"line":89,"column":20},"end":{"line":89,"column":34}},"type":"default-arg","locations":[{"start":{"line":89,"column":32},"end":{"line":89,"column":34}}],"line":89}},"s":{"0":12,"1":12,"2":12,"3":12,"4":316,"5":12,"6":103,"7":103,"8":103,"9":103,"10":103,"11":103,"12":103,"13":12,"14":0,"15":12,"16":57,"17":12,"18":82,"19":12,"20":47,"21":12,"22":18,"23":12,"24":37,"25":148,"26":148,"27":12},"f":{"0":316,"1":103,"2":0,"3":57,"4":82,"5":47,"6":18,"7":37,"8":148,"9":148},"b":{"0":[72],"1":[46,57],"2":[41,62],"3":[0],"4":[30],"5":[57,0],"6":[57,0],"7":[38],"8":[82,0],"9":[27],"10":[1],"11":[18,10],"12":[18,10],"13":[18,1],"14":[18,1],"15":[18,18],"16":[7]},"_coverageSchema":"1a1c01bbd47fc00a2c39e90264f33305004495a9","hash":"cd046f36e00a7b84e365d060570a3c902988eaec"}
,"E:\\CODE\\NFLPOOL\\nfl-atlas\\nfl-pool-app\\backend\\__tests__\\testUtils.js": {"path":"E:\\CODE\\NFLPOOL\\nfl-atlas\\nfl-pool-app\\backend\\__tests__\\testUtils.js","statementMap":{"0":{"start":{"line":1,"column":17},"end":{"line":1,"column":36}},"1":{"start":{"line":2,"column":15},"end":{"line":2,"column":34}},"2":{"start":{"line":3,"column":13},"end":{"line":3,"column":38}},"3":{"start":{"line":4,"column":16},"end":{"line":4,"column":44}},"4":{"start":{"line":5,"column":14},"end":{"line":5,"column":40}},"5":{"start":{"line":6,"column":13},"end":{"line":6,"column":38}},"6":{"start":{"line":7,"column":13},"end":{"line":7,"column":38}},"7":{"start":{"line":8,"column":13},"end":{"line":8,"column":38}},"8":{"start":{"line":9,"column":30},"end":{"line":9,"column":62}},"9":{"start":{"line":19,"column":4},"end":{"line":19,"column":32}},"10":{"start":{"line":26,"column":0},"end":{"line":35,"column":2}},"11":{"start":{"line":27,"column":2},"end":{"line":27,"column":44}},"12":{"start":{"line":28,"column":14},"end":{"line":28,"column":29}},"13":{"start":{"line":29,"column":2},"end":{"line":34,"column":5}},"14":{"start":{"line":40,"column":0},"end":{"line":44,"column":2}},"15":{"start":{"line":41,"column":2},"end":{"line":41,"column":43}},"16":{"start":{"line":42,"column":2},"end":{"line":42,"column":36}},"17":{"start":{"line":43,"column":2},"end":{"line":43,"column":22}},"18":{"start":{"line":49,"column":0},"end":{"line":55,"column":2}},"19":{"start":{"line":50,"column":22},"end":{"line":50,"column":53}},"20":{"start":{"line":51,"column":2},"end":{"line":54,"column":3}},"21":{"start":{"line":52,"column":23},"end":{"line":52,"column":39}},"22":{"start":{"line":53,"column":4},"end":{"line":53,"column":34}},"23":{"start":{"line":62,"column":0},"end":{"line":69,"column":2}},"24":{"start":{"line":63,"column":19},"end":{"line":63,"column":41}},"25":{"start":{"line":64,"column":2},"end":{"line":67,"column":3}},"26":{"start":{"line":65,"column":17},"end":{"line":65,"column":41}},"27":{"start":{"line":66,"column":4},"end":{"line":66,"column":67}},"28":{"start":{"line":68,"column":2},"end":{"line":68,"column":37}},"29":{"start":{"line":75,"column":0},"end":{"line":78,"column":2}},"30":{"start":{"line":76,"column":20},"end":{"line":76,"column":43}},"31":{"start":{"line":77,"column":2},"end":{"line":77,"column":40}},"32":{"start":{"line":87,"column":0},"end":{"line":90,"column":2}},"33":{"start":{"line":88,"column":22},"end":{"line":88,"column":63}},"34":{"start":{"line":89,"column":2},"end":{"line":89,"column":43}},"35":{"start":{"line":98,"column":0},"end":{"line":101,"column":2}},"36":{"start":{"line":99,"column":19},"end":{"line":99,"column":52}},"37":{"start":{"line":100,"column":2},"end":{"line":100,"column":37}},"38":{"start":{"line":111,"column":0},"end":{"line":114,"column":2}},"39":{"start":{"line":112,"column":20},"end":{"line":112,"column":70}},"40":{"start":{"line":113,"column":2},"end":{"line":113,"column":39}},"41":{"start":{"line":124,"column":0},"end":{"line":135,"column":2}},"42":{"start":{"line":125,"column":2},"end":{"line":125,"column":62}},"43":{"start":{"line":126,"column":19},"end":{"line":130,"column":4}},"44":{"start":{"line":131,"column":2},"end":{"line":131,"column":54}},"45":{"start":{"line":132,"column":22},"end":{"line":132,"column":49}},"46":{"start":{"line":133,"column":2},"end":{"line":133,"column":69}},"47":{"start":{"line":134,"column":2},"end":{"line":134,"column":21}},"48":{"start":{"line":141,"column":0},"end":{"line":144,"column":2}},"49":{"start":{"line":142,"column":19},"end":{"line":142,"column":41}},"50":{"start":{"line":143,"column":2},"end":{"line":143,"column":37}},"51":{"start":{"line":151,"column":0},"end":{"line":153,"column":2}},"52":{"start":{"line":152,"column":2},"end":{"line":152,"column":46}},"53":{"start":{"line":161,"column":0},"end":{"line":163,"column":2}},"54":{"start":{"line":162,"column":2},"end":{"line":162,"column":58}},"55":{"start":{"line":170,"column":0},"end":{"line":172,"column":2}},"56":{"start":{"line":171,"column":2},"end":{"line":171,"column":45}},"57":{"start":{"line":180,"column":0},"end":{"line":185,"column":2}},"58":{"start":{"line":181,"column":2},"end":{"line":184,"column":5}},"59":{"start":{"line":192,"column":0},"end":{"line":194,"column":2}},"60":{"start":{"line":193,"column":2},"end":{"line":193,"column":51}},"61":{"start":{"line":202,"column":0},"end":{"line":204,"column":2}},"62":{"start":{"line":203,"column":2},"end":{"line":203,"column":73}},"63":{"start":{"line":212,"column":0},"end":{"line":214,"column":2}},"64":{"start":{"line":213,"column":2},"end":{"line":213,"column":75}},"65":{"start":{"line":222,"column":0},"end":{"line":224,"column":2}},"66":{"start":{"line":223,"column":2},"end":{"line":223,"column":73}},"67":{"start":{"line":232,"column":0},"end":{"line":234,"column":2}},"68":{"start":{"line":233,"column":2},"end":{"line":233,"column":87}},"69":{"start":{"line":240,"column":0},"end":{"line":240,"column":49}},"70":{"start":{"line":247,"column":0},"end":{"line":249,"column":2}},"71":{"start":{"line":248,"column":2},"end":{"line":248,"column":34}},"72":{"start":{"line":257,"column":0},"end":{"line":259,"column":2}},"73":{"start":{"line":258,"column":2},"end":{"line":258,"column":44}},"74":{"start":{"line":267,"column":0},"end":{"line":269,"column":2}},"75":{"start":{"line":268,"column":2},"end":{"line":268,"column":73}},"76":{"start":{"line":277,"column":0},"end":{"line":279,"column":2}},"77":{"start":{"line":278,"column":2},"end":{"line":278,"column":79}},"78":{"start":{"line":286,"column":0},"end":{"line":288,"column":2}},"79":{"start":{"line":287,"column":2},"end":{"line":287,"column":39}},"80":{"start":{"line":295,"column":0},"end":{"line":297,"column":2}},"81":{"start":{"line":296,"column":2},"end":{"line":296,"column":46}}},"fnMap":{"0":{"name":"(anonymous_0)","decl":{"start":{"line":26,"column":25},"end":{"line":26,"column":26}},"loc":{"start":{"line":26,"column":37},"end":{"line":35,"column":1}},"line":26},"1":{"name":"(anonymous_1)","decl":{"start":{"line":40,"column":31},"end":{"line":40,"column":32}},"loc":{"start":{"line":40,"column":43},"end":{"line":44,"column":1}},"line":40},"2":{"name":"(anonymous_2)","decl":{"start":{"line":49,"column":31},"end":{"line":49,"column":32}},"loc":{"start":{"line":49,"column":43},"end":{"line":55,"column":1}},"line":49},"3":{"name":"(anonymous_3)","decl":{"start":{"line":62,"column":32},"end":{"line":62,"column":33}},"loc":{"start":{"line":62,"column":59},"end":{"line":69,"column":1}},"line":62},"4":{"name":"(anonymous_4)","decl":{"start":{"line":75,"column":33},"end":{"line":75,"column":34}},"loc":{"start":{"line":75,"column":60},"end":{"line":78,"column":1}},"line":75},"5":{"name":"(anonymous_5)","decl":{"start":{"line":87,"column":35},"end":{"line":87,"column":36}},"loc":{"start":{"line":87,"column":78},"end":{"line":90,"column":1}},"line":87},"6":{"name":"(anonymous_6)","decl":{"start":{"line":98,"column":32},"end":{"line":98,"column":33}},"loc":{"start":{"line":98,"column":70},"end":{"line":101,"column":1}},"line":98},"7":{"name":"(anonymous_7)","decl":{"start":{"line":111,"column":33},"end":{"line":111,"column":34}},"loc":{"start":{"line":111,"column":87},"end":{"line":114,"column":1}},"line":111},"8":{"name":"(anonymous_8)","decl":{"start":{"line":124,"column":32},"end":{"line":124,"column":33}},"loc":{"start":{"line":124,"column":68},"end":{"line":135,"column":1}},"line":124},"9":{"name":"(anonymous_9)","decl":{"start":{"line":141,"column":32},"end":{"line":141,"column":33}},"loc":{"start":{"line":141,"column":59},"end":{"line":144,"column":1}},"line":141},"10":{"name":"(anonymous_10)","decl":{"start":{"line":151,"column":36},"end":{"line":151,"column":37}},"loc":{"start":{"line":151,"column":54},"end":{"line":153,"column":1}},"line":151},"11":{"name":"(anonymous_11)","decl":{"start":{"line":161,"column":42},"end":{"line":161,"column":43}},"loc":{"start":{"line":161,"column":68},"end":{"line":163,"column":1}},"line":161},"12":{"name":"(anonymous_12)","decl":{"start":{"line":170,"column":34},"end":{"line":170,"column":35}},"loc":{"start":{"line":170,"column":53},"end":{"line":172,"column":1}},"line":170},"13":{"name":"(anonymous_13)","decl":{"start":{"line":180,"column":42},"end":{"line":180,"column":43}},"loc":{"start":{"line":180,"column":66},"end":{"line":185,"column":1}},"line":180},"14":{"name":"(anonymous_14)","decl":{"start":{"line":192,"column":35},"end":{"line":192,"column":36}},"loc":{"start":{"line":192,"column":54},"end":{"line":194,"column":1}},"line":192},"15":{"name":"(anonymous_15)","decl":{"start":{"line":202,"column":28},"end":{"line":202,"column":29}},"loc":{"start":{"line":202,"column":58},"end":{"line":204,"column":1}},"line":202},"16":{"name":"(anonymous_16)","decl":{"start":{"line":212,"column":29},"end":{"line":212,"column":30}},"loc":{"start":{"line":212,"column":60},"end":{"line":214,"column":1}},"line":212},"17":{"name":"(anonymous_17)","decl":{"start":{"line":222,"column":28},"end":{"line":222,"column":29}},"loc":{"start":{"line":222,"column":58},"end":{"line":224,"column":1}},"line":222},"18":{"name":"(anonymous_18)","decl":{"start":{"line":232,"column":28},"end":{"line":232,"column":29}},"loc":{"start":{"line":232,"column":59},"end":{"line":234,"column":1}},"line":232},"19":{"name":"(anonymous_19)","decl":{"start":{"line":247,"column":35},"end":{"line":247,"column":36}},"loc":{"start":{"line":247,"column":45},"end":{"line":249,"column":1}},"line":247},"20":{"name":"(anonymous_20)","decl":{"start":{"line":257,"column":36},"end":{"line":257,"column":37}},"loc":{"start":{"line":257,"column":62},"end":{"line":259,"column":1}},"line":257},"21":{"name":"(anonymous_21)","decl":{"start":{"line":267,"column":28},"end":{"line":267,"column":29}},"loc":{"start":{"line":267,"column":58},"end":{"line":269,"column":1}},"line":267},"22":{"name":"(anonymous_22)","decl":{"start":{"line":277,"column":31},"end":{"line":277,"column":32}},"loc":{"start":{"line":277,"column":64},"end":{"line":279,"column":1}},"line":277},"23":{"name":"(anonymous_23)","decl":{"start":{"line":286,"column":33},"end":{"line":286,"column":34}},"loc":{"start":{"line":286,"column":50},"end":{"line":288,"column":1}},"line":286},"24":{"name":"(anonymous_24)","decl":{"start":{"line":295,"column":36},"end":{"line":295,"column":37}},"loc":{"start":{"line":295,"column":54},"end":{"line":297,"column":1}},"line":295}},"branchMap":{"0":{"loc":{"start":{"line":62,"column":39},"end":{"line":62,"column":54}},"type":"default-arg","locations":[{"start":{"line":62,"column":52},"end":{"line":62,"column":54}}],"line":62},"1":{"loc":{"start":{"line":64,"column":2},"end":{"line":67,"column":3}},"type":"if","locations":[{"start":{"line":64,"column":2},"end":{"line":67,"column":3}},{"start":{},"end":{}}],"line":64},"2":{"loc":{"start":{"line":75,"column":40},"end":{"line":75,"column":55}},"type":"default-arg","locations":[{"start":{"line":75,"column":53},"end":{"line":75,"column":55}}],"line":75},"3":{"loc":{"start":{"line":87,"column":58},"end":{"line":87,"column":73}},"type":"default-arg","locations":[{"start":{"line":87,"column":71},"end":{"line":87,"column":73}}],"line":87},"4":{"loc":{"start":{"line":98,"column":50},"end":{"line":98,"column":65}},"type":"default-arg","locations":[{"start":{"line":98,"column":63},"end":{"line":98,"column":65}}],"line":98},"5":{"loc":{"start":{"line":111,"column":67},"end":{"line":111,"column":82}},"type":"default-arg","locations":[{"start":{"line":111,"column":80},"end":{"line":111,"column":82}}],"line":111},"6":{"loc":{"start":{"line":124,"column":48},"end":{"line":124,"column":63}},"type":"default-arg","locations":[{"start":{"line":124,"column":61},"end":{"line":124,"column":63}}],"line":124},"7":{"loc":{"start":{"line":127,"column":10},"end":{"line":127,"column":30}},"type":"binary-expr","locations":[{"start":{"line":127,"column":10},"end":{"line":127,"column":25}},{"start":{"line":127,"column":29},"end":{"line":127,"column":30}}],"line":127},"8":{"loc":{"start":{"line":128,"column":17},"end":{"line":128,"column":44}},"type":"binary-expr","locations":[{"start":{"line":128,"column":17},"end":{"line":128,"column":39}},{"start":{"line":128,"column":43},"end":{"line":128,"column":44}}],"line":128},"9":{"loc":{"start":{"line":141,"column":39},"end":{"line":141,"column":54}},"type":"default-arg","locations":[{"start":{"line":141,"column":52},"end":{"line":141,"column":54}}],"line":141}},"s":{"0":3,"1":3,"2":3,"3":3,"4":3,"5":3,"6":3,"7":3,"8":3,"9":3,"10":3,"11":0,"12":0,"13":0,"14":3,"15":0,"16":0,"17":0,"18":3,"19":0,"20":0,"21":0,"22":0,"23":3,"24":28,"25":28,"26":28,"27":28,"28":28,"29":3,"30":0,"31":0,"32":3,"33":24,"34":24,"35":3,"36":25,"37":25,"38":3,"39":12,"40":12,"41":3,"42":7,"43":7,"44":7,"45":7,"46":7,"47":7,"48":3,"49":24,"50":24,"51":3,"52":0,"53":3,"54":0,"55":3,"56":0,"57":3,"58":1,"59":3,"60":0,"61":3,"62":0,"63":3,"64":0,"65":3,"66":0,"67":3,"68":1,"69":3,"70":3,"71":0,"72":3,"73":0,"74":3,"75":0,"76":3,"77":0,"78":3,"79":0,"80":3,"81":0},"f":{"0":0,"1":0,"2":0,"3":28,"4":0,"5":24,"6":25,"7":12,"8":7,"9":24,"10":0,"11":0,"12":0,"13":1,"14":0,"15":0,"16":0,"17":0,"18":1,"19":0,"20":0,"21":0,"22":0,"23":0,"24":0},"b":{"0":[28],"1":[28,0],"2":[0],"3":[19],"4":[24],"5":[12],"6":[0],"7":[7,0],"8":[7,0],"9":[8]},"_coverageSchema":"1a1c01bbd47fc00a2c39e90264f33305004495a9","hash":"cc579969863f6a6f81508c4ac9353de076cd2256"}
,"E:\\CODE\\NFLPOOL\\nfl-atlas\\nfl-pool-app\\backend\\__tests__\\mockModels\\Entry.js": {"path":"E:\\CODE\\NFLPOOL\\nfl-atlas\\nfl-pool-app\\backend\\__tests__\\mockModels\\Entry.js","statementMap":{"0":{"start":{"line":1,"column":17},"end":{"line":1,"column":36}},"1":{"start":{"line":3,"column":20},"end":{"line":36,"column":2}},"2":{"start":{"line":38,"column":0},"end":{"line":43,"column":3}},"3":{"start":{"line":45,"column":0},"end":{"line":45,"column":54}}},"fnMap":{},"branchMap":{},"s":{"0":1,"1":1,"2":1,"3":1},"f":{},"b":{},"_coverageSchema":"1a1c01bbd47fc00a2c39e90264f33305004495a9","hash":"6864d92d90d0b4d74929439799c943ec0b90fde5"}
,"E:\\CODE\\NFLPOOL\\nfl-atlas\\nfl-pool-app\\backend\\__tests__\\mockModels\\Pick.js": {"path":"E:\\CODE\\NFLPOOL\\nfl-atlas\\nfl-pool-app\\backend\\__tests__\\mockModels\\Pick.js","statementMap":{"0":{"start":{"line":1,"column":17},"end":{"line":1,"column":36}},"1":{"start":{"line":3,"column":19},"end":{"line":31,"column":2}},"2":{"start":{"line":33,"column":0},"end":{"line":33,"column":52}}},"fnMap":{},"branchMap":{},"s":{"0":2,"1":2,"2":2},"f":{},"b":{},"_coverageSchema":"1a1c01bbd47fc00a2c39e90264f33305004495a9","hash":"2bdd7b42842ef53bd63233b13fa6f4422070786c"}
,"E:\\CODE\\NFLPOOL\\nfl-atlas\\nfl-pool-app\\backend\\__tests__\\mockModels\\Request.js": {"path":"E:\\CODE\\NFLPOOL\\nfl-atlas\\nfl-pool-app\\backend\\__tests__\\mockModels\\Request.js","statementMap":{"0":{"start":{"line":1,"column":17},"end":{"line":1,"column":36}},"1":{"start":{"line":3,"column":22},"end":{"line":14,"column":2}},"2":{"start":{"line":16,"column":0},"end":{"line":16,"column":58}}},"fnMap":{},"branchMap":{},"s":{"0":1,"1":1,"2":1},"f":{},"b":{},"_coverageSchema":"1a1c01bbd47fc00a2c39e90264f33305004495a9","hash":"3e3ec3a68901ea462c012c20b9832a4bc289a6d7"}
,"E:\\CODE\\NFLPOOL\\nfl-atlas\\nfl-pool-app\\backend\\config\\rundownApi.js": {"path":"E:\\CODE\\NFLPOOL\\nfl-atlas\\nfl-pool-app\\backend\\config\\rundownApi.js","statementMap":{"0":{"start":{"line":2,"column":0},"end":{"line":19,"column":4}}},"fnMap":{},"branchMap":{},"s":{"0":5},"f":{},"b":{},"_coverageSchema":"1a1c01bbd47fc00a2c39e90264f33305004495a9","hash":"9e1a432b82cc2c98569b83f90d6cc0f7ac24ee4f"}
,"E:\\CODE\\NFLPOOL\\nfl-atlas\\nfl-pool-app\\backend\\config\\swaggerOptions.js": {"path":"E:\\CODE\\NFLPOOL\\nfl-atlas\\nfl-pool-app\\backend\\config\\swaggerOptions.js","statementMap":{"0":{"start":{"line":2,"column":21},"end":{"line":2,"column":45}},"1":{"start":{"line":4,"column":16},"end":{"line":407,"column":1}},"2":{"start":{"line":409,"column":20},"end":{"line":409,"column":41}},"3":{"start":{"line":411,"column":0},"end":{"line":411,"column":29}}},"fnMap":{},"branchMap":{"0":{"loc":{"start":{"line":14,"column":13},"end":{"line":16,"column":58}},"type":"cond-expr","locations":[{"start":{"line":15,"column":12},"end":{"line":15,"column":45}},{"start":{"line":16,"column":12},"end":{"line":16,"column":58}}],"line":14},"1":{"loc":{"start":{"line":16,"column":32},"end":{"line":16,"column":56}},"type":"binary-expr","locations":[{"start":{"line":16,"column":32},"end":{"line":16,"column":48}},{"start":{"line":16,"column":52},"end":{"line":16,"column":56}}],"line":16}},"s":{"0":1,"1":1,"2":1,"3":1},"f":{},"b":{"0":[0,1],"1":[1,0]},"_coverageSchema":"1a1c01bbd47fc00a2c39e90264f33305004495a9","hash":"f7b1c80db85d67a35b6f3ced0ed5bbf6498e1bf6"}
,"E:\\CODE\\NFLPOOL\\nfl-atlas\\nfl-pool-app\\backend\\controllers\\admin.js": {"path":"E:\\CODE\\NFLPOOL\\nfl-atlas\\nfl-pool-app\\backend\\controllers\\admin.js","statementMap":{"0":{"start":{"line":2,"column":13},"end":{"line":2,"column":38}},"1":{"start":{"line":3,"column":13},"end":{"line":3,"column":38}},"2":{"start":{"line":4,"column":21},"end":{"line":4,"column":51}},"3":{"start":{"line":5,"column":22},"end":{"line":5,"column":55}},"4":{"start":{"line":6,"column":22},"end":{"line":6,"column":58}},"5":{"start":{"line":11,"column":0},"end":{"line":17,"column":3}},"6":{"start":{"line":12,"column":16},"end":{"line":12,"column":33}},"7":{"start":{"line":13,"column":2},"end":{"line":16,"column":5}},"8":{"start":{"line":22,"column":0},"end":{"line":37,"column":3}},"9":{"start":{"line":23,"column":40},"end":{"line":23,"column":48}},"10":{"start":{"line":26,"column":2},"end":{"line":28,"column":3}},"11":{"start":{"line":27,"column":4},"end":{"line":27,"column":78}},"12":{"start":{"line":31,"column":15},"end":{"line":31,"column":63}},"13":{"start":{"line":33,"column":2},"end":{"line":36,"column":5}},"14":{"start":{"line":42,"column":0},"end":{"line":51,"column":3}},"15":{"start":{"line":43,"column":15},"end":{"line":43,"column":49}},"16":{"start":{"line":44,"column":2},"end":{"line":46,"column":3}},"17":{"start":{"line":45,"column":4},"end":{"line":45,"column":86}},"18":{"start":{"line":47,"column":2},"end":{"line":50,"column":5}},"19":{"start":{"line":56,"column":0},"end":{"line":82,"column":3}},"20":{"start":{"line":57,"column":45},"end":{"line":57,"column":53}},"21":{"start":{"line":59,"column":2},"end":{"line":61,"column":3}},"22":{"start":{"line":60,"column":4},"end":{"line":60,"column":88}},"23":{"start":{"line":63,"column":16},"end":{"line":63,"column":51}},"24":{"start":{"line":66,"column":2},"end":{"line":66,"column":51}},"25":{"start":{"line":66,"column":26},"end":{"line":66,"column":51}},"26":{"start":{"line":67,"column":2},"end":{"line":67,"column":57}},"27":{"start":{"line":67,"column":26},"end":{"line":67,"column":57}},"28":{"start":{"line":69,"column":15},"end":{"line":72,"column":4}},"29":{"start":{"line":74,"column":2},"end":{"line":76,"column":3}},"30":{"start":{"line":75,"column":4},"end":{"line":75,"column":122}},"31":{"start":{"line":78,"column":2},"end":{"line":81,"column":5}},"32":{"start":{"line":87,"column":0},"end":{"line":96,"column":3}},"33":{"start":{"line":88,"column":15},"end":{"line":88,"column":58}},"34":{"start":{"line":89,"column":2},"end":{"line":91,"column":3}},"35":{"start":{"line":90,"column":4},"end":{"line":90,"column":86}},"36":{"start":{"line":92,"column":2},"end":{"line":95,"column":5}},"37":{"start":{"line":101,"column":0},"end":{"line":109,"column":3}},"38":{"start":{"line":102,"column":16},"end":{"line":104,"column":3}},"39":{"start":{"line":105,"column":2},"end":{"line":108,"column":5}},"40":{"start":{"line":114,"column":0},"end":{"line":132,"column":3}},"41":{"start":{"line":115,"column":19},"end":{"line":115,"column":27}},"42":{"start":{"line":116,"column":2},"end":{"line":118,"column":3}},"43":{"start":{"line":117,"column":4},"end":{"line":117,"column":65}},"44":{"start":{"line":121,"column":2},"end":{"line":128,"column":3}},"45":{"start":{"line":122,"column":4},"end":{"line":122,"column":32}},"46":{"start":{"line":123,"column":4},"end":{"line":125,"column":5}},"47":{"start":{"line":124,"column":6},"end":{"line":124,"column":38}},"48":{"start":{"line":127,"column":4},"end":{"line":127,"column":71}},"49":{"start":{"line":130,"column":2},"end":{"line":130,"column":49}},"50":{"start":{"line":131,"column":2},"end":{"line":131,"column":85}},"51":{"start":{"line":137,"column":0},"end":{"line":154,"column":3}},"52":{"start":{"line":138,"column":19},"end":{"line":138,"column":27}},"53":{"start":{"line":139,"column":2},"end":{"line":141,"column":3}},"54":{"start":{"line":140,"column":4},"end":{"line":140,"column":71}},"55":{"start":{"line":142,"column":2},"end":{"line":153,"column":3}},"56":{"start":{"line":143,"column":29},"end":{"line":143,"column":85}},"57":{"start":{"line":144,"column":4},"end":{"line":144,"column":76}},"58":{"start":{"line":145,"column":4},"end":{"line":149,"column":7}},"59":{"start":{"line":151,"column":4},"end":{"line":151,"column":72}},"60":{"start":{"line":152,"column":4},"end":{"line":152,"column":69}},"61":{"start":{"line":159,"column":0},"end":{"line":166,"column":3}},"62":{"start":{"line":160,"column":26},"end":{"line":160,"column":34}},"63":{"start":{"line":161,"column":2},"end":{"line":163,"column":3}},"64":{"start":{"line":162,"column":4},"end":{"line":162,"column":71}},"65":{"start":{"line":164,"column":2},"end":{"line":164,"column":56}},"66":{"start":{"line":165,"column":2},"end":{"line":165,"column":87}},"67":{"start":{"line":171,"column":0},"end":{"line":185,"column":3}},"68":{"start":{"line":172,"column":15},"end":{"line":172,"column":49}},"69":{"start":{"line":174,"column":2},"end":{"line":176,"column":3}},"70":{"start":{"line":175,"column":4},"end":{"line":175,"column":86}},"71":{"start":{"line":178,"column":2},"end":{"line":178,"column":22}},"72":{"start":{"line":179,"column":2},"end":{"line":179,"column":49}},"73":{"start":{"line":181,"column":2},"end":{"line":184,"column":5}}},"fnMap":{"0":{"name":"(anonymous_0)","decl":{"start":{"line":11,"column":32},"end":{"line":11,"column":33}},"loc":{"start":{"line":11,"column":58},"end":{"line":17,"column":1}},"line":11},"1":{"name":"(anonymous_1)","decl":{"start":{"line":22,"column":34},"end":{"line":22,"column":35}},"loc":{"start":{"line":22,"column":60},"end":{"line":37,"column":1}},"line":22},"2":{"name":"(anonymous_2)","decl":{"start":{"line":42,"column":31},"end":{"line":42,"column":32}},"loc":{"start":{"line":42,"column":57},"end":{"line":51,"column":1}},"line":42},"3":{"name":"(anonymous_3)","decl":{"start":{"line":56,"column":41},"end":{"line":56,"column":42}},"loc":{"start":{"line":56,"column":67},"end":{"line":82,"column":1}},"line":56},"4":{"name":"(anonymous_4)","decl":{"start":{"line":87,"column":34},"end":{"line":87,"column":35}},"loc":{"start":{"line":87,"column":60},"end":{"line":96,"column":1}},"line":87},"5":{"name":"(anonymous_5)","decl":{"start":{"line":101,"column":35},"end":{"line":101,"column":36}},"loc":{"start":{"line":101,"column":61},"end":{"line":109,"column":1}},"line":101},"6":{"name":"(anonymous_6)","decl":{"start":{"line":114,"column":38},"end":{"line":114,"column":39}},"loc":{"start":{"line":114,"column":64},"end":{"line":132,"column":1}},"line":114},"7":{"name":"(anonymous_7)","decl":{"start":{"line":137,"column":44},"end":{"line":137,"column":45}},"loc":{"start":{"line":137,"column":70},"end":{"line":154,"column":1}},"line":137},"8":{"name":"(anonymous_8)","decl":{"start":{"line":159,"column":39},"end":{"line":159,"column":40}},"loc":{"start":{"line":159,"column":65},"end":{"line":166,"column":1}},"line":159},"9":{"name":"(anonymous_9)","decl":{"start":{"line":171,"column":44},"end":{"line":171,"column":45}},"loc":{"start":{"line":171,"column":70},"end":{"line":185,"column":1}},"line":171}},"branchMap":{"0":{"loc":{"start":{"line":26,"column":2},"end":{"line":28,"column":3}},"type":"if","locations":[{"start":{"line":26,"column":2},"end":{"line":28,"column":3}},{"start":{},"end":{}}],"line":26},"1":{"loc":{"start":{"line":26,"column":6},"end":{"line":26,"column":38}},"type":"binary-expr","locations":[{"start":{"line":26,"column":6},"end":{"line":26,"column":15}},{"start":{"line":26,"column":19},"end":{"line":26,"column":25}},{"start":{"line":26,"column":29},"end":{"line":26,"column":38}}],"line":26},"2":{"loc":{"start":{"line":44,"column":2},"end":{"line":46,"column":3}},"type":"if","locations":[{"start":{"line":44,"column":2},"end":{"line":46,"column":3}},{"start":{},"end":{}}],"line":44},"3":{"loc":{"start":{"line":59,"column":2},"end":{"line":61,"column":3}},"type":"if","locations":[{"start":{"line":59,"column":2},"end":{"line":61,"column":3}},{"start":{},"end":{}}],"line":59},"4":{"loc":{"start":{"line":59,"column":6},"end":{"line":59,"column":25}},"type":"binary-expr","locations":[{"start":{"line":59,"column":6},"end":{"line":59,"column":15}},{"start":{"line":59,"column":19},"end":{"line":59,"column":25}}],"line":59},"5":{"loc":{"start":{"line":63,"column":16},"end":{"line":63,"column":51}},"type":"cond-expr","locations":[{"start":{"line":63,"column":27},"end":{"line":63,"column":39}},{"start":{"line":63,"column":42},"end":{"line":63,"column":51}}],"line":63},"6":{"loc":{"start":{"line":66,"column":2},"end":{"line":66,"column":51}},"type":"if","locations":[{"start":{"line":66,"column":2},"end":{"line":66,"column":51}},{"start":{},"end":{}}],"line":66},"7":{"loc":{"start":{"line":66,"column":6},"end":{"line":66,"column":24}},"type":"binary-expr","locations":[{"start":{"line":66,"column":6},"end":{"line":66,"column":11}},{"start":{"line":66,"column":15},"end":{"line":66,"column":24}}],"line":66},"8":{"loc":{"start":{"line":67,"column":2},"end":{"line":67,"column":57}},"type":"if","locations":[{"start":{"line":67,"column":2},"end":{"line":67,"column":57}},{"start":{},"end":{}}],"line":67},"9":{"loc":{"start":{"line":67,"column":6},"end":{"line":67,"column":24}},"type":"binary-expr","locations":[{"start":{"line":67,"column":6},"end":{"line":67,"column":14}},{"start":{"line":67,"column":18},"end":{"line":67,"column":24}}],"line":67},"10":{"loc":{"start":{"line":74,"column":2},"end":{"line":76,"column":3}},"type":"if","locations":[{"start":{"line":74,"column":2},"end":{"line":76,"column":3}},{"start":{},"end":{}}],"line":74},"11":{"loc":{"start":{"line":75,"column":57},"end":{"line":75,"column":88}},"type":"cond-expr","locations":[{"start":{"line":75,"column":68},"end":{"line":75,"column":78}},{"start":{"line":75,"column":81},"end":{"line":75,"column":88}}],"line":75},"12":{"loc":{"start":{"line":75,"column":95},"end":{"line":75,"column":112}},"type":"binary-expr","locations":[{"start":{"line":75,"column":95},"end":{"line":75,"column":103}},{"start":{"line":75,"column":107},"end":{"line":75,"column":112}}],"line":75},"13":{"loc":{"start":{"line":89,"column":2},"end":{"line":91,"column":3}},"type":"if","locations":[{"start":{"line":89,"column":2},"end":{"line":91,"column":3}},{"start":{},"end":{}}],"line":89},"14":{"loc":{"start":{"line":116,"column":2},"end":{"line":118,"column":3}},"type":"if","locations":[{"start":{"line":116,"column":2},"end":{"line":118,"column":3}},{"start":{},"end":{}}],"line":116},"15":{"loc":{"start":{"line":123,"column":4},"end":{"line":125,"column":5}},"type":"if","locations":[{"start":{"line":123,"column":4},"end":{"line":125,"column":5}},{"start":{},"end":{}}],"line":123},"16":{"loc":{"start":{"line":139,"column":2},"end":{"line":141,"column":3}},"type":"if","locations":[{"start":{"line":139,"column":2},"end":{"line":141,"column":3}},{"start":{},"end":{}}],"line":139},"17":{"loc":{"start":{"line":139,"column":6},"end":{"line":139,"column":36}},"type":"binary-expr","locations":[{"start":{"line":139,"column":6},"end":{"line":139,"column":11}},{"start":{"line":139,"column":15},"end":{"line":139,"column":36}}],"line":139},"18":{"loc":{"start":{"line":161,"column":2},"end":{"line":163,"column":3}},"type":"if","locations":[{"start":{"line":161,"column":2},"end":{"line":163,"column":3}},{"start":{},"end":{}}],"line":161},"19":{"loc":{"start":{"line":161,"column":6},"end":{"line":161,"column":38}},"type":"binary-expr","locations":[{"start":{"line":161,"column":6},"end":{"line":161,"column":11}},{"start":{"line":161,"column":15},"end":{"line":161,"column":38}}],"line":161},"20":{"loc":{"start":{"line":174,"column":2},"end":{"line":176,"column":3}},"type":"if","locations":[{"start":{"line":174,"column":2},"end":{"line":176,"column":3}},{"start":{},"end":{}}],"line":174}},"s":{"0":1,"1":1,"2":1,"3":1,"4":1,"5":1,"6":0,"7":0,"8":1,"9":0,"10":0,"11":0,"12":0,"13":0,"14":1,"15":0,"16":0,"17":0,"18":0,"19":1,"20":0,"21":0,"22":0,"23":0,"24":0,"25":0,"26":0,"27":0,"28":0,"29":0,"30":0,"31":0,"32":1,"33":0,"34":0,"35":0,"36":0,"37":1,"38":0,"39":0,"40":1,"41":0,"42":0,"43":0,"44":0,"45":0,"46":0,"47":0,"48":0,"49":0,"50":0,"51":1,"52":0,"53":0,"54":0,"55":0,"56":0,"57":0,"58":0,"59":0,"60":0,"61":1,"62":0,"63":0,"64":0,"65":0,"66":0,"67":1,"68":0,"69":0,"70":0,"71":0,"72":0,"73":0},"f":{"0":0,"1":0,"2":0,"3":0,"4":0,"5":0,"6":0,"7":0,"8":0,"9":0},"b":{"0":[0,0],"1":[0,0,0],"2":[0,0],"3":[0,0],"4":[0,0],"5":[0,0],"6":[0,0],"7":[0,0],"8":[0,0],"9":[0,0],"10":[0,0],"11":[0,0],"12":[0,0],"13":[0,0],"14":[0,0],"15":[0,0],"16":[0,0],"17":[0,0],"18":[0,0],"19":[0,0],"20":[0,0]},"_coverageSchema":"1a1c01bbd47fc00a2c39e90264f33305004495a9","hash":"509951d45e89b6e3b7c309e039f51851a4cdf208"}
,"E:\\CODE\\NFLPOOL\\nfl-atlas\\nfl-pool-app\\backend\\controllers\\auth.js": {"path":"E:\\CODE\\NFLPOOL\\nfl-atlas\\nfl-pool-app\\backend\\controllers\\auth.js","statementMap":{"0":{"start":{"line":2,"column":13},"end":{"line":2,"column":38}},"1":{"start":{"line":3,"column":18},"end":{"line":3,"column":48}},"2":{"start":{"line":4,"column":21},"end":{"line":4,"column":51}},"3":{"start":{"line":5,"column":22},"end":{"line":5,"column":55}},"4":{"start":{"line":6,"column":18},"end":{"line":6,"column":47}},"5":{"start":{"line":7,"column":15},"end":{"line":7,"column":32}},"6":{"start":{"line":31,"column":0},"end":{"line":98,"column":3}},"7":{"start":{"line":32,"column":61},"end":{"line":32,"column":69}},"8":{"start":{"line":35,"column":2},"end":{"line":37,"column":3}},"9":{"start":{"line":36,"column":4},"end":{"line":36,"column":78}},"10":{"start":{"line":40,"column":23},"end":{"line":40,"column":52}},"11":{"start":{"line":41,"column":2},"end":{"line":43,"column":3}},"12":{"start":{"line":42,"column":4},"end":{"line":42,"column":79}},"13":{"start":{"line":46,"column":27},"end":{"line":46,"column":70}},"14":{"start":{"line":47,"column":2},"end":{"line":49,"column":3}},"15":{"start":{"line":48,"column":4},"end":{"line":48,"column":107}},"16":{"start":{"line":52,"column":28},"end":{"line":52,"column":66}},"17":{"start":{"line":55,"column":15},"end":{"line":63,"column":4}},"18":{"start":{"line":66,"column":22},"end":{"line":66,"column":99}},"19":{"start":{"line":67,"column":26},"end":{"line":67,"column":81}},"20":{"start":{"line":69,"column":2},"end":{"line":69,"column":52}},"21":{"start":{"line":72,"column":22},"end":{"line":76,"column":3}},"22":{"start":{"line":78,"column":2},"end":{"line":97,"column":3}},"23":{"start":{"line":79,"column":4},"end":{"line":83,"column":7}},"24":{"start":{"line":86,"column":4},"end":{"line":89,"column":7}},"25":{"start":{"line":91,"column":4},"end":{"line":91,"column":47}},"26":{"start":{"line":92,"column":4},"end":{"line":92,"column":39}},"27":{"start":{"line":93,"column":4},"end":{"line":93,"column":45}},"28":{"start":{"line":94,"column":4},"end":{"line":94,"column":51}},"29":{"start":{"line":96,"column":4},"end":{"line":96,"column":67}},"30":{"start":{"line":115,"column":0},"end":{"line":146,"column":3}},"31":{"start":{"line":116,"column":30},"end":{"line":116,"column":38}},"32":{"start":{"line":119,"column":2},"end":{"line":121,"column":3}},"33":{"start":{"line":120,"column":4},"end":{"line":120,"column":80}},"34":{"start":{"line":124,"column":15},"end":{"line":124,"column":64}},"35":{"start":{"line":126,"column":2},"end":{"line":128,"column":3}},"36":{"start":{"line":127,"column":4},"end":{"line":127,"column":63}},"37":{"start":{"line":131,"column":18},"end":{"line":131,"column":52}},"38":{"start":{"line":133,"column":2},"end":{"line":135,"column":3}},"39":{"start":{"line":134,"column":4},"end":{"line":134,"column":63}},"40":{"start":{"line":138,"column":2},"end":{"line":140,"column":3}},"41":{"start":{"line":139,"column":4},"end":{"line":139,"column":86}},"42":{"start":{"line":143,"column":2},"end":{"line":143,"column":79}},"43":{"start":{"line":145,"column":2},"end":{"line":145,"column":36}},"44":{"start":{"line":162,"column":0},"end":{"line":208,"column":3}},"45":{"start":{"line":163,"column":20},"end":{"line":163,"column":28}},"46":{"start":{"line":165,"column":15},"end":{"line":165,"column":44}},"47":{"start":{"line":167,"column":2},"end":{"line":169,"column":3}},"48":{"start":{"line":168,"column":4},"end":{"line":168,"column":76}},"49":{"start":{"line":171,"column":2},"end":{"line":173,"column":3}},"50":{"start":{"line":172,"column":4},"end":{"line":172,"column":74}},"51":{"start":{"line":176,"column":28},"end":{"line":176,"column":66}},"52":{"start":{"line":177,"column":2},"end":{"line":177,"column":45}},"53":{"start":{"line":178,"column":2},"end":{"line":178,"column":66}},"54":{"start":{"line":180,"column":2},"end":{"line":180,"column":49}},"55":{"start":{"line":183,"column":26},"end":{"line":183,"column":94}},"56":{"start":{"line":186,"column":22},"end":{"line":190,"column":3}},"57":{"start":{"line":192,"column":2},"end":{"line":207,"column":3}},"58":{"start":{"line":193,"column":4},"end":{"line":197,"column":7}},"59":{"start":{"line":199,"column":4},"end":{"line":199,"column":80}},"60":{"start":{"line":201,"column":4},"end":{"line":201,"column":47}},"61":{"start":{"line":202,"column":4},"end":{"line":202,"column":39}},"62":{"start":{"line":203,"column":4},"end":{"line":203,"column":45}},"63":{"start":{"line":204,"column":4},"end":{"line":204,"column":51}},"64":{"start":{"line":206,"column":4},"end":{"line":206,"column":67}},"65":{"start":{"line":218,"column":0},"end":{"line":230,"column":3}},"66":{"start":{"line":219,"column":16},"end":{"line":219,"column":55}},"67":{"start":{"line":222,"column":2},"end":{"line":222,"column":36}},"68":{"start":{"line":224,"column":2},"end":{"line":227,"column":5}},"69":{"start":{"line":229,"column":2},"end":{"line":229,"column":52}},"70":{"start":{"line":241,"column":0},"end":{"line":247,"column":3}},"71":{"start":{"line":242,"column":15},"end":{"line":242,"column":47}},"72":{"start":{"line":243,"column":2},"end":{"line":245,"column":3}},"73":{"start":{"line":244,"column":4},"end":{"line":244,"column":58}},"74":{"start":{"line":246,"column":2},"end":{"line":246,"column":54}},"75":{"start":{"line":262,"column":0},"end":{"line":333,"column":3}},"76":{"start":{"line":263,"column":15},"end":{"line":263,"column":60}},"77":{"start":{"line":265,"column":2},"end":{"line":267,"column":3}},"78":{"start":{"line":266,"column":4},"end":{"line":266,"column":76}},"79":{"start":{"line":270,"column":21},"end":{"line":270,"column":49}},"80":{"start":{"line":272,"column":2},"end":{"line":272,"column":49}},"81":{"start":{"line":275,"column":19},"end":{"line":275,"column":77}},"82":{"start":{"line":278,"column":22},"end":{"line":315,"column":3}},"83":{"start":{"line":317,"column":2},"end":{"line":332,"column":3}},"84":{"start":{"line":318,"column":4},"end":{"line":322,"column":7}},"85":{"start":{"line":324,"column":4},"end":{"line":324,"column":67}},"86":{"start":{"line":326,"column":4},"end":{"line":326,"column":47}},"87":{"start":{"line":327,"column":4},"end":{"line":327,"column":40}},"88":{"start":{"line":328,"column":4},"end":{"line":328,"column":41}},"89":{"start":{"line":329,"column":4},"end":{"line":329,"column":51}},"90":{"start":{"line":331,"column":4},"end":{"line":331,"column":67}},"91":{"start":{"line":348,"column":0},"end":{"line":377,"column":3}},"92":{"start":{"line":350,"column":29},"end":{"line":353,"column":18}},"93":{"start":{"line":355,"column":15},"end":{"line":358,"column":4}},"94":{"start":{"line":360,"column":2},"end":{"line":362,"column":3}},"95":{"start":{"line":361,"column":4},"end":{"line":361,"column":57}},"96":{"start":{"line":365,"column":2},"end":{"line":365,"column":36}},"97":{"start":{"line":366,"column":2},"end":{"line":366,"column":38}},"98":{"start":{"line":367,"column":2},"end":{"line":367,"column":39}},"99":{"start":{"line":370,"column":2},"end":{"line":370,"column":20}},"100":{"start":{"line":373,"column":2},"end":{"line":373,"column":40}},"101":{"start":{"line":376,"column":2},"end":{"line":376,"column":36}},"102":{"start":{"line":391,"column":0},"end":{"line":403,"column":3}},"103":{"start":{"line":392,"column":25},"end":{"line":395,"column":3}},"104":{"start":{"line":397,"column":15},"end":{"line":400,"column":4}},"105":{"start":{"line":402,"column":2},"end":{"line":402,"column":54}},"106":{"start":{"line":418,"column":0},"end":{"line":430,"column":3}},"107":{"start":{"line":419,"column":15},"end":{"line":419,"column":67}},"108":{"start":{"line":422,"column":2},"end":{"line":424,"column":3}},"109":{"start":{"line":423,"column":4},"end":{"line":423,"column":65}},"110":{"start":{"line":426,"column":2},"end":{"line":426,"column":39}},"111":{"start":{"line":427,"column":2},"end":{"line":427,"column":20}},"112":{"start":{"line":429,"column":2},"end":{"line":429,"column":36}},"113":{"start":{"line":443,"column":0},"end":{"line":473,"column":3}},"114":{"start":{"line":444,"column":20},"end":{"line":444,"column":30}},"115":{"start":{"line":447,"column":15},"end":{"line":450,"column":4}},"116":{"start":{"line":452,"column":2},"end":{"line":454,"column":3}},"117":{"start":{"line":453,"column":4},"end":{"line":453,"column":57}},"118":{"start":{"line":456,"column":2},"end":{"line":461,"column":3}},"119":{"start":{"line":457,"column":4},"end":{"line":460,"column":7}},"120":{"start":{"line":464,"column":2},"end":{"line":464,"column":30}},"121":{"start":{"line":465,"column":2},"end":{"line":465,"column":37}},"122":{"start":{"line":466,"column":2},"end":{"line":466,"column":43}},"123":{"start":{"line":467,"column":2},"end":{"line":467,"column":20}},"124":{"start":{"line":469,"column":2},"end":{"line":472,"column":5}},"125":{"start":{"line":489,"column":0},"end":{"line":535,"column":3}},"126":{"start":{"line":490,"column":20},"end":{"line":490,"column":28}},"127":{"start":{"line":492,"column":15},"end":{"line":492,"column":44}},"128":{"start":{"line":494,"column":2},"end":{"line":496,"column":3}},"129":{"start":{"line":495,"column":4},"end":{"line":495,"column":76}},"130":{"start":{"line":498,"column":2},"end":{"line":500,"column":3}},"131":{"start":{"line":499,"column":4},"end":{"line":499,"column":74}},"132":{"start":{"line":503,"column":28},"end":{"line":503,"column":66}},"133":{"start":{"line":504,"column":2},"end":{"line":504,"column":45}},"134":{"start":{"line":505,"column":2},"end":{"line":505,"column":66}},"135":{"start":{"line":507,"column":2},"end":{"line":507,"column":49}},"136":{"start":{"line":510,"column":26},"end":{"line":510,"column":94}},"137":{"start":{"line":513,"column":22},"end":{"line":517,"column":3}},"138":{"start":{"line":519,"column":2},"end":{"line":534,"column":3}},"139":{"start":{"line":520,"column":4},"end":{"line":524,"column":7}},"140":{"start":{"line":526,"column":4},"end":{"line":526,"column":80}},"141":{"start":{"line":528,"column":4},"end":{"line":528,"column":47}},"142":{"start":{"line":529,"column":4},"end":{"line":529,"column":39}},"143":{"start":{"line":530,"column":4},"end":{"line":530,"column":45}},"144":{"start":{"line":531,"column":4},"end":{"line":531,"column":51}},"145":{"start":{"line":533,"column":4},"end":{"line":533,"column":67}},"146":{"start":{"line":548,"column":26},"end":{"line":576,"column":1}},"147":{"start":{"line":549,"column":16},"end":{"line":549,"column":40}},"148":{"start":{"line":551,"column":18},"end":{"line":554,"column":3}},"149":{"start":{"line":556,"column":2},"end":{"line":558,"column":3}},"150":{"start":{"line":557,"column":4},"end":{"line":557,"column":26}},"151":{"start":{"line":560,"column":2},"end":{"line":575,"column":7}}},"fnMap":{"0":{"name":"(anonymous_0)","decl":{"start":{"line":31,"column":32},"end":{"line":31,"column":33}},"loc":{"start":{"line":31,"column":58},"end":{"line":98,"column":1}},"line":31},"1":{"name":"(anonymous_1)","decl":{"start":{"line":115,"column":29},"end":{"line":115,"column":30}},"loc":{"start":{"line":115,"column":55},"end":{"line":146,"column":1}},"line":115},"2":{"name":"(anonymous_2)","decl":{"start":{"line":162,"column":47},"end":{"line":162,"column":48}},"loc":{"start":{"line":162,"column":73},"end":{"line":208,"column":1}},"line":162},"3":{"name":"(anonymous_3)","decl":{"start":{"line":218,"column":30},"end":{"line":218,"column":31}},"loc":{"start":{"line":218,"column":56},"end":{"line":230,"column":1}},"line":218},"4":{"name":"(anonymous_4)","decl":{"start":{"line":241,"column":29},"end":{"line":241,"column":30}},"loc":{"start":{"line":241,"column":55},"end":{"line":247,"column":1}},"line":241},"5":{"name":"(anonymous_5)","decl":{"start":{"line":262,"column":38},"end":{"line":262,"column":39}},"loc":{"start":{"line":262,"column":64},"end":{"line":333,"column":1}},"line":262},"6":{"name":"(anonymous_6)","decl":{"start":{"line":348,"column":37},"end":{"line":348,"column":38}},"loc":{"start":{"line":348,"column":63},"end":{"line":377,"column":1}},"line":348},"7":{"name":"(anonymous_7)","decl":{"start":{"line":391,"column":37},"end":{"line":391,"column":38}},"loc":{"start":{"line":391,"column":63},"end":{"line":403,"column":1}},"line":391},"8":{"name":"(anonymous_8)","decl":{"start":{"line":418,"column":38},"end":{"line":418,"column":39}},"loc":{"start":{"line":418,"column":64},"end":{"line":430,"column":1}},"line":418},"9":{"name":"(anonymous_9)","decl":{"start":{"line":443,"column":35},"end":{"line":443,"column":36}},"loc":{"start":{"line":443,"column":61},"end":{"line":473,"column":1}},"line":443},"10":{"name":"(anonymous_10)","decl":{"start":{"line":489,"column":47},"end":{"line":489,"column":48}},"loc":{"start":{"line":489,"column":73},"end":{"line":535,"column":1}},"line":489},"11":{"name":"(anonymous_11)","decl":{"start":{"line":548,"column":26},"end":{"line":548,"column":27}},"loc":{"start":{"line":548,"column":53},"end":{"line":576,"column":1}},"line":548}},"branchMap":{"0":{"loc":{"start":{"line":35,"column":2},"end":{"line":37,"column":3}},"type":"if","locations":[{"start":{"line":35,"column":2},"end":{"line":37,"column":3}},{"start":{},"end":{}}],"line":35},"1":{"loc":{"start":{"line":35,"column":6},"end":{"line":35,"column":65}},"type":"binary-expr","locations":[{"start":{"line":35,"column":6},"end":{"line":35,"column":16}},{"start":{"line":35,"column":20},"end":{"line":35,"column":29}},{"start":{"line":35,"column":33},"end":{"line":35,"column":42}},{"start":{"line":35,"column":46},"end":{"line":35,"column":52}},{"start":{"line":35,"column":56},"end":{"line":35,"column":65}}],"line":35},"2":{"loc":{"start":{"line":41,"column":2},"end":{"line":43,"column":3}},"type":"if","locations":[{"start":{"line":41,"column":2},"end":{"line":43,"column":3}},{"start":{},"end":{}}],"line":41},"3":{"loc":{"start":{"line":47,"column":2},"end":{"line":49,"column":3}},"type":"if","locations":[{"start":{"line":47,"column":2},"end":{"line":49,"column":3}},{"start":{},"end":{}}],"line":47},"4":{"loc":{"start":{"line":66,"column":22},"end":{"line":66,"column":99}},"type":"binary-expr","locations":[{"start":{"line":66,"column":22},"end":{"line":66,"column":46}},{"start":{"line":66,"column":50},"end":{"line":66,"column":99}}],"line":66},"5":{"loc":{"start":{"line":119,"column":2},"end":{"line":121,"column":3}},"type":"if","locations":[{"start":{"line":119,"column":2},"end":{"line":121,"column":3}},{"start":{},"end":{}}],"line":119},"6":{"loc":{"start":{"line":119,"column":6},"end":{"line":119,"column":25}},"type":"binary-expr","locations":[{"start":{"line":119,"column":6},"end":{"line":119,"column":12}},{"start":{"line":119,"column":16},"end":{"line":119,"column":25}}],"line":119},"7":{"loc":{"start":{"line":126,"column":2},"end":{"line":128,"column":3}},"type":"if","locations":[{"start":{"line":126,"column":2},"end":{"line":128,"column":3}},{"start":{},"end":{}}],"line":126},"8":{"loc":{"start":{"line":133,"column":2},"end":{"line":135,"column":3}},"type":"if","locations":[{"start":{"line":133,"column":2},"end":{"line":135,"column":3}},{"start":{},"end":{}}],"line":133},"9":{"loc":{"start":{"line":138,"column":2},"end":{"line":140,"column":3}},"type":"if","locations":[{"start":{"line":138,"column":2},"end":{"line":140,"column":3}},{"start":{},"end":{}}],"line":138},"10":{"loc":{"start":{"line":167,"column":2},"end":{"line":169,"column":3}},"type":"if","locations":[{"start":{"line":167,"column":2},"end":{"line":169,"column":3}},{"start":{},"end":{}}],"line":167},"11":{"loc":{"start":{"line":171,"column":2},"end":{"line":173,"column":3}},"type":"if","locations":[{"start":{"line":171,"column":2},"end":{"line":173,"column":3}},{"start":{},"end":{}}],"line":171},"12":{"loc":{"start":{"line":243,"column":2},"end":{"line":245,"column":3}},"type":"if","locations":[{"start":{"line":243,"column":2},"end":{"line":245,"column":3}},{"start":{},"end":{}}],"line":243},"13":{"loc":{"start":{"line":265,"column":2},"end":{"line":267,"column":3}},"type":"if","locations":[{"start":{"line":265,"column":2},"end":{"line":267,"column":3}},{"start":{},"end":{}}],"line":265},"14":{"loc":{"start":{"line":300,"column":21},"end":{"line":300,"column":52}},"type":"binary-expr","locations":[{"start":{"line":300,"column":21},"end":{"line":300,"column":35}},{"start":{"line":300,"column":39},"end":{"line":300,"column":52}}],"line":300},"15":{"loc":{"start":{"line":360,"column":2},"end":{"line":362,"column":3}},"type":"if","locations":[{"start":{"line":360,"column":2},"end":{"line":362,"column":3}},{"start":{},"end":{}}],"line":360},"16":{"loc":{"start":{"line":422,"column":2},"end":{"line":424,"column":3}},"type":"if","locations":[{"start":{"line":422,"column":2},"end":{"line":424,"column":3}},{"start":{},"end":{}}],"line":422},"17":{"loc":{"start":{"line":452,"column":2},"end":{"line":454,"column":3}},"type":"if","locations":[{"start":{"line":452,"column":2},"end":{"line":454,"column":3}},{"start":{},"end":{}}],"line":452},"18":{"loc":{"start":{"line":456,"column":2},"end":{"line":461,"column":3}},"type":"if","locations":[{"start":{"line":456,"column":2},"end":{"line":461,"column":3}},{"start":{},"end":{}}],"line":456},"19":{"loc":{"start":{"line":494,"column":2},"end":{"line":496,"column":3}},"type":"if","locations":[{"start":{"line":494,"column":2},"end":{"line":496,"column":3}},{"start":{},"end":{}}],"line":494},"20":{"loc":{"start":{"line":498,"column":2},"end":{"line":500,"column":3}},"type":"if","locations":[{"start":{"line":498,"column":2},"end":{"line":500,"column":3}},{"start":{},"end":{}}],"line":498},"21":{"loc":{"start":{"line":556,"column":2},"end":{"line":558,"column":3}},"type":"if","locations":[{"start":{"line":556,"column":2},"end":{"line":558,"column":3}},{"start":{},"end":{}}],"line":556}},"s":{"0":1,"1":1,"2":1,"3":1,"4":1,"5":1,"6":1,"7":4,"8":4,"9":1,"10":3,"11":3,"12":1,"13":2,"14":2,"15":0,"16":2,"17":2,"18":1,"19":1,"20":1,"21":1,"22":1,"23":1,"24":1,"25":0,"26":0,"27":0,"28":0,"29":0,"30":1,"31":2,"32":2,"33":0,"34":2,"35":2,"36":0,"37":2,"38":2,"39":1,"40":1,"41":0,"42":1,"43":1,"44":1,"45":0,"46":0,"47":0,"48":0,"49":0,"50":0,"51":0,"52":0,"53":0,"54":0,"55":0,"56":0,"57":0,"58":0,"59":0,"60":0,"61":0,"62":0,"63":0,"64":0,"65":1,"66":1,"67":1,"68":1,"69":1,"70":1,"71":1,"72":1,"73":0,"74":1,"75":1,"76":2,"77":2,"78":1,"79":1,"80":1,"81":1,"82":1,"83":1,"84":1,"85":1,"86":0,"87":0,"88":0,"89":0,"90":0,"91":1,"92":1,"93":1,"94":1,"95":0,"96":1,"97":1,"98":1,"99":1,"100":1,"101":1,"102":1,"103":0,"104":0,"105":0,"106":1,"107":0,"108":0,"109":0,"110":0,"111":0,"112":0,"113":1,"114":2,"115":2,"116":2,"117":1,"118":1,"119":0,"120":1,"121":1,"122":1,"123":1,"124":1,"125":1,"126":3,"127":3,"128":3,"129":1,"130":2,"131":1,"132":1,"133":1,"134":1,"135":1,"136":1,"137":1,"138":1,"139":1,"140":1,"141":0,"142":0,"143":0,"144":0,"145":0,"146":1,"147":2,"148":2,"149":2,"150":0,"151":2},"f":{"0":4,"1":2,"2":0,"3":1,"4":1,"5":2,"6":1,"7":0,"8":0,"9":2,"10":3,"11":2},"b":{"0":[1,3],"1":[4,4,4,3,3],"2":[1,2],"3":[0,2],"4":[1,0],"5":[0,2],"6":[2,2],"7":[0,2],"8":[1,1],"9":[0,1],"10":[0,0],"11":[0,0],"12":[0,1],"13":[1,1],"14":[1,0],"15":[0,1],"16":[0,0],"17":[1,1],"18":[0,1],"19":[1,2],"20":[1,1],"21":[0,2]},"_coverageSchema":"1a1c01bbd47fc00a2c39e90264f33305004495a9","hash":"d171a0f681075b463f63d31321ae3dfe6d960071"}
,"E:\\CODE\\NFLPOOL\\nfl-atlas\\nfl-pool-app\\backend\\controllers\\blogs.js": {"path":"E:\\CODE\\NFLPOOL\\nfl-atlas\\nfl-pool-app\\backend\\controllers\\blogs.js","statementMap":{"0":{"start":{"line":2,"column":13},"end":{"line":2,"column":38}},"1":{"start":{"line":3,"column":16},"end":{"line":3,"column":44}},"2":{"start":{"line":4,"column":21},"end":{"line":4,"column":51}},"3":{"start":{"line":5,"column":22},"end":{"line":5,"column":55}},"4":{"start":{"line":10,"column":0},"end":{"line":30,"column":3}},"5":{"start":{"line":11,"column":15},"end":{"line":11,"column":48}},"6":{"start":{"line":12,"column":16},"end":{"line":12,"column":51}},"7":{"start":{"line":13,"column":21},"end":{"line":13,"column":39}},"8":{"start":{"line":15,"column":16},"end":{"line":19,"column":17}},"9":{"start":{"line":21,"column":16},"end":{"line":21,"column":43}},"10":{"start":{"line":23,"column":2},"end":{"line":29,"column":5}},"11":{"start":{"line":35,"column":0},"end":{"line":53,"column":3}},"12":{"start":{"line":36,"column":15},"end":{"line":42,"column":6}},"13":{"start":{"line":44,"column":2},"end":{"line":46,"column":3}},"14":{"start":{"line":45,"column":4},"end":{"line":45,"column":86}},"15":{"start":{"line":49,"column":2},"end":{"line":49,"column":18}},"16":{"start":{"line":50,"column":2},"end":{"line":50,"column":20}},"17":{"start":{"line":52,"column":2},"end":{"line":52,"column":54}},"18":{"start":{"line":58,"column":0},"end":{"line":73,"column":5}},"19":{"start":{"line":59,"column":41},"end":{"line":59,"column":49}},"20":{"start":{"line":61,"column":21},"end":{"line":65,"column":5}},"21":{"start":{"line":67,"column":4},"end":{"line":69,"column":5}},"22":{"start":{"line":68,"column":6},"end":{"line":68,"column":35}},"23":{"start":{"line":71,"column":17},"end":{"line":71,"column":44}},"24":{"start":{"line":72,"column":4},"end":{"line":72,"column":56}},"25":{"start":{"line":78,"column":2},"end":{"line":101,"column":5}},"26":{"start":{"line":79,"column":41},"end":{"line":79,"column":49}},"27":{"start":{"line":81,"column":15},"end":{"line":81,"column":49}},"28":{"start":{"line":82,"column":4},"end":{"line":84,"column":5}},"29":{"start":{"line":83,"column":6},"end":{"line":83,"column":88}},"30":{"start":{"line":86,"column":4},"end":{"line":88,"column":5}},"31":{"start":{"line":87,"column":6},"end":{"line":87,"column":108}},"32":{"start":{"line":90,"column":23},"end":{"line":90,"column":41}},"33":{"start":{"line":91,"column":4},"end":{"line":93,"column":5}},"34":{"start":{"line":92,"column":6},"end":{"line":92,"column":37}},"35":{"start":{"line":95,"column":4},"end":{"line":98,"column":7}},"36":{"start":{"line":100,"column":4},"end":{"line":100,"column":56}},"37":{"start":{"line":106,"column":0},"end":{"line":120,"column":3}},"38":{"start":{"line":107,"column":15},"end":{"line":107,"column":49}},"39":{"start":{"line":108,"column":2},"end":{"line":110,"column":3}},"40":{"start":{"line":109,"column":4},"end":{"line":109,"column":86}},"41":{"start":{"line":111,"column":2},"end":{"line":113,"column":3}},"42":{"start":{"line":112,"column":4},"end":{"line":112,"column":106}},"43":{"start":{"line":116,"column":2},"end":{"line":116,"column":52}},"44":{"start":{"line":118,"column":2},"end":{"line":118,"column":22}},"45":{"start":{"line":119,"column":2},"end":{"line":119,"column":52}},"46":{"start":{"line":125,"column":0},"end":{"line":143,"column":3}},"47":{"start":{"line":126,"column":15},"end":{"line":126,"column":49}},"48":{"start":{"line":127,"column":2},"end":{"line":129,"column":3}},"49":{"start":{"line":128,"column":4},"end":{"line":128,"column":86}},"50":{"start":{"line":131,"column":20},"end":{"line":131,"column":51}},"51":{"start":{"line":132,"column":2},"end":{"line":138,"column":3}},"52":{"start":{"line":134,"column":4},"end":{"line":134,"column":36}},"53":{"start":{"line":137,"column":4},"end":{"line":137,"column":33}},"54":{"start":{"line":140,"column":2},"end":{"line":140,"column":20}},"55":{"start":{"line":142,"column":2},"end":{"line":142,"column":54}},"56":{"start":{"line":148,"column":0},"end":{"line":155,"column":3}},"57":{"start":{"line":149,"column":24},"end":{"line":152,"column":13}},"58":{"start":{"line":154,"column":2},"end":{"line":154,"column":92}}},"fnMap":{"0":{"name":"(anonymous_0)","decl":{"start":{"line":10,"column":32},"end":{"line":10,"column":33}},"loc":{"start":{"line":10,"column":58},"end":{"line":30,"column":1}},"line":10},"1":{"name":"(anonymous_1)","decl":{"start":{"line":35,"column":31},"end":{"line":35,"column":32}},"loc":{"start":{"line":35,"column":57},"end":{"line":53,"column":1}},"line":35},"2":{"name":"(anonymous_2)","decl":{"start":{"line":58,"column":34},"end":{"line":58,"column":35}},"loc":{"start":{"line":58,"column":60},"end":{"line":73,"column":3}},"line":58},"3":{"name":"(anonymous_3)","decl":{"start":{"line":78,"column":36},"end":{"line":78,"column":37}},"loc":{"start":{"line":78,"column":62},"end":{"line":101,"column":3}},"line":78},"4":{"name":"(anonymous_4)","decl":{"start":{"line":106,"column":34},"end":{"line":106,"column":35}},"loc":{"start":{"line":106,"column":60},"end":{"line":120,"column":1}},"line":106},"5":{"name":"(anonymous_5)","decl":{"start":{"line":125,"column":32},"end":{"line":125,"column":33}},"loc":{"start":{"line":125,"column":58},"end":{"line":143,"column":1}},"line":125},"6":{"name":"(anonymous_6)","decl":{"start":{"line":148,"column":40},"end":{"line":148,"column":41}},"loc":{"start":{"line":148,"column":66},"end":{"line":155,"column":1}},"line":148}},"branchMap":{"0":{"loc":{"start":{"line":11,"column":15},"end":{"line":11,"column":48}},"type":"binary-expr","locations":[{"start":{"line":11,"column":15},"end":{"line":11,"column":43}},{"start":{"line":11,"column":47},"end":{"line":11,"column":48}}],"line":11},"1":{"loc":{"start":{"line":12,"column":16},"end":{"line":12,"column":51}},"type":"binary-expr","locations":[{"start":{"line":12,"column":16},"end":{"line":12,"column":45}},{"start":{"line":12,"column":49},"end":{"line":12,"column":51}}],"line":12},"2":{"loc":{"start":{"line":44,"column":2},"end":{"line":46,"column":3}},"type":"if","locations":[{"start":{"line":44,"column":2},"end":{"line":46,"column":3}},{"start":{},"end":{}}],"line":44},"3":{"loc":{"start":{"line":67,"column":4},"end":{"line":69,"column":5}},"type":"if","locations":[{"start":{"line":67,"column":4},"end":{"line":69,"column":5}},{"start":{},"end":{}}],"line":67},"4":{"loc":{"start":{"line":82,"column":4},"end":{"line":84,"column":5}},"type":"if","locations":[{"start":{"line":82,"column":4},"end":{"line":84,"column":5}},{"start":{},"end":{}}],"line":82},"5":{"loc":{"start":{"line":86,"column":4},"end":{"line":88,"column":5}},"type":"if","locations":[{"start":{"line":86,"column":4},"end":{"line":88,"column":5}},{"start":{},"end":{}}],"line":86},"6":{"loc":{"start":{"line":86,"column":8},"end":{"line":86,"column":75}},"type":"binary-expr","locations":[{"start":{"line":86,"column":8},"end":{"line":86,"column":46}},{"start":{"line":86,"column":50},"end":{"line":86,"column":75}}],"line":86},"7":{"loc":{"start":{"line":91,"column":4},"end":{"line":93,"column":5}},"type":"if","locations":[{"start":{"line":91,"column":4},"end":{"line":93,"column":5}},{"start":{},"end":{}}],"line":91},"8":{"loc":{"start":{"line":108,"column":2},"end":{"line":110,"column":3}},"type":"if","locations":[{"start":{"line":108,"column":2},"end":{"line":110,"column":3}},{"start":{},"end":{}}],"line":108},"9":{"loc":{"start":{"line":111,"column":2},"end":{"line":113,"column":3}},"type":"if","locations":[{"start":{"line":111,"column":2},"end":{"line":113,"column":3}},{"start":{},"end":{}}],"line":111},"10":{"loc":{"start":{"line":111,"column":6},"end":{"line":111,"column":73}},"type":"binary-expr","locations":[{"start":{"line":111,"column":6},"end":{"line":111,"column":44}},{"start":{"line":111,"column":48},"end":{"line":111,"column":73}}],"line":111},"11":{"loc":{"start":{"line":127,"column":2},"end":{"line":129,"column":3}},"type":"if","locations":[{"start":{"line":127,"column":2},"end":{"line":129,"column":3}},{"start":{},"end":{}}],"line":127},"12":{"loc":{"start":{"line":132,"column":2},"end":{"line":138,"column":3}},"type":"if","locations":[{"start":{"line":132,"column":2},"end":{"line":138,"column":3}},{"start":{"line":135,"column":9},"end":{"line":138,"column":3}}],"line":132}},"s":{"0":1,"1":1,"2":1,"3":1,"4":1,"5":0,"6":0,"7":0,"8":0,"9":0,"10":0,"11":1,"12":0,"13":0,"14":0,"15":0,"16":0,"17":0,"18":1,"19":0,"20":0,"21":0,"22":0,"23":0,"24":0,"25":1,"26":0,"27":0,"28":0,"29":0,"30":0,"31":0,"32":0,"33":0,"34":0,"35":0,"36":0,"37":1,"38":0,"39":0,"40":0,"41":0,"42":0,"43":0,"44":0,"45":0,"46":1,"47":0,"48":0,"49":0,"50":0,"51":0,"52":0,"53":0,"54":0,"55":0,"56":1,"57":0,"58":0},"f":{"0":0,"1":0,"2":0,"3":0,"4":0,"5":0,"6":0},"b":{"0":[0,0],"1":[0,0],"2":[0,0],"3":[0,0],"4":[0,0],"5":[0,0],"6":[0,0],"7":[0,0],"8":[0,0],"9":[0,0],"10":[0,0],"11":[0,0],"12":[0,0]},"_coverageSchema":"1a1c01bbd47fc00a2c39e90264f33305004495a9","hash":"0a1723d1e61beab0b1c1a6f6258e0d2ef3fd914c"}
,"E:\\CODE\\NFLPOOL\\nfl-atlas\\nfl-pool-app\\backend\\controllers\\commentController.js": {"path":"E:\\CODE\\NFLPOOL\\nfl-atlas\\nfl-pool-app\\backend\\controllers\\commentController.js","statementMap":{"0":{"start":{"line":1,"column":23},"end":{"line":1,"column":60}},"1":{"start":{"line":3,"column":0},"end":{"line":12,"column":2}},"2":{"start":{"line":4,"column":2},"end":{"line":11,"column":3}},"3":{"start":{"line":5,"column":23},"end":{"line":5,"column":33}},"4":{"start":{"line":6,"column":24},"end":{"line":6,"column":32}},"5":{"start":{"line":7,"column":20},"end":{"line":7,"column":84}},"6":{"start":{"line":8,"column":4},"end":{"line":8,"column":34}},"7":{"start":{"line":10,"column":4},"end":{"line":10,"column":53}},"8":{"start":{"line":14,"column":0},"end":{"line":23,"column":2}},"9":{"start":{"line":15,"column":2},"end":{"line":22,"column":3}},"10":{"start":{"line":16,"column":23},"end":{"line":16,"column":33}},"11":{"start":{"line":17,"column":21},"end":{"line":17,"column":81}},"12":{"start":{"line":18,"column":4},"end":{"line":18,"column":33}},"13":{"start":{"line":20,"column":4},"end":{"line":20,"column":53}},"14":{"start":{"line":21,"column":4},"end":{"line":21,"column":65}},"15":{"start":{"line":25,"column":0},"end":{"line":33,"column":2}},"16":{"start":{"line":26,"column":2},"end":{"line":32,"column":3}},"17":{"start":{"line":27,"column":26},"end":{"line":27,"column":36}},"18":{"start":{"line":28,"column":20},"end":{"line":28,"column":76}},"19":{"start":{"line":29,"column":4},"end":{"line":29,"column":22}},"20":{"start":{"line":31,"column":4},"end":{"line":31,"column":53}},"21":{"start":{"line":35,"column":0},"end":{"line":44,"column":2}},"22":{"start":{"line":36,"column":2},"end":{"line":43,"column":3}},"23":{"start":{"line":37,"column":26},"end":{"line":37,"column":36}},"24":{"start":{"line":38,"column":24},"end":{"line":38,"column":32}},"25":{"start":{"line":39,"column":20},"end":{"line":39,"column":85}},"26":{"start":{"line":40,"column":4},"end":{"line":40,"column":22}},"27":{"start":{"line":42,"column":4},"end":{"line":42,"column":53}},"28":{"start":{"line":46,"column":0},"end":{"line":54,"column":2}},"29":{"start":{"line":47,"column":2},"end":{"line":53,"column":3}},"30":{"start":{"line":48,"column":26},"end":{"line":48,"column":36}},"31":{"start":{"line":49,"column":4},"end":{"line":49,"column":63}},"32":{"start":{"line":50,"column":4},"end":{"line":50,"column":58}},"33":{"start":{"line":52,"column":4},"end":{"line":52,"column":53}},"34":{"start":{"line":56,"column":0},"end":{"line":64,"column":2}},"35":{"start":{"line":57,"column":2},"end":{"line":63,"column":3}},"36":{"start":{"line":58,"column":28},"end":{"line":58,"column":37}},"37":{"start":{"line":59,"column":19},"end":{"line":59,"column":68}},"38":{"start":{"line":60,"column":4},"end":{"line":60,"column":21}},"39":{"start"
[...]
5}},"17":{"start":{"line":88,"column":18},"end":{"line":88,"column":95}},"18":{"start":{"line":89,"column":23},"end":{"line":95,"column":8}},"19":{"start":{"line":97,"column":6},"end":{"line":151,"column":10}},"20":{"start":{"line":97,"column":47},"end":{"line":151,"column":7}},"21":{"start":{"line":121,"column":39},"end":{"line":127,"column":9}},"22":{"start":{"line":128,"column":61},"end":{"line":141,"column":9}},"23":{"start":{"line":153,"column":6},"end":{"line":153,"column":64}},"24":{"start":{"line":154,"column":6},"end":{"line":154,"column":18}},"25":{"start":{"line":159,"column":0},"end":{"line":159,"column":28}}},"fnMap":{"0":{"name":"(anonymous_0)","decl":{"start":{"line":14,"column":26},"end":{"line":14,"column":27}},"loc":{"start":{"line":14,"column":36},"end":{"line":20,"column":1}},"line":14},"1":{"name":"(anonymous_1)","decl":{"start":{"line":47,"column":20},"end":{"line":47,"column":21}},"loc":{"start":{"line":47,"column":53},"end":{"line":84,"column":3}},"line":47},"2":{"name":"(anonymous_2)","decl":{"start":{"line":57,"column":41},"end":{"line":57,"column":42}},"loc":{"start":{"line":57,"column":50},"end":{"line":79,"column":7}},"line":57},"3":{"name":"(anonymous_3)","decl":{"start":{"line":86,"column":18},"end":{"line":86,"column":19}},"loc":{"start":{"line":86,"column":34},"end":{"line":156,"column":3}},"line":86},"4":{"name":"(anonymous_4)","decl":{"start":{"line":97,"column":38},"end":{"line":97,"column":39}},"loc":{"start":{"line":97,"column":47},"end":{"line":151,"column":7}},"line":97},"5":{"name":"(anonymous_5)","decl":{"start":{"line":121,"column":30},"end":{"line":121,"column":31}},"loc":{"start":{"line":121,"column":39},"end":{"line":127,"column":9}},"line":121},"6":{"name":"(anonymous_6)","decl":{"start":{"line":128,"column":52},"end":{"line":128,"column":53}},"loc":{"start":{"line":128,"column":61},"end":{"line":141,"column":9}},"line":128}},"branchMap":{"0":{"loc":{"start":{"line":15,"column":2},"end":{"line":18,"column":3}},"type":"if","locations":[{"start":{"line":15,"column":2},"end":{"line":18,"column":3}},{"start":{},"end":{}}],"line":15},"1":{"loc":{"start":{"line":47,"column":37},"end":{"line":47,"column":48}},"type":"default-arg","locations":[{"start":{"line":47,"column":45},"end":{"line":47,"column":48}}],"line":47}},"s":{"0":5,"1":5,"2":5,"3":5,"4":2,"5":0,"6":2,"7":5,"8":5,"9":1,"10":1,"11":1,"12":1,"13":1,"14":0,"15":0,"16":1,"17":1,"18":1,"19":1,"20":1,"21":2,"22":2,"23":0,"24":0,"25":5},"f":{"0":2,"1":1,"2":1,"3":1,"4":1,"5":2,"6":2},"b":{"0":[0,2],"1":[1]},"_coverageSchema":"1a1c01bbd47fc00a2c39e90264f33305004495a9","hash":"1b46e3b5562c5087773ec97603209101ecca3be4"}
,"E:\\CODE\\NFLPOOL\\nfl-atlas\\nfl-pool-app\\backend\\services\\seasonService.js": {"path":"E:\\CODE\\NFLPOOL\\nfl-atlas\\nfl-pool-app\\backend\\services\\seasonService.js","statementMap":{"0":{"start":{"line":7,"column":13},"end":{"line":7,"column":38}},"1":{"start":{"line":8,"column":17},"end":{"line":8,"column":46}},"2":{"start":{"line":9,"column":19},"end":{"line":9,"column":49}},"3":{"start":{"line":10,"column":22},"end":{"line":10,"column":55}},"4":{"start":{"line":11,"column":15},"end":{"line":11,"column":41}},"5":{"start":{"line":19,"column":22},"end":{"line":25,"column":1}},"6":{"start":{"line":20,"column":2},"end":{"line":24,"column":4}},"7":{"start":{"line":32,"column":19},"end":{"line":35,"column":1}},"8":{"start":{"line":33,"column":18},"end":{"line":33,"column":49}},"9":{"start":{"line":34,"column":2},"end":{"line":34,"column":40}},"10":{"start":{"line":54,"column":25},"end":{"line":81,"column":1}},"11":{"start":{"line":56,"column":18},"end":{"line":56,"column":101}},"12":{"start":{"line":57,"column":24},"end":{"line":57,"column":83}},"13":{"start":{"line":58,"column":22},"end":{"line":58,"column":45}},"14":{"start":{"line":59,"column":2},"end":{"line":59,"column":82}},"15":{"start":{"line":61,"column":22},"end":{"line":61,"column":59}},"16":{"start":{"line":62,"column":20},"end":{"line":62,"column":41}},"17":{"start":{"line":64,"column":2},"end":{"line":64,"column":60}},"18":{"start":{"line":65,"column":2},"end":{"line":65,"column":56}},"19":{"start":{"line":67,"column":2},"end":{"line":70,"column":3}},"20":{"start":{"line":68,"column":4},"end":{"line":68,"column":47}},"21":{"start":{"line":69,"column":4},"end":{"line":69,"column":13}},"22":{"start":{"line":72,"column":19},"end":{"line":72,"column":62}},"23":{"start":{"line":73,"column":18},"end":{"line":73,"column":47}},"24":{"start":{"line":74,"column":21},"end":{"line":74,"column":48}},"25":{"start":{"line":76,"column":2},"end":{"line":76,"column":46}},"26":{"start":{"line":77,"column":2},"end":{"line":77,"column":44}},"27":{"start":{"line":78,"column":2},"end":{"line":78,"column":55}},"28":{"start":{"line":80,"column":2},"end":{"line":80,"column":20}},"29":{"start":{"line":87,"column":29},"end":{"line":90,"column":1}},"30":{"start":{"line":88,"column":22},"end":{"line":88,"column":32}},"31":{"start":{"line":89,"column":2},"end":{"line":89,"column":96}},"32":{"start":{"line":97,"column":26},"end":{"line":145,"column":1}},"33":{"start":{"line":98,"column":2},"end":{"line":98,"column":28}},"34":{"start":{"line":98,"column":16},"end":{"line":98,"column":28}},"35":{"start":{"line":100,"column":20},"end":{"line":100,"column":48}},"36":{"start":{"line":101,"column":25},"end":{"line":101,"column":82}},"37":{"start":{"line":103,"column":2},"end":{"line":144,"column":4}},"38":{"start":{"line":110,"column":53},"end":{"line":110,"column":62}},"39":{"start":{"line":111,"column":53},"end":{"line":111,"column":62}},"40":{"start":{"line":112,"column":50},"end":{"line":112,"column":59}},"41":{"start":{"line":113,"column":50},"end":{"line":113,"column":59}},"42":{"start":{"line":143,"column":100},"end":{"line":143,"column":109}},"43":{"start":{"line":143,"column":153},"end":{"line":143,"column":162}},"44":{"start":{"line":152,"column":29},"end":{"line":184,"column":1}},"45":{"start":{"line":153,"column":2},"end":{"line":155,"column":3}},"46":{"start":{"line":154,"column":4},"end":{"line":154,"column":56}},"47":{"start":{"line":157,"column":2},"end":{"line":183,"column":3}},"48":{"start":{"line":158,"column":22},"end":{"line":158,"column":83}},"49":{"start":{"line":159,"column":18},"end":{"line":159,"column":80}},"50":{"start":{"line":159,"column":66},"end":{"line":159,"column":79}},"51":{"start":{"line":161,"column":20},"end":{"line":167,"column":7}},"52":{"start":{"line":161,"column":39},"end":{"line":167,"column":5}},"53":{"start":{"line":169,"column":19},"end":{"line":169,"column":48}},"54":{"start":{"line":171,"column":4},"end":{"line":171,"column":52}},"55":{"start":{"line":172,"column":4},"end":{"line":172,"column":57}},"56":{"start":{"line":174,"column":4},"end":{"line":174,"column":141}},"57":{"start":{"line":175,"column":4},"end":{"line":175,"column":18}},"58":{"start":{"line":177,"column":4},"end":{"line":181,"column":5}},"59":{"start":{"line":178,"column":6},"end":{"line":178,"column":69}},"60":{"start":{"line":179,"column":11},"end":{"line":181,"column":5}},"61":{"start":{"line":180,"column":6},"end":{"line":180,"column":66}},"62":{"start":{"line":182,"column":4},"end":{"line":182,"column":16}},"63":{"start":{"line":190,"column":23},"end":{"line":211,"column":1}},"64":{"start":{"line":191,"column":2},"end":{"line":210,"column":3}},"65":{"start":{"line":192,"column":19},"end":{"line":192,"column":76}},"66":{"start":{"line":193,"column":18},"end":{"line":193,"column":77}},"67":{"start":{"line":193,"column":63},"end":{"line":193,"column":76}},"68":{"start":{"line":195,"column":20},"end":{"line":201,"column":7}},"69":{"start":{"line":195,"column":39},"end":{"line":201,"column":5}},"70":{"start":{"line":203,"column":19},"end":{"line":203,"column":48}},"71":{"start":{"line":204,"column":4},"end":{"line":204,"column":52}},"72":{"start":{"line":206,"column":4},"end":{"line":206,"column":104}},"73":{"start":{"line":208,"column":4},"end":{"line":208,"column":53}},"74":{"start":{"line":209,"column":4},"end":{"line":209,"column":61}},"75":{"start":{"line":219,"column":23},"end":{"line":229,"column":1}},"76":{"start":{"line":220,"column":2},"end":{"line":228,"column":3}},"77":{"start":{"line":221,"column":4},"end":{"line":224,"column":26}},"78":{"start":{"line":226,"column":4},"end":{"line":226,"column":97}},"79":{"start":{"line":227,"column":4},"end":{"line":227,"column":16}},"80":{"start":{"line":235,"column":28},"end":{"line":240,"column":1}},"81":{"start":{"line":236,"column":22},"end":{"line":236,"column":32}},"82":{"start":{"line":237,"column":21},"end":{"line":237,"column":43}},"83":{"start":{"line":238,"column":22},"end":{"line":238,"column":63}},"84":{"start":{"line":239,"column":2},"end":{"line":239,"column":49}},"85":{"start":{"line":243,"column":26},"end":{"line":247,"column":1}},"86":{"start":{"line":244,"column":22},"end":{"line":244,"column":32}},"87":{"start":{"line":245,"column":21},"end":{"line":245,"column":43}},"88":{"start":{"line":246,"column":2},"end":{"line":246,"column":51}},"89":{"start":{"line":249,"column":0},"end":{"line":259,"column":2}}},"fnMap":{"0":{"name":"(anonymous_0)","decl":{"start":{"line":19,"column":22},"end":{"line":19,"column":23}},"loc":{"start":{"line":19,"column":44},"end":{"line":25,"column":1}},"line":19},"1":{"name":"(anonymous_1)","decl":{"start":{"line":32,"column":19},"end":{"line":32,"column":20}},"loc":{"start":{"line":32,"column":34},"end":{"line":35,"column":1}},"line":32},"2":{"name":"(anonymous_2)","decl":{"start":{"line":54,"column":25},"end":{"line":54,"column":26}},"loc":{"start":{"line":54,"column":47},"end":{"line":81,"column":1}},"line":54},"3":{"name":"(anonymous_3)","decl":{"start":{"line":87,"column":29},"end":{"line":87,"column":30}},"loc":{"start":{"line":87,"column":35},"end":{"line":90,"column":1}},"line":87},"4":{"name":"(anonymous_4)","decl":{"start":{"line":97,"column":26},"end":{"line":97,"column":27}},"loc":{"start":{"line":97,"column":39},"end":{"line":145,"column":1}},"line":97},"5":{"name":"(anonymous_5)","decl":{"start":{"line":110,"column":48},"end":{"line":110,"column":49}},"loc":{"start":{"line":110,"column":53},"end":{"line":110,"column":62}},"line":110},"6":{"name":"(anonymous_6)","decl":{"start":{"line":111,"column":48},"end":{"line":111,"column":49}},"loc":{"start":{"line":111,"column":53},"end":{"line":111,"column":62}},"line":111},"7":{"name":"(anonymous_7)","decl":{"start":{"line":112,"column":45},"end":{"line":112,"column":46}},"loc":{"start":{"line":112,"column":50},"end":{"line":112,"column":59}},"line":112},"8":{"name":"(anonymous_8)","decl":{"start":{"line":113,"column":45},"end":{"line":113,"column":46}},"loc":{"start":{"line":113,"column":50},"end":{"line":113,"column":59}},"line":113},"9":{"name":"(anonymous_9)","decl":{"start":{"line":143,"column":95},"end":{"line":143,"column":96}},"loc":{"start":{"line":143,"column":100},"end":{"line":143,"column":109}},"line":143},"10":{"name":"(anonymous_10)","decl":{"start":{"line":143,"column":148},"end":{"line":143,"column":149}},"loc":{"start":{"line":143,"column":153},"end":{"line":143,"column":162}},"line":143},"11":{"name":"(anonymous_11)","decl":{"start":{"line":152,"column":29},"end":{"line":152,"column":30}},"loc":{"start":{"line":152,"column":51},"end":{"line":184,"column":1}},"line":152},"12":{"name":"(anonymous_12)","decl":{"start":{"line":159,"column":58},"end":{"line":159,"column":59}},"loc":{"start":{"line":159,"column":66},"end":{"line":159,"column":79}},"line":159},"13":{"name":"(anonymous_13)","decl":{"start":{"line":161,"column":30},"end":{"line":161,"column":31}},"loc":{"start":{"line":161,"column":39},"end":{"line":167,"column":5}},"line":161},"14":{"name":"(anonymous_14)","decl":{"start":{"line":190,"column":23},"end":{"line":190,"column":24}},"loc":{"start":{"line":190,"column":35},"end":{"line":211,"column":1}},"line":190},"15":{"name":"(anonymous_15)","decl":{"start":{"line":193,"column":55},"end":{"line":193,"column":56}},"loc":{"start":{"line":193,"column":63},"end":{"line":193,"column":76}},"line":193},"16":{"name":"(anonymous_16)","decl":{"start":{"line":195,"column":30},"end":{"line":195,"column":31}},"loc":{"start":{"line":195,"column":39},"end":{"line":201,"column":5}},"line":195},"17":{"name":"(anonymous_17)","decl":{"start":{"line":219,"column":23},"end":{"line":219,"column":24}},"loc":{"start":{"line":219,"column":57},"end":{"line":229,"column":1}},"line":219},"18":{"name":"(anonymous_18)","decl":{"start":{"line":235,"column":28},"end":{"line":235,"column":29}},"loc":{"start":{"line":235,"column":40},"end":{"line":240,"column":1}},"line":235},"19":{"name":"(anonymous_19)","decl":{"start":{"line":243,"column":26},"end":{"line":243,"column":27}},"loc":{"start":{"line":243,"column":38},"end":{"line":247,"column":1}},"line":243}},"branchMap":{"0":{"loc":{"start":{"line":34,"column":9},"end":{"line":34,"column":39}},"type":"cond-expr","locations":[{"start":{"line":34,"column":19},"end":{"line":34,"column":32}},{"start":{"line":34,"column":35},"end":{"line":34,"column":39}}],"line":34},"1":{"loc":{"start":{"line":67,"column":2},"end":{"line":70,"column":3}},"type":"if","locations":[{"start":{"line":67,"column":2},"end":{"line":70,"column":3}},{"start":{},"end":{}}],"line":67},"2":{"loc":{"start":{"line":89,"column":9},"end":{"line":89,"column":95}},"type":"cond-expr","locations":[{"start":{"line":89,"column":38},"end":{"line":89,"column":67}},{"start":{"line":89,"column":70},"end":{"line":89,"column":95}}],"line":89},"3":{"loc":{"start":{"line":98,"column":2},"end":{"line":98,"column":28}},"type":"if","locations":[{"start":{"line":98,"column":2},"end":{"line":98,"column":28}},{"start":{},"end":{}}],"line":98},"4":{"loc":{"start":{"line":143,"column":18},"end":{"line":143,"column":168}},"type":"cond-expr","locations":[{"start":{"line":143,"column":65},"end":{"line":143,"column":115}},{"start":{"line":143,"column":118},"end":{"line":143,"column":168}}],"line":143},"5":{"loc":{"start":{"line":153,"column":2},"end":{"line":155,"column":3}},"type":"if","locations":[{"start":{"line":153,"column":2},"end":{"line":155,"column":3}},{"start":{},"end":{}}],"line":153},"6":{"loc":{"start":{"line":153,"column":6},"end":{"line":153,"column":77}},"type":"binary-expr","locations":[{"start":{"line":153,"column":6},"end":{"line":153,"column":35}},{"start":{"line":153,"column":39},"end":{"line":153,"column":56}},{"start":{"line":153,"column":60},"end":{"line":153,"column":77}}],"line":153},"7":{"loc":{"start":{"line":177,"column":4},"end":{"line":181,"column":5}},"type":"if","locations":[{"start":{"line":177,"column":4},"end":{"line":181,"column":5}},{"start":{"line":179,"column":11},"end":{"line":181,"column":5}}],"line":177},"8":{"loc":{"start":{"line":179,"column":11},"end":{"line":181,"column":5}},"type":"if","locations":[{"start":{"line":179,"column":11},"end":{"line":181,"column":5}},{"start":{},"end":{}}],"line":179}},"s":{"0":3,"1":3,"2":3,"3":3,"4":3,"5":3,"6":4,"7":3,"8":1,"9":1,"10":3,"11":11,"12":11,"13":11,"14":11,"15":11,"16":11,"17":11,"18":11,"19":11,"20":2,"21":2,"22":9,"23":9,"24":9,"25":9,"26":9,"27":9,"28":9,"29":3,"30":3,"31":3,"32":3,"33":2,"34":0,"35":2,"36":2,"37":2,"38":2,"39":4,"40":2,"41":4,"42":0,"43":4,"44":3,"45":1,"46":0,"47":1,"48":1,"49":1,"50":1,"51":1,"52":1,"53":1,"54":1,"55":1,"56":1,"57":1,"58":0,"59":0,"60":0,"61":0,"62":0,"63":3,"64":1,"65":1,"66":1,"67":1,"68":1,"69":1,"70":1,"71":1,"72":1,"73":0,"74":0,"75":3,"76":2,"77":2,"78":0,"79":0,"80":3,"81":1,"82":1,"83":1,"84":1,"85":3,"86":1,"87":1,"88":1,"89":3},"f":{"0":4,"1":1,"2":11,"3":3,"4":2,"5":2,"6":4,"7":2,"8":4,"9":0,"10":4,"11":1,"12":1,"13":1,"14":1,"15":1,"16":1,"17":2,"18":1,"19":1},"b":{"0":[1,0],"1":[2,9],"2":[0,3],"3":[0,2],"4":[0,2],"5":[0,1],"6":[1,1,1],"7":[0,0],"8":[0,0]},"_coverageSchema":"1a1c01bbd47fc00a2c39e90264f33305004495a9","hash":"d8a033fe928a8e70b6d807279c2aa35219f1a5ed"}
,"E:\\CODE\\NFLPOOL\\nfl-atlas\\nfl-pool-app\\backend\\utils\\errorResponse.js": {"path":"E:\\CODE\\NFLPOOL\\nfl-atlas\\nfl-pool-app\\backend\\utils\\errorResponse.js","statementMap":{"0":{"start":{"line":18,"column":4},"end":{"line":18,"column":19}},"1":{"start":{"line":19,"column":4},"end":{"line":19,"column":33}},"2":{"start":{"line":23,"column":0},"end":{"line":23,"column":31}}},"fnMap":{"0":{"name":"(anonymous_0)","decl":{"start":{"line":17,"column":2},"end":{"line":17,"column":3}},"loc":{"start":{"line":17,"column":35},"end":{"line":20,"column":3}},"line":17}},"branchMap":{},"s":{"0":39,"1":39,"2":8},"f":{"0":39},"b":{},"_coverageSchema":"1a1c01bbd47fc00a2c39e90264f33305004495a9","hash":"479371f9950ab35aef05e06219bf03dcda687fb8"}
,"E:\\CODE\\NFLPOOL\\nfl-atlas\\nfl-pool-app\\backend\\utils\\logger.js": {"path":"E:\\CODE\\NFLPOOL\\nfl-atlas\\nfl-pool-app\\backend\\utils\\logger.js","statementMap":{"0":{"start":{"line":5,"column":16},"end":{"line":5,"column":34}},"1":{"start":{"line":11,"column":15},"end":{"line":21,"column":2}},"2":{"start":{"line":23,"column":0},"end":{"line":27,"column":1}},"3":{"start":{"line":24,"column":2},"end":{"line":26,"column":6}},"4":{"start":{"line":29,"column":0},"end":{"line":29,"column":24}}},"fnMap":{},"branchMap":{"0":{"loc":{"start":{"line":23,"column":0},"end":{"line":27,"column":1}},"type":"if","locations":[{"start":{"line":23,"column":0},"end":{"line":27,"column":1}},{"start":{},"end":{}}],"line":23}},"s":{"0":8,"1":8,"2":8,"3":8,"4":8},"f":{},"b":{"0":[8,0]},"_coverageSchema":"1a1c01bbd47fc00a2c39e90264f33305004495a9","hash":"d7738ccbd0cc2f4e554738a49f7ccc8cb3b2f1c4"}
,"E:\\CODE\\NFLPOOL\\nfl-atlas\\nfl-pool-app\\backend\\utils\\sendEmail.js": {"path":"E:\\CODE\\NFLPOOL\\nfl-atlas\\nfl-pool-app\\backend\\utils\\sendEmail.js","statementMap":{"0":{"start":{"line":2,"column":19},"end":{"line":2,"column":40}},"1":{"start":{"line":16,"column":18},"end":{"line":43,"column":1}},"2":{"start":{"line":17,"column":22},"end":{"line":25,"column":4}},"3":{"start":{"line":27,"column":18},"end":{"line":33,"column":3}},"4":{"start":{"line":35,"column":2},"end":{"line":42,"column":3}},"5":{"start":{"line":36,"column":17},"end":{"line":36,"column":52}},"6":{"start":{"line":37,"column":4},"end":{"line":37,"column":52}},"7":{"start":{"line":38,"column":4},"end":{"line":38,"column":16}},"8":{"start":{"line":40,"column":4},"end":{"line":40,"column":49}},"9":{"start":{"line":41,"column":4},"end":{"line":41,"column":16}},"10":{"start":{"line":45,"column":0},"end":{"line":45,"column":27}}},"fnMap":{"0":{"name":"(anonymous_0)","decl":{"start":{"line":16,"column":18},"end":{"line":16,"column":19}},"loc":{"start":{"line":16,"column":37},"end":{"line":43,"column":1}},"line":16}},"branchMap":{"0":{"loc":{"start":{"line":31,"column":10},"end":{"line":31,"column":62}},"type":"binary-expr","locations":[{"start":{"line":31,"column":10},"end":{"line":31,"column":22}},{"start":{"line":31,"column":26},"end":{"line":31,"column":62}}],"line":31}},"s":{"0":1,"1":1,"2":0,"3":0,"4":0,"5":0,"6":0,"7":0,"8":0,"9":0,"10":1},"f":{"0":0},"b":{"0":[0,0]},"_coverageSchema":"1a1c01bbd47fc00a2c39e90264f33305004495a9","hash":"5f65e6534cbfe0f0bc2e9f0fc1561071b48ed622"}
,"E:\\CODE\\NFLPOOL\\nfl-atlas\\nfl-pool-app\\backend\\utils\\testLogger.js": {"path":"E:\\CODE\\NFLPOOL\\nfl-atlas\\nfl-pool-app\\backend\\utils\\testLogger.js","statementMap":{"0":{"start":{"line":5,"column":16},"end":{"line":5,"column":34}},"1":{"start":{"line":6,"column":13},"end":{"line":6,"column":28}},"2":{"start":{"line":12,"column":19},"end":{"line":28,"column":2}},"3":{"start":{"line":30,"column":0},"end":{"line":30,"column":28}}},"fnMap":{},"branchMap":{"0":{"loc":{"start":{"line":13,"column":9},"end":{"line":13,"column":59}},"type":"cond-expr","locations":[{"start":{"line":13,"column":43},"end":{"line":13,"column":50}},{"start":{"line":13,"column":53},"end":{"line":13,"column":59}}],"line":13}},"s":{"0":2,"1":2,"2":2,"3":2},"f":{},"b":{"0":[2,0]},"_coverageSchema":"1a1c01bbd47fc00a2c39e90264f33305004495a9","hash":"15763d592327178f073186bb335e6793b4c2bd5a"}
}
