{"E:\\CODE\\NFLPOOL\\nfl-atlas\\nfl-pool-app\\backend\\__tests__\\mockDataFactory.js": {"path":"E:\\CODE\\NFLPOOL\\nfl-atlas\\nfl-pool-app\\backend\\__tests__\\mockDataFactory.js","statementMap":{"0":{"start":{"line":1,"column":18},"end":{"line":1,"column":44}},"1":{"start":{"line":2,"column":17},"end":{"line":2,"column":36}},"2":{"start":{"line":3,"column":15},"end":{"line":3,"column":32}},"3":{"start":{"line":6,"column":23},"end":{"line":6,"column":58}},"4":{"start":{"line":6,"column":29},"end":{"line":6,"column":58}},"5":{"start":{"line":8,"column":19},"end":{"line":32,"column":1}},"6":{"start":{"line":9,"column":20},"end":{"line":9,"column":44}},"7":{"start":{"line":10,"column":19},"end":{"line":10,"column":42}},"8":{"start":{"line":11,"column":17},"end":{"line":11,"column":65}},"9":{"start":{"line":12,"column":2},"end":{"line":12,"column":39}},"10":{"start":{"line":13,"column":16},"end":{"line":13,"column":61}},"11":{"start":{"line":14,"column":28},"end":{"line":14,"column":66}},"12":{"start":{"line":16,"column":2},"end":{"line":31,"column":4}},"13":{"start":{"line":34,"column":20},"end":{"line":38,"column":2}},"14":{"start":{"line":34,"column":41},"end":{"line":38,"column":1}},"15":{"start":{"line":40,"column":22},"end":{"line":49,"column":2}},"16":{"start":{"line":40,"column":59},"end":{"line":49,"column":1}},"17":{"start":{"line":51,"column":19},"end":{"line":67,"column":4}},"18":{"start":{"line":51,"column":51},"end":{"line":67,"column":3}},"19":{"start":{"line":69,"column":20},"end":{"line":76,"column":2}},"20":{"start":{"line":69,"column":68},"end":{"line":76,"column":1}},"21":{"start":{"line":78,"column":19},"end":{"line":86,"column":4}},"22":{"start":{"line":78,"column":49},"end":{"line":86,"column":3}},"23":{"start":{"line":88,"column":19},"end":{"line":133,"column":2}},"24":{"start":{"line":88,"column":40},"end":{"line":133,"column":1}},"25":{"start":{"line":104,"column":58},"end":{"line":104,"column":95}},"26":{"start":{"line":105,"column":58},"end":{"line":105,"column":95}},"27":{"start":{"line":135,"column":0},"end":{"line":144,"column":2}}},"fnMap":{"0":{"name":"(anonymous_0)","decl":{"start":{"line":6,"column":23},"end":{"line":6,"column":24}},"loc":{"start":{"line":6,"column":29},"end":{"line":6,"column":58}},"line":6},"1":{"name":"(anonymous_1)","decl":{"start":{"line":8,"column":19},"end":{"line":8,"column":20}},"loc":{"start":{"line":8,"column":39},"end":{"line":32,"column":1}},"line":8},"2":{"name":"(anonymous_2)","decl":{"start":{"line":34,"column":20},"end":{"line":34,"column":21}},"loc":{"start":{"line":34,"column":41},"end":{"line":38,"column":1}},"line":34},"3":{"name":"(anonymous_3)","decl":{"start":{"line":40,"column":22},"end":{"line":40,"column":23}},"loc":{"start":{"line":40,"column":59},"end":{"line":49,"column":1}},"line":40},"4":{"name":"(anonymous_4)","decl":{"start":{"line":51,"column":19},"end":{"line":51,"column":20}},"loc":{"start":{"line":51,"column":51},"end":{"line":67,"column":3}},"line":51},"5":{"name":"(anonymous_5)","decl":{"start":{"line":69,"column":20},"end":{"line":69,"column":21}},"loc":{"start":{"line":69,"column":68},"end":{"line":76,"column":1}},"line":69},"6":{"name":"(anonymous_6)","decl":{"start":{"line":78,"column":19},"end":{"line":78,"column":20}},"loc":{"start":{"line":78,"column":49},"end":{"line":86,"column":3}},"line":78},"7":{"name":"(anonymous_7)","decl":{"start":{"line":88,"column":19},"end":{"line":88,"column":20}},"loc":{"start":{"line":88,"column":40},"end":{"line":133,"column":1}},"line":88},"8":{"name":"(anonymous_8)","decl":{"start":{"line":104,"column":52},"end":{"line":104,"column":53}},"loc":{"start":{"line":104,"column":58},"end":{"line":104,"column":95}},"line":104},"9":{"name":"(anonymous_9)","decl":{"start":{"line":105,"column":52},"end":{"line":105,"column":53}},"loc":{"start":{"line":105,"column":58},"end":{"line":105,"column":95}},"line":105}},"branchMap":{"0":{"loc":{"start":{"line":8,"column":20},"end":{"line":8,"column":34}},"type":"default-arg","locations":[{"start":{"line":8,"column":32},"end":{"line":8,"column":34}}],"line":8},"1":{"loc":{"start":{"line":27,"column":24},"end":{"line":27,"column":101}},"type":"cond-expr","locations":[{"start":{"line":27,"column":51},"end":{"line":27,"column":89}},{"start":{"line":27,"column":92},"end":{"line":27,"column":101}}],"line":27},"2":{"loc":{"start":{"line":28,"column":25},"end":{"line":28,"column":83}},"type":"cond-expr","locations":[{"start":{"line":28,"column":52},"end":{"line":28,"column":71}},{"start":{"line":28,"column":74},"end":{"line":28,"column":83}}],"line":28},"3":{"loc":{"start":{"line":34,"column":21},"end":{"line":34,"column":35}},"type":"default-arg","locations":[{"start":{"line":34,"column":33},"end":{"line":34,"column":35}}],"line":34},"4":{"loc":{"start":{"line":40,"column":39},"end":{"line":40,"column":53}},"type":"default-arg","locations":[{"start":{"line":40,"column":51},"end":{"line":40,"column":53}}],"line":40},"5":{"loc":{"start":{"line":42,"column":8},"end":{"line":42,"column":34}},"type":"binary-expr","locations":[{"start":{"line":42,"column":8},"end":{"line":42,"column":14}},{"start":{"line":42,"column":18},"end":{"line":42,"column":34}}],"line":42},"6":{"loc":{"start":{"line":43,"column":8},"end":{"line":43,"column":34}},"type":"binary-expr","locations":[{"start":{"line":43,"column":8},"end":{"line":43,"column":14}},{"start":{"line":43,"column":18},"end":{"line":43,"column":34}}],"line":43},"7":{"loc":{"start":{"line":51,"column":31},"end":{"line":51,"column":45}},"type":"default-arg","locations":[{"start":{"line":51,"column":43},"end":{"line":51,"column":45}}],"line":51},"8":{"loc":{"start":{"line":58,"column":13},"end":{"line":58,"column":42}},"type":"binary-expr","locations":[{"start":{"line":58,"column":13},"end":{"line":58,"column":22}},{"start":{"line":58,"column":26},"end":{"line":58,"column":42}}],"line":58},"9":{"loc":{"start":{"line":69,"column":48},"end":{"line":69,"column":62}},"type":"default-arg","locations":[{"start":{"line":69,"column":60},"end":{"line":69,"column":62}}],"line":69},"10":{"loc":{"start":{"line":78,"column":29},"end":{"line":78,"column":43}},"type":"default-arg","locations":[{"start":{"line":78,"column":41},"end":{"line":78,"column":43}}],"line":78},"11":{"loc":{"start":{"line":80,"column":17},"end":{"line":80,"column":78}},"type":"binary-expr","locations":[{"start":{"line":80,"column":17},"end":{"line":80,"column":38}},{"start":{"line":80,"column":42},"end":{"line":80,"column":78}}],"line":80},"12":{"loc":{"start":{"line":81,"column":10},"end":{"line":81,"column":65}},"type":"binary-expr","locations":[{"start":{"line":81,"column":10},"end":{"line":81,"column":24}},{"start":{"line":81,"column":28},"end":{"line":81,"column":65}}],"line":81},"13":{"loc":{"start":{"line":82,"column":10},"end":{"line":82,"column":48}},"type":"binary-expr","locations":[{"start":{"line":82,"column":10},"end":{"line":82,"column":24}},{"start":{"line":82,"column":28},"end":{"line":82,"column":48}}],"line":82},"14":{"loc":{"start":{"line":83,"column":12},"end":{"line":83,"column":41}},"type":"binary-expr","locations":[{"start":{"line":83,"column":12},"end":{"line":83,"column":28}},{"start":{"line":83,"column":32},"end":{"line":83,"column":41}}],"line":83},"15":{"loc":{"start":{"line":84,"column":10},"end":{"line":84,"column":32}},"type":"binary-expr","locations":[{"start":{"line":84,"column":10},"end":{"line":84,"column":24}},{"start":{"line":84,"column":28},"end":{"line":84,"column":32}}],"line":84},"16":{"loc":{"start":{"line":88,"column":20},"end":{"line":88,"column":34}},"type":"default-arg","locations":[{"start":{"line":88,"column":32},"end":{"line":88,"column":34}}],"line":88}},"s":{"0":10,"1":10,"2":10,"3":10,"4":237,"5":10,"6":94,"7":94,"8":94,"9":94,"10":94,"11":94,"12":94,"13":10,"14":0,"15":10,"16":49,"17":10,"18":74,"19":10,"20":39,"21":10,"22":14,"23":10,"24":11,"25":44,"26":44,"27":10},"f":{"0":237,"1":94,"2":0,"3":49,"4":74,"5":39,"6":14,"7":11,"8":44,"9":44},"b":{"0":[65],"1":[46,48],"2":[43,51],"3":[0],"4":[24],"5":[49,0],"6":[49,0],"7":[36],"8":[74,0],"9":[21],"10":[1],"11":[14,7],"12":[14,1],"13":[14,7],"14":[14,14],"15":[14,13],"16":[1]},"_coverageSchema":"1a1c01bbd47fc00a2c39e90264f33305004495a9","hash":"ff57e171c7ec28528d7a4e30f319e2e1265c5d2c"}
,"E:\\CODE\\NFLPOOL\\nfl-atlas\\nfl-pool-app\\backend\\__tests__\\testUtils.js": {"path":"E:\\CODE\\NFLPOOL\\nfl-atlas\\nfl-pool-app\\backend\\__tests__\\testUtils.js","statementMap":{"0":{"start":{"line":1,"column":17},"end":{"line":1,"column":36}},"1":{"start":{"line":2,"column":15},"end":{"line":2,"column":34}},"2":{"start":{"line":3,"column":13},"end":{"line":3,"column":38}},"3":{"start":{"line":4,"column":16},"end":{"line":4,"column":44}},"4":{"start":{"line":5,"column":14},"end":{"line":5,"column":40}},"5":{"start":{"line":6,"column":13},"end":{"line":6,"column":38}},"6":{"start":{"line":7,"column":13},"end":{"line":7,"column":38}},"7":{"start":{"line":8,"column":13},"end":{"line":8,"column":38}},"8":{"start":{"line":9,"column":30},"end":{"line":9,"column":62}},"9":{"start":{"line":19,"column":4},"end":{"line":19,"column":32}},"10":{"start":{"line":26,"column":0},"end":{"line":35,"column":2}},"11":{"start":{"line":27,"column":2},"end":{"line":27,"column":44}},"12":{"start":{"line":28,"column":14},"end":{"line":28,"column":29}},"13":{"start":{"line":29,"column":2},"end":{"line":34,"column":5}},"14":{"start":{"line":40,"column":0},"end":{"line":44,"column":2}},"15":{"start":{"line":41,"column":2},"end":{"line":41,"column":43}},"16":{"start":{"line":42,"column":2},"end":{"line":42,"column":36}},"17":{"start":{"line":43,"column":2},"end":{"line":43,"column":22}},"18":{"start":{"line":49,"column":0},"end":{"line":55,"column":2}},"19":{"start":{"line":50,"column":22},"end":{"line":50,"column":53}},"20":{"start":{"line":51,"column":2},"end":{"line":54,"column":3}},"21":{"start":{"line":52,"column":23},"end":{"line":52,"column":39}},"22":{"start":{"line":53,"column":4},"end":{"line":53,"column":34}},"23":{"start":{"line":62,"column":0},"end":{"line":69,"column":2}},"24":{"start":{"line":63,"column":19},"end":{"line":63,"column":41}},"25":{"start":{"line":64,"column":2},"end":{"line":67,"column":3}},"26":{"start":{"line":65,"column":17},"end":{"line":65,"column":41}},"27":{"start":{"line":66,"column":4},"end":{"line":66,"column":67}},"28":{"start":{"line":68,"column":2},"end":{"line":68,"column":37}},"29":{"start":{"line":75,"column":0},"end":{"line":78,"column":2}},"30":{"start":{"line":76,"column":20},"end":{"line":76,"column":43}},"31":{"start":{"line":77,"column":2},"end":{"line":77,"column":40}},"32":{"start":{"line":87,"column":0},"end":{"line":90,"column":2}},"33":{"start":{"line":88,"column":22},"end":{"line":88,"column":63}},"34":{"start":{"line":89,"column":2},"end":{"line":89,"column":43}},"35":{"start":{"line":98,"column":0},"end":{"line":101,"column":2}},"36":{"start":{"line":99,"column":19},"end":{"line":99,"column":52}},"37":{"start":{"line":100,"column":2},"end":{"line":100,"column":37}},"38":{"start":{"line":111,"column":0},"end":{"line":114,"column":2}},"39":{"start":{"line":112,"column":20},"end":{"line":112,"column":70}},"40":{"start":{"line":113,"column":2},"end":{"line":113,"column":39}},"41":{"start":{"line":124,"column":0},"end":{"line":135,"column":2}},"42":{"start":{"line":125,"column":2},"end":{"line":125,"column":62}},"43":{"start":{"line":126,"column":19},"end":{"line":130,"column":4}},"44":{"start":{"line":131,"column":2},"end":{"line":131,"column":54}},"45":{"start":{"line":132,"column":22},"end":{"line":132,"column":49}},"46":{"start":{"line":133,"column":2},"end":{"line":133,"column":69}},"47":{"start":{"line":134,"column":2},"end":{"line":134,"column":21}},"48":{"start":{"line":141,"column":0},"end":{"line":144,"column":2}},"49":{"start":{"line":142,"column":19},"end":{"line":142,"column":41}},"50":{"start":{"line":143,"column":2},"end":{"line":143,"column":37}},"51":{"start":{"line":151,"column":0},"end":{"line":153,"column":2}},"52":{"start":{"line":152,"column":2},"end":{"line":152,"column":46}},"53":{"start":{"line":161,"column":0},"end":{"line":163,"column":2}},"54":{"start":{"line":162,"column":2},"end":{"line":162,"column":58}},"55":{"start":{"line":170,"column":0},"end":{"line":172,"column":2}},"56":{"start":{"line":171,"column":2},"end":{"line":171,"column":45}},"57":{"start":{"line":180,"column":0},"end":{"line":185,"column":2}},"58":{"start":{"line":181,"column":2},"end":{"line":184,"column":5}},"59":{"start":{"line":193,"column":0},"end":{"line":195,"column":2}},"60":{"start":{"line":194,"column":2},"end":{"line":194,"column":73}},"61":{"start":{"line":203,"column":0},"end":{"line":205,"column":2}},"62":{"start":{"line":204,"column":2},"end":{"line":204,"column":75}},"63":{"start":{"line":213,"column":0},"end":{"line":215,"column":2}},"64":{"start":{"line":214,"column":2},"end":{"line":214,"column":73}},"65":{"start":{"line":223,"column":0},"end":{"line":225,"column":2}},"66":{"start":{"line":224,"column":2},"end":{"line":224,"column":87}},"67":{"start":{"line":231,"column":0},"end":{"line":231,"column":49}},"68":{"start":{"line":238,"column":0},"end":{"line":240,"column":2}},"69":{"start":{"line":239,"column":2},"end":{"line":239,"column":34}},"70":{"start":{"line":248,"column":0},"end":{"line":250,"column":2}},"71":{"start":{"line":249,"column":2},"end":{"line":249,"column":44}},"72":{"start":{"line":258,"column":0},"end":{"line":260,"column":2}},"73":{"start":{"line":259,"column":2},"end":{"line":259,"column":73}},"74":{"start":{"line":268,"column":0},"end":{"line":270,"column":2}},"75":{"start":{"line":269,"column":2},"end":{"line":269,"column":79}},"76":{"start":{"line":277,"column":0},"end":{"line":279,"column":2}},"77":{"start":{"line":278,"column":2},"end":{"line":278,"column":39}},"78":{"start":{"line":286,"column":0},"end":{"line":288,"column":2}},"79":{"start":{"line":287,"column":2},"end":{"line":287,"column":46}}},"fnMap":{"0":{"name":"(anonymous_0)","decl":{"start":{"line":26,"column":25},"end":{"line":26,"column":26}},"loc":{"start":{"line":26,"column":37},"end":{"line":35,"column":1}},"line":26},"1":{"name":"(anonymous_1)","decl":{"start":{"line":40,"column":31},"end":{"line":40,"column":32}},"loc":{"start":{"line":40,"column":43},"end":{"line":44,"column":1}},"line":40},"2":{"name":"(anonymous_2)","decl":{"start":{"line":49,"column":31},"end":{"line":49,"column":32}},"loc":{"start":{"line":49,"column":43},"end":{"line":55,"column":1}},"line":49},"3":{"name":"(anonymous_3)","decl":{"start":{"line":62,"column":32},"end":{"line":62,"column":33}},"loc":{"start":{"line":62,"column":59},"end":{"line":69,"column":1}},"line":62},"4":{"name":"(anonymous_4)","decl":{"start":{"line":75,"column":33},"end":{"line":75,"column":34}},"loc":{"start":{"line":75,"column":60},"end":{"line":78,"column":1}},"line":75},"5":{"name":"(anonymous_5)","decl":{"start":{"line":87,"column":35},"end":{"line":87,"column":36}},"loc":{"start":{"line":87,"column":78},"end":{"line":90,"column":1}},"line":87},"6":{"name":"(anonymous_6)","decl":{"start":{"line":98,"column":32},"end":{"line":98,"column":33}},"loc":{"start":{"line":98,"column":70},"end":{"line":101,"column":1}},"line":98},"7":{"name":"(anonymous_7)","decl":{"start":{"line":111,"column":33},"end":{"line":111,"column":34}},"loc":{"start":{"line":111,"column":87},"end":{"line":114,"column":1}},"line":111},"8":{"name":"(anonymous_8)","decl":{"start":{"line":124,"column":32},"end":{"line":124,"column":33}},"loc":{"start":{"line":124,"column":68},"end":{"line":135,"column":1}},"line":124},"9":{"name":"(anonymous_9)","decl":{"start":{"line":141,"column":32},"end":{"line":141,"column":33}},"loc":{"start":{"line":141,"column":59},"end":{"line":144,"column":1}},"line":141},"10":{"name":"(anonymous_10)","decl":{"start":{"line":151,"column":36},"end":{"line":151,"column":37}},"loc":{"start":{"line":151,"column":54},"end":{"line":153,"column":1}},"line":151},"11":{"name":"(anonymous_11)","decl":{"start":{"line":161,"column":42},"end":{"line":161,"column":43}},"loc":{"start":{"line":161,"column":68},"end":{"line":163,"column":1}},"line":161},"12":{"name":"(anonymous_12)","decl":{"start":{"line":170,"column":34},"end":{"line":170,"column":35}},"loc":{"start":{"line":170,"column":53},"end":{"line":172,"column":1}},"line":170},"13":{"name":"(anonymous_13)","decl":{"start":{"line":180,"column":42},"end":{"line":180,"column":43}},"loc":{"start":{"line":180,"column":66},"end":{"line":185,"column":1}},"line":180},"14":{"name":"(anonymous_14)","decl":{"start":{"line":193,"column":28},"end":{"line":193,"column":29}},"loc":{"start":{"line":193,"column":58},"end":{"line":195,"column":1}},"line":193},"15":{"name":"(anonymous_15)","decl":{"start":{"line":203,"column":29},"end":{"line":203,"column":30}},"loc":{"start":{"line":203,"column":60},"end":{"line":205,"column":1}},"line":203},"16":{"name":"(anonymous_16)","decl":{"start":{"line":213,"column":28},"end":{"line":213,"column":29}},"loc":{"start":{"line":213,"column":58},"end":{"line":215,"column":1}},"line":213},"17":{"name":"(anonymous_17)","decl":{"start":{"line":223,"column":28},"end":{"line":223,"column":29}},"loc":{"start":{"line":223,"column":59},"end":{"line":225,"column":1}},"line":223},"18":{"name":"(anonymous_18)","decl":{"start":{"line":238,"column":35},"end":{"line":238,"column":36}},"loc":{"start":{"line":238,"column":45},"end":{"line":240,"column":1}},"line":238},"19":{"name":"(anonymous_19)","decl":{"start":{"line":248,"column":36},"end":{"line":248,"column":37}},"loc":{"start":{"line":248,"column":62},"end":{"line":250,"column":1}},"line":248},"20":{"name":"(anonymous_20)","decl":{"start":{"line":258,"column":28},"end":{"line":258,"column":29}},"loc":{"start":{"line":258,"column":58},"end":{"line":260,"column":1}},"line":258},"21":{"name":"(anonymous_21)","decl":{"start":{"line":268,"column":31},"end":{"line":268,"column":32}},"loc":{"start":{"line":268,"column":64},"end":{"line":270,"column":1}},"line":268},"22":{"name":"(anonymous_22)","decl":{"start":{"line":277,"column":33},"end":{"line":277,"column":34}},"loc":{"start":{"line":277,"column":50},"end":{"line":279,"column":1}},"line":277},"23":{"name":"(anonymous_23)","decl":{"start":{"line":286,"column":36},"end":{"line":286,"column":37}},"loc":{"start":{"line":286,"column":54},"end":{"line":288,"column":1}},"line":286}},"branchMap":{"0":{"loc":{"start":{"line":62,"column":39},"end":{"line":62,"column":54}},"type":"default-arg","locations":[{"start":{"line":62,"column":52},"end":{"line":62,"column":54}}],"line":62},"1":{"loc":{"start":{"line":64,"column":2},"end":{"line":67,"column":3}},"type":"if","locations":[{"start":{"line":64,"column":2},"end":{"line":67,"column":3}},{"start":{},"end":{}}],"line":64},"2":{"loc":{"start":{"line":75,"column":40},"end":{"line":75,"column":55}},"type":"default-arg","locations":[{"start":{"line":75,"column":53},"end":{"line":75,"column":55}}],"line":75},"3":{"loc":{"start":{"line":87,"column":58},"end":{"line":87,"column":73}},"type":"default-arg","locations":[{"start":{"line":87,"column":71},"end":{"line":87,"column":73}}],"line":87},"4":{"loc":{"start":{"line":98,"column":50},"end":{"line":98,"column":65}},"type":"default-arg","locations":[{"start":{"line":98,"column":63},"end":{"line":98,"column":65}}],"line":98},"5":{"loc":{"start":{"line":111,"column":67},"end":{"line":111,"column":82}},"type":"default-arg","locations":[{"start":{"line":111,"column":80},"end":{"line":111,"column":82}}],"line":111},"6":{"loc":{"start":{"line":124,"column":48},"end":{"line":124,"column":63}},"type":"default-arg","locations":[{"start":{"line":124,"column":61},"end":{"line":124,"column":63}}],"line":124},"7":{"loc":{"start":{"line":127,"column":10},"end":{"line":127,"column":30}},"type":"binary-expr","locations":[{"start":{"line":127,"column":10},"end":{"line":127,"column":25}},{"start":{"line":127,"column":29},"end":{"line":127,"column":30}}],"line":127},"8":{"loc":{"start":{"line":128,"column":17},"end":{"line":128,"column":44}},"type":"binary-expr","locations":[{"start":{"line":128,"column":17},"end":{"line":128,"column":39}},{"start":{"line":128,"column":43},"end":{"line":128,"column":44}}],"line":128},"9":{"loc":{"start":{"line":141,"column":39},"end":{"line":141,"column":54}},"type":"default-arg","locations":[{"start":{"line":141,"column":52},"end":{"line":141,"column":54}}],"line":141}},"s":{"0":3,"1":3,"2":3,"3":3,"4":3,"5":3,"6":3,"7":3,"8":3,"9":3,"10":3,"11":0,"12":0,"13":0,"14":3,"15":0,"16":0,"17":0,"18":3,"19":0,"20":0,"21":0,"22":0,"23":3,"24":26,"25":26,"26":26,"27":26,"28":26,"29":3,"30":0,"31":0,"32":3,"33":22,"34":22,"35":3,"36":23,"37":23,"38":3,"39":10,"40":10,"41":3,"42":7,"43":7,"44":7,"45":7,"46":7,"47":7,"48":3,"49":10,"50":10,"51":3,"52":0,"53":3,"54":0,"55":3,"56":0,"57":3,"58":1,"59":3,"60":0,"61":3,"62":0,"63":3,"64":0,"65":3,"66":1,"67":3,"68":3,"69":0,"70":3,"71":0,"72":3,"73":0,"74":3,"75":0,"76":3,"77":0,"78":3,"79":0},"f":{"0":0,"1":0,"2":0,"3":26,"4":0,"5":22,"6":23,"7":10,"8":7,"9":10,"10":0,"11":0,"12":0,"13":1,"14":0,"15":0,"16":0,"17":1,"18":0,"19":0,"20":0,"21":0,"22":0,"23":0},"b":{"0":[26],"1":[26,0],"2":[0],"3":[17],"4":[22],"5":[10],"6":[0],"7":[7,3],"8":[7,3],"9":[7]},"_coverageSchema":"1a1c01bbd47fc00a2c39e90264f33305004495a9","hash":"dbbb6ea72d2fbf3d3c4c00f371104a2efd7646e9"}
,"E:\\CODE\\NFLPOOL\\nfl-atlas\\nfl-pool-app\\backend\\__tests__\\mockModels\\Entry.js": {"path":"E:\\CODE\\NFLPOOL\\nfl-atlas\\nfl-pool-app\\backend\\__tests__\\mockModels\\Entry.js","statementMap":{"0":{"start":{"line":1,"column":17},"end":{"line":1,"column":36}},"1":{"start":{"line":3,"column":20},"end":{"line":36,"column":2}},"2":{"start":{"line":38,"column":0},"end":{"line":43,"column":3}},"3":{"start":{"line":45,"column":0},"end":{"line":45,"column":54}}},"fnMap":{},"branchMap":{},"s":{"0":1,"1":1,"2":1,"3":1},"f":{},"b":{},"_coverageSchema":"1a1c01bbd47fc00a2c39e90264f33305004495a9","hash":"6864d92d90d0b4d74929439799c943ec0b90fde5"}
,"E:\\CODE\\NFLPOOL\\nfl-atlas\\nfl-pool-app\\backend\\__tests__\\mockModels\\Pick.js": {"path":"E:\\CODE\\NFLPOOL\\nfl-atlas\\nfl-pool-app\\backend\\__tests__\\mockModels\\Pick.js","statementMap":{"0":{"start":{"line":1,"column":17},"end":{"line":1,"column":36}},"1":{"start":{"line":3,"column":19},"end":{"line":31,"column":2}},"2":{"start":{"line":33,"column":0},"end":{"line":33,"column":52}}},"fnMap":{},"branchMap":{},"s":{"0":2,"1":2,"2":2},"f":{},"b":{},"_coverageSchema":"1a1c01bbd47fc00a2c39e90264f33305004495a9","hash":"2bdd7b42842ef53bd63233b13fa6f4422070786c"}
,"E:\\CODE\\NFLPOOL\\nfl-atlas\\nfl-pool-app\\backend\\__tests__\\mockModels\\Request.js": {"path":"E:\\CODE\\NFLPOOL\\nfl-atlas\\nfl-pool-app\\backend\\__tests__\\mockModels\\Request.js","statementMap":{"0":{"start":{"line":1,"column":17},"end":{"line":1,"column":36}},"1":{"start":{"line":3,"column":22},"end":{"line":14,"column":2}},"2":{"start":{"line":16,"column":0},"end":{"line":16,"column":58}}},"fnMap":{},"branchMap":{},"s":{"0":1,"1":1,"2":1},"f":{},"b":{},"_coverageSchema":"1a1c01bbd47fc00a2c39e90264f33305004495a9","hash":"3e3ec3a68901ea462c012c20b9832a4bc289a6d7"}
,"E:\\CODE\\NFLPOOL\\nfl-atlas\\nfl-pool-app\\backend\\models\\Entry.js": {"path":"E:\\CODE\\NFLPOOL\\nfl-atlas\\nfl-pool-app\\backend\\models\\Entry.js","statementMap":{"0":{"start":{"line":7,"column":17},"end":{"line":7,"column":36}},"1":{"start":{"line":26,"column":20},"end":{"line":65,"column":2}},"2":{"start":{"line":68,"column":0},"end":{"line":68,"column":74}},"3":{"start":{"line":77,"column":0},"end":{"line":82,"column":3}},"4":{"start":{"line":88,"column":14},"end":{"line":88,"column":50}},"5":{"start":{"line":90,"column":0},"end":{"line":90,"column":23}}},"fnMap":{},"branchMap":{},"s":{"0":6,"1":6,"2":6,"3":6,"4":6,"5":6},"f":{},"b":{},"_coverageSchema":"1a1c01bbd47fc00a2c39e90264f33305004495a9","hash":"60028ca02af4b8a34b9f2008f7da9c4f508a343f"}
,"E:\\CODE\\NFLPOOL\\nfl-atlas\\nfl-pool-app\\backend\\models\\Game.js": {"path":"E:\\CODE\\NFLPOOL\\nfl-atlas\\nfl-pool-app\\backend\\models\\Game.js","statementMap":{"0":{"start":{"line":5,"column":17},"end":{"line":5,"column":36}},"1":{"start":{"line":60,"column":19},"end":{"line":113,"column":24}},"2":{"start":{"line":116,"column":0},"end":{"line":116,"column":52}},"3":{"start":{"line":117,"column":0},"end":{"line":117,"column":36}},"4":{"start":{"line":119,"column":0},"end":{"line":119,"column":52}}},"fnMap":{},"branchMap":{},"s":{"0":4,"1":4,"2":4,"3":4,"4":4},"f":{},"b":{},"_coverageSchema":"1a1c01bbd47fc00a2c39e90264f33305004495a9","hash":"86b68a588a91656996eace4a96fea38784ad2dd5"}
,"E:\\CODE\\NFLPOOL\\nfl-atlas\\nfl-pool-app\\backend\\models\\Pick.js": {"path":"E:\\CODE\\NFLPOOL\\nfl-atlas\\nfl-pool-app\\backend\\models\\Pick.js","statementMap":{"0":{"start":{"line":7,"column":17},"end":{"line":7,"column":36}},"1":{"start":{"line":24,"column":19},"end":{"line":53,"column":2}},"2":{"start":{"line":56,"column":0},"end":{"line":56,"column":74}},"3":{"start":{"line":62,"column":13},"end":{"line":62,"column":47}},"4":{"start":{"line":64,"column":0},"end":{"line":64,"column":22}}},"fnMap":{},"branchMap":{},"s":{"0":4,"1":4,"2":4,"3":4,"4":4},"f":{},"b":{},"_coverageSchema":"1a1c01bbd47fc00a2c39e90264f33305004495a9","hash":"6c8d2a11c405ee293b3d998ec0d8b994edcef32d"}
,"E:\\CODE\\NFLPOOL\\nfl-atlas\\nfl-pool-app\\backend\\models\\Pool.js": {"path":"E:\\CODE\\NFLPOOL\\nfl-atlas\\nfl-pool-app\\backend\\models\\Pool.js","statementMap":{"0":{"start":{"line":7,"column":17},"end":{"line":7,"column":36}},"1":{"start":{"line":35,"column":19},"end":{"line":121,"column":2}},"2":{"start":{"line":130,"column":0},"end":{"line":135,"column":3}},"3":{"start":{"line":144,"column":0},"end":{"line":149,"column":3}},"4":{"start":{"line":158,"column":0},"end":{"line":163,"column":3}},"5":{"start":{"line":169,"column":13},"end":{"line":169,"column":47}},"6":{"start":{"line":171,"column":0},"end":{"line":171,"column":22}}},"fnMap":{},"branchMap":{},"s":{"0":8,"1":8,"2":8,"3":8,"4":8,"5":8,"6":8},"f":{},"b":{},"_coverageSchema":"1a1c01bbd47fc00a2c39e90264f33305004495a9","hash":"d67abfb4db2fa700760999820e35c9bf4cff4ca2"}
,"E:\\CODE\\NFLPOOL\\nfl-atlas\\nfl-pool-app\\backend\\models\\Request.js": {"path":"E:\\CODE\\NFLPOOL\\nfl-atlas\\nfl-pool-app\\backend\\models\\Request.js","statementMap":{"0":{"start":{"line":7,"column":17},"end":{"line":7,"column":36}},"1":{"start":{"line":31,"column":22},"end":{"line":85,"column":2}},"2":{"start":{"line":94,"column":16},"end":{"line":94,"column":56}},"3":{"start":{"line":96,"column":0},"end":{"line":96,"column":25}}},"fnMap":{},"branchMap":{},"s":{"0":7,"1":7,"2":7,"3":7},"f":{},"b":{},"_coverageSchema":"1a1c01bbd47fc00a2c39e90264f33305004495a9","hash":"5b60b07cbea3e1a2f30e3fa12986dee28f8158b4"}
,"E:\\CODE\\NFLPOOL\\nfl-atlas\\nfl-pool-app\\backend\\models\\User.js": {"path":"E:\\CODE\\NFLPOOL\\nfl-atlas\\nfl-pool-app\\backend\\models\\User.js","statementMap":{"0":{"start":{"line":6,"column":17},"end":{"line":6,"column":36}},"1":{"start":{"line":7,"column":15},"end":{"line":7,"column":34}},"2":{"start":{"line":8,"column":12},"end":{"line":8,"column":35}},"3":{"start":{"line":9,"column":15},"end":{"line":9,"column":32}},"4":{"start":{"line":33,"column":19},"end":{"line":85,"column":2}},"5":{"start":{"line":88,"column":0},"end":{"line":88,"column":66}},"6":{"start":{"line":91,"column":0},"end":{"line":102,"column":3}},"7":{"start":{"line":92,"column":15},"end":{"line":92,"column":19}},"8":{"start":{"line":93,"column":2},"end":{"line":100,"column":3}},"9":{"start":{"line":94,"column":25},"end":{"line":94,"column":66}},"10":{"start":{"line":95,"column":4},"end":{"line":99,"column":5}},"11":{"start":{"line":96,"column":20},"end":{"line":96,"column":53}},"12":{"start":{"line":97,"column":6},"end":{"line":97,"column":37}},"13":{"start":{"line":98,"column":6},"end":{"line":98,"column":18}},"14":{"start":{"line":101,"column":2},"end":{"line":101,"column":9}},"15":{"start":{"line":111,"column":0},"end":{"line":127,"column":3}},"16":{"start":{"line":113,"column":2},"end":{"line":115,"column":3}},"17":{"start":{"line":114,"column":4},"end":{"line":114,"column":18}},"18":{"start":{"line":118,"column":2},"end":{"line":120,"column":3}},"19":{"start":{"line":119,"column":4},"end":{"line":119,"column":18}},"20":{"start":{"line":123,"column":15},"end":{"line":123,"column":39}},"21":{"start":{"line":125,"column":2},"end":{"line":125,"column":57}},"22":{"start":{"line":126,"column":2},"end":{"line":126,"column":9}},"23":{"start":{"line":137,"column":0},"end":{"line":141,"column":2}},"24":{"start":{"line":138,"column":2},"end":{"line":140,"column":5}},"25":{"start":{"line":152,"column":0},"end":{"line":165,"column":2}},"26":{"start":{"line":153,"column":2},"end":{"line":153,"column":61}},"27":{"start":{"line":154,"column":2},"end":{"line":154,"column":58}},"28":{"start":{"line":155,"column":2},"end":{"line":155,"column":54}},"29":{"start":{"line":157,"column":2},"end":{"line":164,"column":3}},"30":{"start":{"line":158,"column":20},"end":{"line":158,"column":72}},"31":{"start":{"line":159,"column":4},"end":{"line":159,"column":53}},"32":{"start":{"line":160,"column":4},"end":{"line":160,"column":19}},"33":{"start":{"line":162,"column":4},"end":{"line":162,"column":58}},"34":{"start":{"line":163,"column":4},"end":{"line":163,"column":17}},"35":{"start":{"line":175,"column":0},"end":{"line":188,"column":2}},"36":{"start":{"line":176,"column":21},"end":{"line":176,"column":59}},"37":{"start":{"line":179,"column":2},"end":{"line":182,"column":19}},"38":{"start":{"line":185,"column":2},"end":{"line":185,"column":57}},"39":{"start":{"line":187,"column":2},"end":{"line":187,"column":20}},"40":{"start":{"line":197,"column":0},"end":{"line":202,"column":3}},"41":{"start":{"line":211,"column":0},"end":{"line":216,"column":3}},"42":{"start":{"line":222,"column":13},"end":{"line":222,"column":47}},"43":{"start":{"line":224,"column":0},"end":{"line":224,"column":22}}},"fnMap":{"0":{"name":"(anonymous_0)","decl":{"start":{"line":91,"column":23},"end":{"line":91,"column":24}},"loc":{"start":{"line":91,"column":44},"end":{"line":102,"column":1}},"line":91},"1":{"name":"(anonymous_1)","decl":{"start":{"line":111,"column":23},"end":{"line":111,"column":24}},"loc":{"start":{"line":111,"column":44},"end":{"line":127,"column":1}},"line":111},"2":{"name":"(anonymous_2)","decl":{"start":{"line":137,"column":39},"end":{"line":137,"column":40}},"loc":{"start":{"line":137,"column":50},"end":{"line":141,"column":1}},"line":137},"3":{"name":"(anonymous_3)","decl":{"start":{"line":152,"column":35},"end":{"line":152,"column":36}},"loc":{"start":{"line":152,"column":67},"end":{"line":165,"column":1}},"line":152},"4":{"name":"(anonymous_4)","decl":{"start":{"line":175,"column":43},"end":{"line":175,"column":44}},"loc":{"start":{"line":175,"column":54},"end":{"line":188,"column":1}},"line":175}},"branchMap":{"0":{"loc":{"start":{"line":93,"column":2},"end":{"line":100,"column":3}},"type":"if","locations":[{"start":{"line":93,"column":2},"end":{"line":100,"column":3}},{"start":{},"end":{}}],"line":93},"1":{"loc":{"start":{"line":95,"column":4},"end":{"line":99,"column":5}},"type":"if","locations":[{"start":{"line":95,"column":4},"end":{"line":99,"column":5}},{"start":{},"end":{}}],"line":95},"2":{"loc":{"start":{"line":113,"column":2},"end":{"line":115,"column":3}},"type":"if","locations":[{"start":{"line":113,"column":2},"end":{"line":115,"column":3}},{"start":{},"end":{}}],"line":113},"3":{"loc":{"start":{"line":118,"column":2},"end":{"line":120,"column":3}},"type":"if","locations":[{"start":{"line":118,"column":2},"end":{"line":120,"column":3}},{"start":{},"end":{}}],"line":118}},"s":{"0":10,"1":10,"2":10,"3":10,"4":10,"5":10,"6":10,"7":95,"8":95,"9":94,"10":94,"11":1,"12":1,"13":1,"14":95,"15":10,"16":94,"17":1,"18":93,"19":0,"20":93,"21":93,"22":93,"23":10,"24":1,"25":10,"26":2,"27":2,"28":2,"29":2,"30":2,"31":2,"32":2,"33":0,"34":0,"35":10,"36":1,"37":1,"38":1,"39":1,"40":10,"41":10,"42":10,"43":10},"f":{"0":95,"1":94,"2":1,"3":2,"4":1},"b":{"0":[94,1],"1":[1,93],"2":[1,93],"3":[0,93]},"_coverageSchema":"1a1c01bbd47fc00a2c39e90264f33305004495a9","hash":"d1c8482c58d75276b5e3f5dcb574ea4042d158f9"}
,"E:\\CODE\\NFLPOOL\\nfl-atlas\\nfl-pool-app\\backend\\services\\baseService.js": {"path":"E:\\CODE\\NFLPOOL\\nfl-atlas\\nfl-pool-app\\backend\\services\\baseService.js","statementMap":{"0":{"start":{"line":6,"column":17},"end":{"line":6,"column":36}},"1":{"start":{"line":7,"column":22},"end":{"line":7,"column":55}},"2":{"start":{"line":23,"column":4},"end":{"line":23,"column":23}},"3":{"start":{"line":37,"column":4},"end":{"line":41,"column":5}},"4":{"start":{"line":38,"column":6},"end":{"line":38,"column":43}},"5":{"start":{"line":40,"column":6},"end":{"line":40,"column":107}},"6":{"start":{"line":55,"column":4},"end":{"line":64,"column":5}},"7":{"start":{"line":56,"column":19},"end":{"line":56,"column":48}},"8":{"start":{"line":57,"column":6},"end":{"line":59,"column":7}},"9":{"start":{"line":58,"column":8},"end":{"line":58,"column":91}},"10":{"start":{"line":60,"column":6},"end":{"line":60,"column":18}},"11":{"start":{"line":62,"column":6},"end":{"line":62,"column":54}},"12":{"start":{"line":62,"column":42},"end":{"line":62,"column":54}},"13":{"start":{"line":63,"column":6},"end":{"line":63,"column":97}},"14":{"start":{"line":78,"column":4},"end":{"line":86,"column":5}},"15":{"start":{"line":79,"column":6},"end":{"line":79,"column":99}},"16":{"start":{"line":80,"column":19},"end":{"line":80,"column":48}},"17":{"start":{"line":81,"column":6},"end":{"line":81,"column":89}},"18":{"start":{"line":82,"column":6},"end":{"line":82,"column":18}},"19":{"start":{"line":84,"column":6},"end":{"line":84,"column":70}},"20":{"start":{"line":85,"column":6},"end":{"line":85,"column":95}},"21":{"start":{"line":101,"column":4},"end":{"line":113,"column":5}},"22":{"start":{"line":102,"column":19},"end":{"line":105,"column":8}},"23":{"start":{"line":106,"column":6},"end":{"line":108,"column":7}},"24":{"start":{"line":107,"column":8},"end":{"line":107,"column":91}},"25":{"start":{"line":109,"column":6},"end":{"line":109,"column":18}},"26":{"start":{"line":111,"column":6},"end":{"line":111,"column":54}},"27":{"start":{"line":111,"column":42},"end":{"line":111,"column":54}},"28":{"start":{"line":112,"column":6},"end":{"line":112,"column":95}},"29":{"start":{"line":127,"column":4},"end":{"line":136,"column":5}},"30":{"start":{"line":128,"column":19},"end":{"line":128,"column":57}},"31":{"start":{"line":129,"column":6},"end":{"line":131,"column":7}},"32":{"start":{"line":130,"column":8},"end":{"line":130,"column":91}},"33":{"start":{"line":132,"column":6},"end":{"line":132,"column":18}},"34":{"start":{"line":134,"column":6},"end":{"line":134,"column":54}},"35":{"start":{"line":134,"column":42},"end":{"line":134,"column":54}},"36":{"start":{"line":135,"column":6},"end":{"line":135,"column":95}},"37":{"start":{"line":140,"column":0},"end":{"line":140,"column":29}}},"fnMap":{"0":{"name":"(anonymous_0)","decl":{"start":{"line":22,"column":2},"end":{"line":22,"column":3}},"loc":{"start":{"line":22,"column":21},"end":{"line":24,"column":3}},"line":22},"1":{"name":"(anonymous_1)","decl":{"start":{"line":36,"column":2},"end":{"line":36,"column":3}},"loc":{"start":{"line":36,"column":28},"end":{"line":42,"column":3}},"line":36},"2":{"name":"(anonymous_2)","decl":{"start":{"line":54,"column":2},"end":{"line":54,"column":3}},"loc":{"start":{"line":54,"column":20},"end":{"line":65,"column":3}},"line":54},"3":{"name":"(anonymous_3)","decl":{"start":{"line":77,"column":2},"end":{"line":77,"column":3}},"loc":{"start":{"line":77,"column":21},"end":{"line":87,"column":3}},"line":77},"4":{"name":"(anonymous_4)","decl":{"start":{"line":100,"column":2},"end":{"line":100,"column":3}},"loc":{"start":{"line":100,"column":25},"end":{"line":114,"column":3}},"line":100},"5":{"name":"(anonymous_5)","decl":{"start":{"line":126,"column":2},"end":{"line":126,"column":3}},"loc":{"start":{"line":126,"column":19},"end":{"line":137,"column":3}},"line":126}},"branchMap":{"0":{"loc":{"start":{"line":36,"column":15},"end":{"line":36,"column":26}},"type":"default-arg","locations":[{"start":{"line":36,"column":24},"end":{"line":36,"column":26}}],"line":36},"1":{"loc":{"start":{"line":57,"column":6},"end":{"line":59,"column":7}},"type":"if","locations":[{"start":{"line":57,"column":6},"end":{"line":59,"column":7}},{"start":{},"end":{}}],"line":57},"2":{"loc":{"start":{"line":62,"column":6},"end":{"line":62,"column":54}},"type":"if","locations":[{"start":{"line":62,"column":6},"end":{"line":62,"column":54}},{"start":{},"end":{}}],"line":62},"3":{"loc":{"start":{"line":106,"column":6},"end":{"line":108,"column":7}},"type":"if","locations":[{"start":{"line":106,"column":6},"end":{"line":108,"column":7}},{"start":{},"end":{}}],"line":106},"4":{"loc":{"start":{"line":111,"column":6},"end":{"line":111,"column":54}},"type":"if","locations":[{"start":{"line":111,"column":6},"end":{"line":111,"column":54}},{"start":{},"end":{}}],"line":111},"5":{"loc":{"start":{"line":129,"column":6},"end":{"line":131,"column":7}},"type":"if","locations":[{"start":{"line":129,"column":6},"end":{"line":131,"column":7}},{"start":{},"end":{}}],"line":129},"6":{"loc":{"start":{"line":134,"column":6},"end":{"line":134,"column":54}},"type":"if","locations":[{"start":{"line":134,"column":6},"end":{"line":134,"column":54}},{"start":{},"end":{}}],"line":134}},"s":{"0":3,"1":3,"2":16,"3":3,"4":3,"5":1,"6":6,"7":6,"8":5,"9":1,"10":4,"11":2,"12":1,"13":1,"14":2,"15":2,"16":2,"17":1,"18":1,"19":1,"20":1,"21":5,"22":5,"23":4,"24":1,"25":3,"26":2,"27":1,"28":1,"29":3,"30":3,"31":2,"32":1,"33":1,"34":2,"35":1,"36":1,"37":3},"f":{"0":16,"1":3,"2":6,"3":2,"4":5,"5":3},"b":{"0":[2],"1":[1,4],"2":[1,1],"3":[1,3],"4":[1,1],"5":[1,1],"6":[1,1]},"_coverageSchema":"1a1c01bbd47fc00a2c39e90264f33305004495a9","hash":"400eb6e1ef76c81446b195b019f64d0ae0d26bda"}
,"E:\\CODE\\NFLPOOL\\nfl-atlas\\nfl-pool-app\\backend\\services\\entryService.js": {"path":"E:\\CODE\\NFLPOOL\\nfl-atlas\\nfl-pool-app\\backend\\services\\entryService.js","statementMap":{"0":{"start":{"line":5,"column":13},"end":{"line":5,"column":38}},"1":{"start":{"line":6,"column":14},"end":{"line":6,"column":40}},"2":{"start":{"line":7,"column":13},"end":{"line":7,"column":38}},"3":{"start":{"line":8,"column":13},"end":{"line":8,"column":38}},"4":{"start":{"line":9,"column":22},"end":{"line":9,"column":55}},"5":{"start":{"line":33,"column":4},"end":{"line":37,"column":5}},"6":{"start":{"line":34,"column":6},"end":{"line":34,"column":85}},"7":{"start":{"line":36,"column":6},"end":{"line":36,"column":98}},"8":{"start":{"line":58,"column":4},"end":{"line":62,"column":5}},"9":{"start":{"line":59,"column":6},"end":{"line":59,"column":62}},"10":{"start":{"line":61,"column":6},"end":{"line":61,"column":116}},"11":{"start":{"line":83,"column":18},"end":{"line":83,"column":82}},"12":{"start":{"line":84,"column":4},"end":{"line":86,"column":5}},"13":{"start":{"line":85,"column":6},"end":{"line":85,"column":76}},"14":{"start":{"line":88,"column":4},"end":{"line":90,"column":5}},"15":{"start":{"line":89,"column":6},"end":{"line":89,"column":80}},"16":{"start":{"line":92,"column":4},"end":{"line":92,"column":17}},"17":{"start":{"line":112,"column":17},"end":{"line":112,"column":44}},"18":{"start":{"line":113,"column":4},"end":{"line":115,"column":5}},"19":{"start":{"line":114,"column":6},"end":{"line":114,"column":73}},"20":{"start":{"line":117,"column":4},"end":{"line":119,"column":25}},"21":{"start":{"line":142,"column":18},"end":{"line":142,"column":64}},"22":{"start":{"line":143,"column":4},"end":{"line":145,"column":5}},"23":{"start":{"line":144,"column":6},"end":{"line":144,"column":72}},"24":{"start":{"line":147,"column":4},"end":{"line":149,"column":5}},"25":{"start":{"line":148,"column":6},"end":{"line":148,"column":92}},"26":{"start":{"line":151,"column":4},"end":{"line":153,"column":5}},"27":{"start":{"line":152,"column":6},"end":{"line":152,"column":58}},"28":{"start":{"line":156,"column":30},"end":{"line":160,"column":6}},"29":{"start":{"line":162,"column":4},"end":{"line":164,"column":5}},"30":{"start":{"line":163,"column":6},"end":{"line":163,"column":125}},"31":{"start":{"line":167,"column":17},"end":{"line":171,"column":5}},"32":{"start":{"line":173,"column":4},"end":{"line":173,"column":16}},"33":{"start":{"line":194,"column":18},"end":{"line":194,"column":65}},"34":{"start":{"line":195,"column":4},"end":{"line":197,"column":5}},"35":{"start":{"line":196,"column":6},"end":{"line":196,"column":72}},"36":{"start":{"line":199,"column":17},"end":{"line":199,"column":65}},"37":{"start":{"line":199,"column":39},"end":{"line":199,"column":64}},"38":{"start":{"line":200,"column":4},"end":{"line":200,"column":24}},"39":{"start":{"line":221,"column":4},"end":{"line":240,"column":5}},"40":{"start":{"line":222,"column":18},"end":{"line":222,"column":63}},"41":{"start":{"line":224,"column":6},"end":{"line":234,"column":7}},"42":{"start":{"line":225,"column":8},"end":{"line":231,"column":11}},"43":{"start":{"line":233,"column":8},"end":{"line":233,"column":40}},"44":{"start":{"line":236,"column":22},"end":{"line":236,"column":40}},"45":{"start":{"line":237,"column":6},"end":{"line":237,"column":21}},"46":{"start":{"line":239,"column":6},"end":{"line":239,"column":109}},"47":{"start":{"line":261,"column":18},"end":{"line":261,"column":47}},"48":{"start":{"line":262,"column":4},"end":{"line":264,"column":5}},"49":{"start":{"line":263,"column":6},"end":{"line":263,"column":72}},"50":{"start":{"line":266,"column":4},"end":{"line":266,"column":32}},"51":{"start":{"line":267,"column":4},"end":{"line":267,"column":32}},"52":{"start":{"line":268,"column":4},"end":{"line":268,"column":23}},"53":{"start":{"line":270,"column":4},"end":{"line":270,"column":17}},"54":{"start":{"line":274,"column":0},"end":{"line":274,"column":36}}},"fnMap":{"0":{"name":"(anonymous_0)","decl":{"start":{"line":32,"column":2},"end":{"line":32,"column":3}},"loc":{"start":{"line":32,"column":31},"end":{"line":38,"column":3}},"line":32},"1":{"name":"(anonymous_1)","decl":{"start":{"line":57,"column":2},"end":{"line":57,"column":3}},"loc":{"start":{"line":57,"column":46},"end":{"line":63,"column":3}},"line":57},"2":{"name":"(anonymous_2)","decl":{"start":{"line":82,"column":2},"end":{"line":82,"column":3}},"loc":{"start":{"line":82,"column":34},"end":{"line":93,"column":3}},"line":82},"3":{"name":"(anonymous_3)","decl":{"start":{"line":111,"column":2},"end":{"line":111,"column":3}},"loc":{"start":{"line":111,"column":34},"end":{"line":120,"column":3}},"line":111},"4":{"name":"(anonymous_4)","decl":{"start":{"line":141,"column":2},"end":{"line":141,"column":3}},"loc":{"start":{"line":141,"column":53},"end":{"line":174,"column":3}},"line":141},"5":{"name":"(anonymous_5)","decl":{"start":{"line":193,"column":2},"end":{"line":193,"column":3}},"loc":{"start":{"line":193,"column":38},"end":{"line":201,"column":3}},"line":193},"6":{"name":"(anonymous_6)","decl":{"start":{"line":199,"column":34},"end":{"line":199,"column":35}},"loc":{"start":{"line":199,"column":39},"end":{"line":199,"column":64}},"line":199},"7":{"name":"(anonymous_7)","decl":{"start":{"line":220,"column":2},"end":{"line":220,"column":3}},"loc":{"start":{"line":220,"column":50},"end":{"line":241,"column":3}},"line":220},"8":{"name":"(anonymous_8)","decl":{"start":{"line":260,"column":2},"end":{"line":260,"column":3}},"loc":{"start":{"line":260,"column":38},"end":{"line":271,"column":3}},"line":260}},"branchMap":{"0":{"loc":{"start":{"line":84,"column":4},"end":{"line":86,"column":5}},"type":"if","locations":[{"start":{"line":84,"column":4},"end":{"line":86,"column":5}},{"start":{},"end":{}}],"line":84},"1":{"loc":{"start":{"line":88,"column":4},"end":{"line":90,"column":5}},"type":"if","locations":[{"start":{"line":88,"column":4},"end":{"line":90,"column":5}},{"start":{},"end":{}}],"line":88},"2":{"loc":{"start":{"line":113,"column":4},"end":{"line":115,"column":5}},"type":"if","locations":[{"start":{"line":113,"column":4},"end":{"line":115,"column":5}},{"start":{},"end":{}}],"line":113},"3":{"loc":{"start":{"line":143,"column":4},"end":{"line":145,"column":5}},"type":"if","locations":[{"start":{"line":143,"column":4},"end":{"line":145,"column":5}},{"start":{},"end":{}}],"line":143},"4":{"loc":{"start":{"line":147,"column":4},"end":{"line":149,"column":5}},"type":"if","locations":[{"start":{"line":147,"column":4},"end":{"line":149,"column":5}},{"start":{},"end":{}}],"line":147},"5":{"loc":{"start":{"line":151,"column":4},"end":{"line":153,"column":5}},"type":"if","locations":[{"start":{"line":151,"column":4},"end":{"line":153,"column":5}},{"start":{},"end":{}}],"line":151},"6":{"loc":{"start":{"line":151,"column":8},"end":{"line":151,"column":51}},"type":"binary-expr","locations":[{"start":{"line":151,"column":8},"end":{"line":151,"column":16}},{"start":{"line":151,"column":20},"end":{"line":151,"column":51}}],"line":151},"7":{"loc":{"start":{"line":162,"column":4},"end":{"line":164,"column":5}},"type":"if","locations":[{"start":{"line":162,"column":4},"end":{"line":164,"column":5}},{"start":{},"end":{}}],"line":162},"8":{"loc":{"start":{"line":195,"column":4},"end":{"line":197,"column":5}},"type":"if","locations":[{"start":{"line":195,"column":4},"end":{"line":197,"column":5}},{"start":{},"end":{}}],"line":195},"9":{"loc":{"start":{"line":200,"column":11},"end":{"line":200,"column":23}},"type":"binary-expr","locations":[{"start":{"line":200,"column":11},"end":{"line":200,"column":15}},{"start":{"line":200,"column":19},"end":{"line":200,"column":23}}],"line":200},"10":{"loc":{"start":{"line":224,"column":6},"end":{"line":234,"column":7}},"type":"if","locations":[{"start":{"line":224,"column":6},"end":{"line":234,"column":7}},{"start":{"line":232,"column":13},"end":{"line":234,"column":7}}],"line":224},"11":{"loc":{"start":{"line":262,"column":4},"end":{"line":264,"column":5}},"type":"if","locations":[{"start":{"line":262,"column":4},"end":{"line":264,"column":5}},{"start":{},"end":{}}],"line":262}},"s":{"0":1,"1":1,"2":1,"3":1,"4":1,"5":1,"6":1,"7":0,"8":1,"9":1,"10":0,"11":2,"12":2,"13":0,"14":2,"15":1,"16":1,"17":0,"18":0,"19":0,"20":0,"21":3,"22":3,"23":0,"24":3,"25":0,"26":3,"27":0,"28":3,"29":3,"30":1,"31":2,"32":2,"33":2,"34":2,"35":0,"36":2,"37":1,"38":2,"39":2,"40":2,"41":2,"42":1,"43":1,"44":2,"45":2,"46":0,"47":1,"48":1,"49":0,"50":1,"51":1,"52":1,"53":1,"54":1},"f":{"0":1,"1":1,"2":2,"3":0,"4":3,"5":2,"6":1,"7":2,"8":1},"b":{"0":[0,2],"1":[1,1],"2":[0,0],"3":[0,3],"4":[0,3],"5":[0,3],"6":[3,3],"7":[1,2],"8":[0,2],"9":[2,1],"10":[1,1],"11":[0,1]},"_coverageSchema":"1a1c01bbd47fc00a2c39e90264f33305004495a9","hash":"983fc2feb5ff8cd09a581715b1ce81e2e6603832"}
,"E:\\CODE\\NFLPOOL\\nfl-atlas\\nfl-pool-app\\backend\\services\\poolService.js": {"path":"E:\\CODE\\NFLPOOL\\nfl-atlas\\nfl-pool-app\\backend\\services\\poolService.js","statementMap":{"0":{"start":{"line":5,"column":17},"end":{"line":5,"column":36}},"1":{"start":{"line":6,"column":13},"end":{"line":6,"column":38}},"2":{"start":{"line":7,"column":16},"end":{"line":7,"column":44}},"3":{"start":{"line":8,"column":14},"end":{"line":8,"column":40}},"4":{"start":{"line":9,"column":20},"end":{"line":9,"column":44}},"5":{"start":{"line":10,"column":22},"end":{"line":10,"column":55}},"6":{"start":{"line":11,"column":15},"end":{"line":11,"column":41}},"7":{"start":{"line":12,"column":13},"end":{"line":12,"column":38}},"8":{"start":{"line":24,"column":4},"end":{"line":24,"column":16}},"9":{"start":{"line":43,"column":4},"end":{"line":43,"column":63}},"10":{"start":{"line":44,"column":4},"end":{"line":61,"column":5}},"11":{"start":{"line":45,"column":20},"end":{"line":45,"column":55}},"12":{"start":{"line":47,"column":6},"end":{"line":57,"column":10}},"13":{"start":{"line":48,"column":25},"end":{"line":48,"column":77}},"14":{"start":{"line":49,"column":24},"end":{"line":49,"column":74}},"15":{"start":{"line":51,"column":8},"end":{"line":56,"column":10}},"16":{"start":{"line":59,"column":6},"end":{"line":59,"column":90}},"17":{"start":{"line":60,"column":6},"end":{"line":60,"column":87}},"18":{"start":{"line":88,"column":4},"end":{"line":133,"column":5}},"19":{"start":{"line":89,"column":19},"end":{"line":89,"column":46}},"20":{"start":{"line":90,"column":6},"end":{"line":92,"column":7}},"21":{"start":{"line":91,"column":8},"end":{"line":91,"column":55}},"22":{"start":{"line":95,"column":29},"end":{"line":95,"column":175}},"23":{"start":{"line":96,"column":28},"end":{"line":96,"column":76}},"24":{"start":{"line":96,"column":59},"end":{"line":96,"column":75}},"25":{"start":{"line":98,"column":6},"end":{"line":100,"column":7}},"26":{"start":{"line":99,"column":8},"end":{"line":99,"column":79}},"27":{"start":{"line":103,"column":6},"end":{"line":105,"column":7}},"28":{"start":{"line":104,"column":8},"end":{"line":104,"column":73}},"29":{"start":{"line":106,"column":6},"end":{"line":108,"column":7}},"30":{"start":{"line":107,"column":8},"end":{"line":107,"column":79}},"31":{"start":{"line":109,"column":6},"end":{"line":111,"column":7}},"32":{"start":{"line":110,"column":8},"end":{"line":110,"column":69}},"33":{"start":{"line":114,"column":19},"end":{"line":118,"column":8}},"34":{"start":{"line":120,"column":6},"end":{"line":120,"column":18}},"35":{"start":{"line":122,"column":6},"end":{"line":124,"column":7}},"36":{"start":{"line":123,"column":8},"end":{"line":123,"column":20}},"37":{"start":{"line":126,"column":6},"end":{"line":129,"column":7}},"38":{"start":{"line":127,"column":25},"end":{"line":127,"column":76}},"39":{"start":{"line":127,"column":64},"end":{"line":127,"column":75}},"40":{"start":{"line":128,"column":8},"end":{"line":128,"column":58}},"41":{"start":{"line":131,"column":6},"end":{"line":131,"column":60}},"42":{"start":{"line":132,"column":6},"end":{"line":132,"column":76}},"43":{"start":{"line":156,"column":4},"end":{"line":156,"column":62}},"44":{"start":{"line":157,"column":4},"end":{"line":168,"column":5}},"45":{"start":{"line":158,"column":19},"end":{"line":158,"column":45}},"46":{"start":{"line":160,"column":6},"end":{"line":162,"column":7}},"47":{"start":{"line":161,"column":8},"end":{"line":161,"column":93}},"48":{"start":{"line":164,"column":6},"end":{"line":164,"column":51}},"49":{"start":{"line":166,"column":6},"end":{"line":166,"column":89}},"50":{"start":{"line":167,"column":6},"end":{"line":167,"column":18}},"51":{"start":{"line":188,"column":4},"end":{"line":188,"column":62}},"52":{"start":{"line":189,"column":4},"end":{"line":205,"column":5}},"53":{"start":{"line":190,"column":19},"end":{"line":190,"column":46}},"54":{"start":{"line":192,"column":6},"end":{"line":194,"column":7}},"55":{"start":{"line":193,"column":8},"end":{"line":193,"column":76}},"56":{"start":{"line":196,"column":6},"end":{"line":198,"column":7}},"57":{"start":{"line":197,"column":8},"end":{"line":197,"column":93}},"58":{"start":{"line":200,"column":6},"end":{"line":200,"column":26}},"59":{"start":{"line":201,"column":6},"end":{"line":201,"column":31}},"60":{"start":{"line":203,"column":6},"end":{"line":203,"column":89}},"61":{"start":{"line":204,"column":6},"end":{"line":204,"column":18}},"62":{"start":{"line":224,"column":4},"end":{"line":224,"column":53}},"63":{"start":{"line":225,"column":4},"end":{"line":236,"column":5}},"64":{"start":{"line":226,"column":19},"end":{"line":226,"column":45}},"65":{"start":{"line":227,"column":20},"end":{"line":231,"column":7}},"66":{"start":{"line":232,"column":6},"end":{"line":232,"column":19}},"67":{"start":{"line":234,"column":6},"end":{"line":234,"column":80}},"68":{"start":{"line":235,"column":6},"end":{"line":235,"column":87}},"69":{"start":{"line":256,"column":2},"end":{"line":256,"column":64}},"70":{"start":{"line":257,"column":2},"end":{"line":265,"column":3}},"71":{"start":{"line":258,"column":4},"end":{"line":260,"column":5}},"72":{"start":{"line":259,"column":6},"end":{"line":259,"column":90}},"73":{"start":{"line":261,"column":4},"end":{"line":261,"column":49}},"74":{"start":{"line":263,"column":4},"end":{"line":263,"column":78}},"75":{"start":{"line":264,"column":4},"end":{"line":264,"column":16}},"76":{"start":{"line":276,"column":4},"end":{"line":276,"column":53}},"77":{"start":{"line":277,"column":4},"end":{"line":294,"column":5}},"78":{"start":{"line":278,"column":24},"end":{"line":278,"column":60}},"79":{"start":{"line":280,"column":6},"end":{"line":290,"column":10}},"80":{"start":{"line":281,"column":30},"end":{"line":285,"column":10}},"81":{"start":{"line":286,"column":8},"end":{"line":289,"column":10}},"82":{"start":{"line":292,"column":6},"end":{"line":292,"column":80}},"83":{"start":{"line":293,"column":6},"end":{"line":293,"column":82}},"84":{"start":{"line":305,"column":4},"end":{"line":305,"column":66}},"85":{"start":{"line":306,"column":4},"end":{"line":323,"column":5}},"86":{"start":{"line":307,"column":20},"end":{"line":307,"column":61}},"87":{"start":{"line":308,"column":22},"end":{"line":308,"column":56}},"88":{"start":{"line":310,"column":6},"end":{"line":319,"column":9}},"89":{"start":{"line":311,"column":30},"end":{"line":313,"column":9}},"90":{"start":{"line":312,"column":10},"end":{"line":312,"column":84}},"91":{"start":{"line":314,"column":8},"end":{"line":318,"column":10}},"92":{"start":{"line":321,"column":6},"end":{"line":321,"column":93}},"93":{"start":{"line":322,"column":6},"end":{"line":322,"column":95}},"94":{"start":{"line":334,"column":4},"end":{"line":334,"column":60}},"95":{"start":{"line":335,"column":4},"end":{"line":368,"column":5}},"96":{"start":{"line":336,"column":24},"end":{"line":363,"column":8}},"97":{"start":{"line":364,"column":6},"end":{"line":364,"column":23}},"98":{"start":{"line":366,"column":6},"end":{"line":366,"column":87}},"99":{"start":{"line":367,"column":6},"end":{"line":367,"column":89}},"100":{"start":{"line":379,"column":4},"end":{"line":379,"column":55}},"101":{"start":{"line":380,"column":4},"end":{"line":386,"column":5}},"102":{"start":{"line":381,"column":22},"end":{"line":381,"column":56}},"103":{"start":{"line":382,"column":6},"end":{"line":382,"column":21}},"104":{"start":{"line":384,"column":6},"end":{"line":384,"column":82}},"105":{"start":{"line":385,"column":6},"end":{"line":385,"column":84}},"106":{"start":{"line":390,"column":0},"end":{"line":390,"column":35}}},"fnMap":{"0":{"name":"(anonymous_0)","decl":{"start":{"line":23,"column":2},"end":{"line":23,"column":3}},"loc":{"start":{"line":23,"column":16},"end":{"line":25,"column":3}},"line":23},"1":{"name":"(anonymous_1)","decl":{"start":{"line":42,"column":2},"end":{"line":42,"column":3}},"loc":{"start":{"line":42,"column":34},"end":{"line":62,"column":3}},"line":42},"2":{"name":"(anonymous_2)","decl":{"start":{"line":47,"column":35},"end":{"line":47,"column":36}},"loc":{"start":{"line":47,"column":51},"end":{"line":57,"column":7}},"line":47},"3":{"name":"(anonymous_3)","decl":{"start":{"line":87,"column":2},"end":{"line":87,"column":3}},"loc":{"start":{"line":87,"column":37},"end":{"line":134,"column":3}},"line":87},"4":{"name":"(anonymous_4)","decl":{"start":{"line":96,"column":50},"end":{"line":96,"column":51}},"loc":{"start":{"line":96,"column":59},"end":{"line":96,"column":75}},"line":96},"5":{"name":"(anonymous_5)","decl":{"start":{"line":127,"column":57},"end":{"line":127,"column":58}},"loc":{"start":{"line":127,"column":64},"end":{"line":127,"column":75}},"line":127},"6":{"name":"(anonymous_6)","decl":{"start":{"line":155,"column":2},"end":{"line":155,"column":3}},"loc":{"start":{"line":155,"column":47},"end":{"line":169,"column":3}},"line":155},"7":{"name":"(anonymous_7)","decl":{"start":{"line":187,"column":2},"end":{"line":187,"column":3}},"loc":{"start":{"line":187,"column":35},"end":{"line":206,"column":3}},"line":187},"8":{"name":"(anonymous_8)","decl":{"start":{"line":223,"column":2},"end":{"line":223,"column":3}},"loc":{"start":{"line":223,"column":29},"end":{"line":237,"column":3}},"line":223},"9":{"name":"(anonymous_9)","decl":{"start":{"line":255,"column":1},"end":{"line":255,"column":2}},"loc":{"start":{"line":255,"column":40},"end":{"line":266,"column":1}},"line":255},"10":{"name":"(anonymous_10)","decl":{"start":{"line":275,"column":2},"end":{"line":275,"column":3}},"loc":{"start":{"line":275,"column":29},"end":{"line":295,"column":3}},"line":275},"11":{"name":"(anonymous_11)","decl":{"start":{"line":280,"column":39},"end":{"line":280,"column":40}},"loc":{"start":{"line":280,"column":55},"end":{"line":290,"column":7}},"line":280},"12":{"name":"(anonymous_12)","decl":{"start":{"line":304,"column":2},"end":{"line":304,"column":3}},"loc":{"start":{"line":304,"column":40},"end":{"line":324,"column":3}},"line":304},"13":{"name":"(anonymous_13)","decl":{"start":{"line":310,"column":23},"end":{"line":310,"column":24}},"loc":{"start":{"line":310,"column":31},"end":{"line":319,"column":7}},"line":310},"14":{"name":"(anonymous_14)","decl":{"start":{"line":311,"column":45},"end":{"line":311,"column":46}},"loc":{"start":{"line":312,"column":10},"end":{"line":312,"column":84}},"line":312},"15":{"name":"(anonymous_15)","decl":{"start":{"line":333,"column":2},"end":{"line":333,"column":3}},"loc":{"start":{"line":333,"column":35},"end":{"line":369,"column":3}},"line":333},"16":{"name":"(anonymous_16)","decl":{"start":{"line":378,"column":2},"end":{"line":378,"column":3}},"loc":{"start":{"line":378,"column":31},"end":{"line":387,"column":3}},"line":378}},"branchMap":{"0":{"loc":{"start":{"line":90,"column":6},"end":{"line":92,"column":7}},"type":"if","locations":[{"start":{"line":90,"column":6},"end":{"line":92,"column":7}},{"start":{},"end":{}}],"line":90},"1":{"loc":{"start":{"line":98,"column":6},"end":{"line":100,"column":7}},"type":"if","locations":[{"start":{"line":98,"column":6},"end":{"line":100,"column":7}},{"start":{},"end":{}}],"line":98},"2":{"loc":{"start":{"line":103,"column":6},"end":{"line":105,"column":7}},"type":"if","locations":[{"start":{"line":103,"column":6},"end":{"line":105,"column":7}},{"start":{},"end":{}}],"line":103},"3":{"loc":{"start":{"line":106,"column":6},"end":{"line":108,"column":7}},"type":"if","locations":[{"start":{"line":106,"column":6},"end":{"line":108,"column":7}},{"start":{},"end":{}}],"line":106},"4":{"loc":{"start":{"line":109,"column":6},"end":{"line":111,"column":7}},"type":"if","locations":[{"start":{"line":109,"column":6},"end":{"line":111,"column":7}},{"start":{},"end":{}}],"line":109},"5":{"loc":{"start":{"line":122,"column":6},"end":{"line":124,"column":7}},"type":"if","locations":[{"start":{"line":122,"column":6},"end":{"line":124,"column":7}},{"start":{},"end":{}}],"line":122},"6":{"loc":{"start":{"line":126,"column":6},"end":{"line":129,"column":7}},"type":"if","locations":[{"start":{"line":126,"column":6},"end":{"line":129,"column":7}},{"start":{},"end":{}}],"line":126},"7":{"loc":{"start":{"line":160,"column":6},"end":{"line":162,"column":7}},"type":"if","locations":[{"start":{"line":160,"column":6},"end":{"line":162,"column":7}},{"start":{},"end":{}}],"line":160},"8":{"loc":{"start":{"line":192,"column":6},"end":{"line":194,"column":7}},"type":"if","locations":[{"start":{"line":192,"column":6},"end":{"line":194,"column":7}},{"start":{},"end":{}}],"line":192},"9":{"loc":{"start":{"line":196,"column":6},"end":{"line":198,"column":7}},"type":"if","locations":[{"start":{"line":196,"column":6},"end":{"line":198,"column":7}},{"start":{},"end":{}}],"line":196},"10":{"loc":{"start":{"line":258,"column":4},"end":{"line":260,"column":5}},"type":"if","locations":[{"start":{"line":258,"column":4},"end":{"line":260,"column":5}},{"start":{},"end":{}}],"line":258},"11":{"loc":{"start":{"line":312,"column":10},"end":{"line":312,"column":84}},"type":"binary-expr","locations":[{"start":{"line":312,"column":10},"end":{"line":312,"column":55}},{"start":{"line":312,"column":59},"end":{"line":312,"column":84}}],"line":312},"12":{"loc":{"start":{"line":317,"column":23},"end":{"line":317,"column":82}},"type":"cond-expr","locations":[{"start":{"line":317,"column":50},"end":{"line":317,"column":70}},{"start":{"line":317,"column":73},"end":{"line":317,"column":82}}],"line":317}},"s":{"0":1,"1":1,"2":1,"3":1,"4":1,"5":1,"6":1,"7":1,"8":1,"9":2,"10":2,"11":2,"12":2,"13":3,"14":3,"15":3,"16":0,"17":0,"18":3,"19":3,"20":3,"21":0,"22":3,"23":3,"24":33,"25":3,"26":1,"27":2,"28":1,"29":1,"30":0,"31":1,"32":0,"33":1,"34":1,"35":2,"36":2,"37":0,"38":0,"39":0,"40":0,"41":0,"42":0,"43":2,"44":2,"45":2,"46":2,"47":1,"48":1,"49":1,"50":1,"51":2,"52":2,"53":2,"54":2,"55":0,"56":2,"57":1,"58":1,"59":1,"60":1,"61":1,"62":1,"63":1,"64":1,"65":1,"66":1,"67":0,"68":0,"69":2,"70":2,"71":2,"72":1,"73":1,"74":1,"75":1,"76":1,"77":1,"78":1,"79":1,"80":2,"81":2,"82":0,"83":0,"84":1,"85":1,"86":1,"87":1,"88":1,"89":2,"90":4,"91":2,"92":0,"93":0,"94":1,"95":1,"96":1,"97":1,"98":0,"99":0,"100":1,"101":1,"102":1,"103":1,"104":0,"105":0,"106":1},"f":{"0":1,"1":2,"2":3,"3":3,"4":33,"5":0,"6":2,"7":2,"8":1,"9":2,"10":1,"11":2,"12":1,"13":2,"14":4,"15":1,"16":1},"b":{"0":[0,3],"1":[1,2],"2":[1,1],"3":[0,1],"4":[0,1],"5":[2,0],"6":[0,0],"7":[1,1],"8":[0,2],"9":[1,1],"10":[1,1],"11":[4,2],"12":[1,1]},"_coverageSchema":"1a1c01bbd47fc00a2c39e90264f33305004495a9","hash":"a62f6c772625df335e6ade874f6efd77654acf34"}
,"E:\\CODE\\NFLPOOL\\nfl-atlas\\nfl-pool-app\\backend\\services\\requestService.js": {"path":"E:\\CODE\\NFLPOOL\\nfl-atlas\\nfl-pool-app\\backend\\services\\requestService.js","statementMap":{"0":{"start":{"line":6,"column":20},"end":{"line":6,"column":44}},"1":{"start":{"line":7,"column":17},"end":{"line":7,"column":36}},"2":{"start":{"line":8,"column":16},"end":{"line":8,"column":44}},"3":{"start":{"line":9,"column":13},"end":{"line":9,"column":38}},"4":{"start":{"line":10,"column":14},"end":{"line":10,"column":40}},"5":{"start":{"line":11,"column":22},"end":{"line":11,"column":55}},"6":{"start":{"line":12,"column":19},"end":{"line":12,"column":49}},"7":{"start":{"line":21,"column":4},"end":{"line":21,"column":19}},"8":{"start":{"line":42,"column":4},"end":{"line":42,"column":108}},"9":{"start":{"line":43,"column":17},"end":{"line":43,"column":44}},"10":{"start":{"line":44,"column":4},"end":{"line":47,"column":5}},"11":{"start":{"line":45,"column":6},"end":{"line":45,"column":61}},"12":{"start":{"line":46,"column":6},"end":{"line":46,"column":73}},"13":{"start":{"line":49,"column":26},"end":{"line":49,"column":80}},"14":{"start":{"line":50,"column":4},"end":{"line":53,"column":5}},"15":{"start":{"line":51,"column":6},"end":{"line":51,"column":95}},"16":{"start":{"line":52,"column":6},"end":{"line":52,"column":83}},"17":{"start":{"line":56,"column":28},"end":{"line":56,"column":86}},"18":{"start":{"line":57,"column":23},"end":{"line":57,"column":69}},"19":{"start":{"line":59,"column":24},"end":{"line":59,"column":50}},"20":{"start":{"line":61,"column":20},"end":{"line":67,"column":6}},"21":{"start":{"line":69,"column":4},"end":{"line":69,"column":68}},"22":{"start":{"line":70,"column":4},"end":{"line":70,"column":19}},"23":{"start":{"line":92,"column":20},"end":{"line":92,"column":53}},"24":{"start":{"line":93,"column":4},"end":{"line":96,"column":5}},"25":{"start":{"line":94,"column":6},"end":{"line":94,"column":67}},"26":{"start":{"line":95,"column":6},"end":{"line":95,"column":79}},"27":{"start":{"line":98,"column":4},"end":{"line":101,"column":5}},"28":{"start":{"line":99,"column":6},"end":{"line":99,"column":94}},"29":{"start":{"line":100,"column":6},"end":{"line":100,"column":107}},"30":{"start":{"line":103,"column":4},"end":{"line":103,"column":40}},"31":{"start":{"line":104,"column":4},"end":{"line":104,"column":42}},"32":{"start":{"line":105,"column":4},"end":{"line":105,"column":38}},"33":{"start":{"line":106,"column":4},"end":{"line":106,"column":25}},"34":{"start":{"line":108,"column":4},"end":{"line":108,"column":62}},"35":{"start":{"line":109,"column":4},"end":{"line":109,"column":19}},"36":{"start":{"line":129,"column":4},"end":{"line":162,"column":5}},"37":{"start":{"line":130,"column":22},"end":{"line":130,"column":55}},"38":{"start":{"line":131,"column":6},"end":{"line":133,"column":7}},"39":{"start":{"line":132,"column":8},"end":{"line":132,"column":81}},"40":{"start":{"line":135,"column":6},"end":{"line":137,"column":7}},"41":{"start":{"line":136,"column":8},"end":{"line":136,"column":92}},"42":{"start":{"line":139,"column":6},"end":{"line":141,"column":7}},"43":{"start":{"line":140,"column":8},"end":{"line":140,"column":86}},"44":{"start":{"line":143,"column":6},"end":{"line":143,"column":34}},"45":{"start":{"line":144,"column":6},"end":{"line":144,"column":27}},"46":{"start":{"line":146,"column":22},"end":{"line":146,"column":24}},"47":{"start":{"line":147,"column":6},"end":{"line":155,"column":7}},"48":{"start":{"line":147,"column":19},"end":{"line":147,"column":20}},"49":{"start":{"line":148,"column":22},"end":{"line":153,"column":10}},"50":{"start":{"line":154,"column":8},"end":{"line":154,"column":28}},"51":{"start":{"line":157,"column":6},"end":{"line":157,"column":93}},"52":{"start":{"line":158,"column":6},"end":{"line":158,"column":34}},"53":{"start":{"line":160,"column":6},"end":{"line":160,"column":68}},"54":{"start":{"line":161,"column":6},"end":{"line":161,"column":18}},"55":{"start":{"line":181,"column":20},"end":{"line":181,"column":53}},"56":{"start":{"line":182,"column":4},"end":{"line":185,"column":5}},"57":{"start":{"line":183,"column":6},"end":{"line":183,"column":67}},"58":{"start":{"line":184,"column":6},"end":{"line":184,"column":79}},"59":{"start":{"line":187,"column":4},"end":{"line":189,"column":5}},"60":{"start":{"line":188,"column":6},"end":{"line":188,"column":80}},"61":{"start":{"line":191,"column":4},"end":{"line":191,"column":32}},"62":{"start":{"line":192,"column":4},"end":{"line":192,"column":25}},"63":{"start":{"line":194,"column":4},"end":{"line":194,"column":53}},"64":{"start":{"line":195,"column":4},"end":{"line":195,"column":19}},"65":{"start":{"line":210,"column":28},"end":{"line":210,"column":86}},"66":{"start":{"line":211,"column":28},"end":{"line":214,"column":6}},"67":{"start":{"line":216,"column":32},"end":{"line":216,"column":131}},"68":{"start":{"line":217,"column":4},"end":{"line":217,"column":49}},"69":{"start":{"line":230,"column":4},"end":{"line":230,"column":86}},"70":{"start":{"line":249,"column":17},"end":{"line":249,"column":44}},"71":{"start":{"line":250,"column":4},"end":{"line":253,"column":5}},"72":{"start":{"line":251,"column":6},"end":{"line":251,"column":61}},"73":{"start":{"line":252,"column":6},"end":{"line":252,"column":73}},"74":{"start":{"line":254,"column":4},"end":{"line":254,"column":77}},"75":{"start":{"line":268,"column":4},"end":{"line":268,"column":73}},"76":{"start":{"line":287,"column":20},"end":{"line":287,"column":53}},"77":{"start":{"line":288,"column":4},"end":{"line":291,"column":5}},"78":{"start":{"line":289,"column":6},"end":{"line":289,"column":67}},"79":{"start":{"line":290,"column":6},"end":{"line":290,"column":79}},"80":{"start":{"line":292,"column":4},"end":{"line":292,"column":19}},"81":{"start":{"line":296,"column":0},"end":{"line":296,"column":38}}},"fnMap":{"0":{"name":"(anonymous_0)","decl":{"start":{"line":20,"column":2},"end":{"line":20,"column":3}},"loc":{"start":{"line":20,"column":16},"end":{"line":22,"column":3}},"line":20},"1":{"name":"(anonymous_1)","decl":{"start":{"line":41,"column":2},"end":{"line":41,"column":3}},"loc":{"start":{"line":41,"column":55},"end":{"line":71,"column":3}},"line":41},"2":{"name":"(anonymous_2)","decl":{"start":{"line":91,"column":2},"end":{"line":91,"column":3}},"loc":{"start":{"line":91,"column":70},"end":{"line":110,"column":3}},"line":91},"3":{"name":"(anonymous_3)","decl":{"start":{"line":128,"column":2},"end":{"line":128,"column":3}},"loc":{"start":{"line":128,"column":34},"end":{"line":163,"column":3}},"line":128},"4":{"name":"(anonymous_4)","decl":{"start":{"line":180,"column":2},"end":{"line":180,"column":3}},"loc":{"start":{"line":180,"column":33},"end":{"line":196,"column":3}},"line":180},"5":{"name":"(anonymous_5)","decl":{"start":{"line":209,"column":2},"end":{"line":209,"column":3}},"loc":{"start":{"line":209,"column":52},"end":{"line":218,"column":3}},"line":209},"6":{"name":"(anonymous_6)","decl":{"start":{"line":229,"column":2},"end":{"line":229,"column":3}},"loc":{"start":{"line":229,"column":25},"end":{"line":231,"column":3}},"line":229},"7":{"name":"(anonymous_7)","decl":{"start":{"line":248,"column":2},"end":{"line":248,"column":3}},"loc":{"start":{"line":248,"column":32},"end":{"line":255,"column":3}},"line":248},"8":{"name":"(anonymous_8)","decl":{"start":{"line":267,"column":2},"end":{"line":267,"column":3}},"loc":{"start":{"line":267,"column":32},"end":{"line":269,"column":3}},"line":267},"9":{"name":"(anonymous_9)","decl":{"start":{"line":286,"column":2},"end":{"line":286,"column":3}},"loc":{"start":{"line":286,"column":34},"end":{"line":293,"column":3}},"line":286}},"branchMap":{"0":{"loc":{"start":{"line":44,"column":4},"end":{"line":47,"column":5}},"type":"if","locations":[{"start":{"line":44,"column":4},"end":{"line":47,"column":5}},{"start":{},"end":{}}],"line":44},"1":{"loc":{"start":{"line":50,"column":4},"end":{"line":53,"column":5}},"type":"if","locations":[{"start":{"line":50,"column":4},"end":{"line":53,"column":5}},{"start":{},"end":{}}],"line":50},"2":{"loc":{"start":{"line":93,"column":4},"end":{"line":96,"column":5}},"type":"if","locations":[{"start":{"line":93,"column":4},"end":{"line":96,"column":5}},{"start":{},"end":{}}],"line":93},"3":{"loc":{"start":{"line":98,"column":4},"end":{"line":101,"column":5}},"type":"if","locations":[{"start":{"line":98,"column":4},"end":{"line":101,"column":5}},{"start":{},"end":{}}],"line":98},"4":{"loc":{"start":{"line":131,"column":6},"end":{"line":133,"column":7}},"type":"if","locations":[{"start":{"line":131,"column":6},"end":{"line":133,"column":7}},{"start":{},"end":{}}],"line":131},"5":{"loc":{"start":{"line":135,"column":6},"end":{"line":137,"column":7}},"type":"if","locations":[{"start":{"line":135,"column":6},"end":{"line":137,"column":7}},{"start":{},"end":{}}],"line":135},"6":{"loc":{"start":{"line":139,"column":6},"end":{"line":141,"column":7}},"type":"if","locations":[{"start":{"line":139,"column":6},"end":{"line":141,"column":7}},{"start":{},"end":{}}],"line":139},"7":{"loc":{"start":{"line":182,"column":4},"end":{"line":185,"column":5}},"type":"if","locations":[{"start":{"line":182,"column":4},"end":{"line":185,"column":5}},{"start":{},"end":{}}],"line":182},"8":{"loc":{"start":{"line":187,"column":4},"end":{"line":189,"column":5}},"type":"if","locations":[{"start":{"line":187,"column":4},"end":{"line":189,"column":5}},{"start":{},"end":{}}],"line":187},"9":{"loc":{"start":{"line":216,"column":32},"end":{"line":216,"column":131}},"type":"cond-expr","locations":[{"start":{"line":216,"column":96},"end":{"line":216,"column":127}},{"start":{"line":216,"column":130},"end":{"line":216,"column":131}}],"line":216},"10":{"loc":{"start":{"line":216,"column":32},"end":{"line":216,"column":93}},"type":"binary-expr","locations":[{"start":{"line":216,"column":32},"end":{"line":216,"column":58}},{"start":{"line":216,"column":62},"end":{"line":216,"column":93}}],"line":216},"11":{"loc":{"start":{"line":250,"column":4},"end":{"line":253,"column":5}},"type":"if","locations":[{"start":{"line":250,"column":4},"end":{"line":253,"column":5}},{"start":{},"end":{}}],"line":250},"12":{"loc":{"start":{"line":288,"column":4},"end":{"line":291,"column":5}},"type":"if","locations":[{"start":{"line":288,"column":4},"end":{"line":291,"column":5}},{"start":{},"end":{}}],"line":288}},"s":{"0":1,"1":1,"2":1,"3":1,"4":1,"5":1,"6":1,"7":1,"8":3,"9":3,"10":3,"11":1,"12":1,"13":2,"14":2,"15":1,"16":1,"17":1,"18":1,"19":1,"20":1,"21":1,"22":1,"23":3,"24":3,"25":1,"26":1,"27":2,"28":1,"29":1,"30":1,"31":1,"32":1,"33":1,"34":1,"35":1,"36":4,"37":4,"38":4,"39":1,"40":3,"41":1,"42":2,"43":1,"44":1,"45":1,"46":1,"47":1,"48":1,"49":2,"50":2,"51":1,"52":1,"53":3,"54":3,"55":3,"56":3,"57":1,"58":1,"59":2,"60":1,"61":1,"62":1,"63":1,"64":1,"65":3,"66":3,"67":3,"68":3,"69":1,"70":2,"71":2,"72":1,"73":1,"74":1,"75":1,"76":2,"77":2,"78":1,"79":1,"80":1,"81":1},"f":{"0":1,"1":3,"2":3,"3":4,"4":3,"5":3,"6":1,"7":2,"8":1,"9":2},"b":{"0":[1,2],"1":[1,1],"2":[1,2],"3":[1,1],"4":[1,3],"5":[1,2],"6":[1,1],"7":[1,2],"8":[1,1],"9":[2,1],"10":[3,2],"11":[1,1],"12":[1,1]},"_coverageSchema":"1a1c01bbd47fc00a2c39e90264f33305004495a9","hash":"23f50d3e477bec168f16782107d54f3d411d9423"}
,"E:\\CODE\\NFLPOOL\\nfl-atlas\\nfl-pool-app\\backend\\utils\\errorResponse.js": {"path":"E:\\CODE\\NFLPOOL\\nfl-atlas\\nfl-pool-app\\backend\\utils\\errorResponse.js","statementMap":{"0":{"start":{"line":18,"column":4},"end":{"line":18,"column":19}},"1":{"start":{"line":19,"column":4},"end":{"line":19,"column":33}},"2":{"start":{"line":23,"column":0},"end":{"line":23,"column":31}}},"fnMap":{"0":{"name":"(anonymous_0)","decl":{"start":{"line":17,"column":2},"end":{"line":17,"column":3}},"loc":{"start":{"line":17,"column":35},"end":{"line":20,"column":3}},"line":17}},"branchMap":{},"s":{"0":26,"1":26,"2":4},"f":{"0":26},"b":{},"_coverageSchema":"1a1c01bbd47fc00a2c39e90264f33305004495a9","hash":"479371f9950ab35aef05e06219bf03dcda687fb8"}
,"E:\\CODE\\NFLPOOL\\nfl-atlas\\nfl-pool-app\\backend\\utils\\logger.js": {"path":"E:\\CODE\\NFLPOOL\\nfl-atlas\\nfl-pool-app\\backend\\utils\\logger.js","statementMap":{"0":{"start":{"line":5,"column":16},"end":{"line":5,"column":34}},"1":{"start":{"line":11,"column":15},"end":{"line":21,"column":2}},"2":{"start":{"line":23,"column":0},"end":{"line":27,"column":1}},"3":{"start":{"line":24,"column":2},"end":{"line":26,"column":6}},"4":{"start":{"line":29,"column":0},"end":{"line":29,"column":24}}},"fnMap":{},"branchMap":{"0":{"loc":{"start":{"line":23,"column":0},"end":{"line":27,"column":1}},"type":"if","locations":[{"start":{"line":23,"column":0},"end":{"line":27,"column":1}},{"start":{},"end":{}}],"line":23}},"s":{"0":1,"1":1,"2":1,"3":1,"4":1},"f":{},"b":{"0":[1,0]},"_coverageSchema":"1a1c01bbd47fc00a2c39e90264f33305004495a9","hash":"d7738ccbd0cc2f4e554738a49f7ccc8cb3b2f1c4"}
,"E:\\CODE\\NFLPOOL\\nfl-atlas\\nfl-pool-app\\backend\\utils\\testLogger.js": {"path":"E:\\CODE\\NFLPOOL\\nfl-atlas\\nfl-pool-app\\backend\\utils\\testLogger.js","statementMap":{"0":{"start":{"line":5,"column":16},"end":{"line":5,"column":34}},"1":{"start":{"line":11,"column":19},"end":{"line":19,"column":2}},"2":{"start":{"line":21,"column":0},"end":{"line":21,"column":28}}},"fnMap":{},"branchMap":{"0":{"loc":{"start":{"line":12,"column":9},"end":{"line":12,"column":59}},"type":"cond-expr","locations":[{"start":{"line":12,"column":43},"end":{"line":12,"column":50}},{"start":{"line":12,"column":53},"end":{"line":12,"column":59}}],"line":12}},"s":{"0":1,"1":1,"2":1},"f":{},"b":{"0":[1,0]},"_coverageSchema":"1a1c01bbd47fc00a2c39e90264f33305004495a9","hash":"7b0e5408237433a0b461c3dbfcbf5f193ed5abdc"}
}
