TN:
SF:__tests__\mockDataFactory.js
FN:6,(anonymous_0)
FN:8,(anonymous_1)
FN:34,(anonymous_2)
FN:40,(anonymous_3)
FN:51,(anonymous_4)
FN:69,(anonymous_5)
FN:78,(anonymous_6)
FN:89,(anonymous_7)
FN:108,(anonymous_8)
FN:109,(anonymous_9)
FNF:10
FNH:9
FNDA:316,(anonymous_0)
FNDA:103,(anonymous_1)
FNDA:0,(anonymous_2)
FNDA:57,(anonymous_3)
FNDA:82,(anonymous_4)
FNDA:47,(anonymous_5)
FNDA:18,(anonymous_6)
FNDA:37,(anonymous_7)
FNDA:148,(anonymous_8)
FNDA:148,(anonymous_9)
DA:1,12
DA:2,12
DA:3,12
DA:6,316
DA:8,12
DA:9,103
DA:10,103
DA:11,103
DA:12,103
DA:13,103
DA:14,103
DA:16,103
DA:34,12
DA:40,57
DA:51,82
DA:69,47
DA:78,18
DA:89,37
DA:108,148
DA:109,148
DA:212,12
LF:21
LH:21
BRDA:8,0,0,72
BRDA:27,1,0,46
BRDA:27,1,1,57
BRDA:28,2,0,50
BRDA:28,2,1,53
BRDA:34,3,0,0
BRDA:40,4,0,30
BRDA:42,5,0,57
BRDA:42,5,1,0
BRDA:43,6,0,57
BRDA:43,6,1,0
BRDA:51,7,0,38
BRDA:58,8,0,82
BRDA:58,8,1,0
BRDA:69,9,0,27
BRDA:78,10,0,1
BRDA:81,11,0,18
BRDA:81,11,1,10
BRDA:82,12,0,18
BRDA:82,12,1,10
BRDA:83,13,0,18
BRDA:83,13,1,1
BRDA:84,14,0,18
BRDA:84,14,1,1
BRDA:85,15,0,18
BRDA:85,15,1,18
BRDA:89,16,0,7
BRF:27
BRH:23
end_of_record
TN:
SF:__tests__\testUtils.js
FN:26,(anonymous_0)
FN:40,(anonymous_1)
FN:49,(anonymous_2)
FN:62,(anonymous_3)
FN:75,(anonymous_4)
FN:87,(anonymous_5)
FN:98,(anonymous_6)
FN:111,(anonymous_7)
FN:124,(anonymous_8)
FN:141,(anonymous_9)
FN:151,(anonymous_10)
FN:161,(anonymous_11)
FN:170,(anonymous_12)
FN:180,(anonymous_13)
FN:192,(anonymous_14)
FN:202,(anonymous_15)
FN:212,(anonymous_16)
FN:222,(anonymous_17)
FN:232,(anonymous_18)
FN:247,(anonymous_19)
FN:257,(anonymous_20)
FN:267,(anonymous_21)
FN:277,(anonymous_22)
FN:286,(anonymous_23)
FN:295,(anonymous_24)
FNF:25
FNH:8
FNDA:0,(anonymous_0)
FNDA:0,(anonymous_1)
FNDA:0,(anonymous_2)
FNDA:28,(anonymous_3)
FNDA:0,(anonymous_4)
FNDA:24,(anonymous_5)
FNDA:25,(anonymous_6)
FNDA:12,(anonymous_7)
FNDA:7,(anonymous_8)
FNDA:24,(anonymous_9)
FNDA:0,(anonymous_10)
FNDA:0,(anonymous_11)
FNDA:0,(anonymous_12)
FNDA:1,(anonymous_13)
FNDA:0,(anonymous_14)
FNDA:0,(anonymous_15)
FNDA:0,(anonymous_16)
FNDA:0,(anonymous_17)
FNDA:1,(anonymous_18)
FNDA:0,(anonymous_19)
FNDA:0,(anonymous_20)
FNDA:0,(anonymous_21)
FNDA:0,(anonymous_22)
FNDA:0,(anonymous_23)
FNDA:0,(anonymous_24)
DA:1,3
DA:2,3
DA:3,3
DA:4,3
DA:5,3
DA:6,3
DA:7,3
DA:8,3
DA:9,3
DA:19,3
DA:26,3
DA:27,0
DA:28,0
DA:29,0
DA:40,3
DA:41,0
DA:42,0
DA:43,0
DA:49,3
DA:50,0
DA:51,0
DA:52,0
DA:53,0
DA:62,3
DA:63,28
DA:64,28
DA:65,28
DA:66,28
DA:68,28
DA:75,3
DA:76,0
DA:77,0
DA:87,3
DA:88,24
DA:89,24
DA:98,3
DA:99,25
DA:100,25
DA:111,3
DA:112,12
DA:113,12
DA:124,3
DA:125,7
DA:126,7
DA:131,7
DA:132,7
DA:133,7
DA:134,7
DA:141,3
DA:142,24
DA:143,24
DA:151,3
DA:152,0
DA:161,3
DA:162,0
DA:170,3
DA:171,0
DA:180,3
DA:181,1
DA:192,3
DA:193,0
DA:202,3
DA:203,0
DA:212,3
DA:213,0
DA:222,3
DA:223,0
DA:232,3
DA:233,1
DA:240,3
DA:247,3
DA:248,0
DA:257,3
DA:258,0
DA:267,3
DA:268,0
DA:277,3
DA:278,0
DA:286,3
DA:287,0
DA:295,3
DA:296,0
LF:82
LH:57
BRDA:62,0,0,28
BRDA:64,1,0,28
BRDA:64,1,1,0
BRDA:75,2,0,0
BRDA:87,3,0,19
BRDA:98,4,0,24
BRDA:111,5,0,12
BRDA:124,6,0,0
BRDA:127,7,0,7
BRDA:127,7,1,0
BRDA:128,8,0,7
BRDA:128,8,1,0
BRDA:141,9,0,8
BRF:13
BRH:8
end_of_record
TN:
SF:__tests__\mockModels\Entry.js
FNF:0
FNH:0
DA:1,1
DA:3,1
DA:38,1
DA:45,1
LF:4
LH:4
BRF:0
BRH:0
end_of_record
TN:
SF:__tests__\mockModels\Pick.js
FNF:0
FNH:0
DA:1,2
DA:3,2
DA:33,2
LF:3
LH:3
BRF:0
BRH:0
end_of_record
TN:
SF:__tests__\mockModels\Request.js
FNF:0
FNH:0
DA:1,1
DA:3,1
DA:16,1
LF:3
LH:3
BRF:0
BRH:0
end_of_record
TN:
SF:config\rundownApi.js
FNF:0
FNH:0
DA:2,2
LF:1
LH:1
BRF:0
BRH:0
end_of_record
TN:
SF:controllers\entries.js
FN:19,(anonymous_0)
FN:37,(anonymous_1)
FN:52,(anonymous_2)
FN:75,(anonymous_3)
FN:95,(anonymous_4)
FN:112,(anonymous_5)
FNF:6
FNH:6
FNDA:1,(anonymous_0)
FNDA:2,(anonymous_1)
FNDA:2,(anonymous_2)
FNDA:2,(anonymous_3)
FNDA:2,(anonymous_4)
FNDA:2,(anonymous_5)
DA:6,1
DA:7,1
DA:19,1
DA:20,1
DA:21,1
DA:37,1
DA:38,2
DA:39,1
DA:52,1
DA:53,2
DA:54,2
DA:55,1
DA:75,1
DA:76,2
DA:77,2
DA:78,2
DA:79,1
DA:95,1
DA:96,2
DA:97,2
DA:98,2
DA:112,1
DA:113,2
DA:114,2
DA:115,2
LF:25
LH:25
BRF:0
BRH:0
end_of_record
TN:
SF:controllers\picks.js
FN:4,(anonymous_0)
FN:13,(anonymous_1)
FN:21,(anonymous_2)
FN:35,(anonymous_3)
FNF:4
FNH:4
FNDA:2,(anonymous_0)
FNDA:2,(anonymous_1)
FNDA:2,(anonymous_2)
FNDA:2,(anonymous_3)
DA:1,1
DA:2,1
DA:4,1
DA:5,2
DA:6,1
DA:13,1
DA:14,2
DA:15,1
DA:21,1
DA:22,2
DA:29,1
DA:35,1
DA:36,2
DA:37,1
LF:14
LH:14
BRF:0
BRH:0
end_of_record
TN:
SF:controllers\pools.js
FN:20,(anonymous_0)
FN:35,(anonymous_1)
FN:51,(anonymous_2)
FN:70,(anonymous_3)
FN:88,(anonymous_4)
FN:104,(anonymous_5)
FN:119,(anonymous_6)
FN:136,(anonymous_7)
FN:149,(anonymous_8)
FN:163,(anonymous_9)
FN:182,(anonymous_10)
FN:200,(anonymous_11)
FNF:12
FNH:12
FNDA:1,(anonymous_0)
FNDA:2,(anonymous_1)
FNDA:2,(anonymous_2)
FNDA:1,(anonymous_3)
FNDA:1,(anonymous_4)
FNDA:1,(anonymous_5)
FNDA:1,(anonymous_6)
FNDA:1,(anonymous_7)
FNDA:1,(anonymous_8)
FNDA:1,(anonymous_9)
FNDA:1,(anonymous_10)
FNDA:1,(anonymous_11)
DA:6,1
DA:7,1
DA:8,1
DA:9,1
DA:10,1
DA:20,1
DA:21,1
DA:35,1
DA:36,2
DA:37,1
DA:51,1
DA:52,2
DA:53,1
DA:70,1
DA:71,1
DA:72,1
DA:88,1
DA:89,1
DA:90,1
DA:104,1
DA:105,1
DA:106,1
DA:119,1
DA:120,1
DA:121,1
DA:136,1
DA:137,1
DA:138,1
DA:149,1
DA:150,1
DA:151,1
DA:152,1
DA:163,1
DA:164,1
DA:165,1
DA:167,1
DA:182,1
DA:183,1
DA:184,1
DA:200,1
DA:201,1
DA:202,1
LF:42
LH:42
BRF:0
BRH:0
end_of_record
TN:
SF:controllers\requests.js
FN:23,(anonymous_0)
FN:50,(anonymous_1)
FN:69,(anonymous_2)
FN:86,(anonymous_3)
FN:100,(anonymous_4)
FN:115,(anonymous_5)
FN:129,(anonymous_6)
FN:134,(anonymous_7)
FNF:8
FNH:6
FNDA:2,(anonymous_0)
FNDA:2,(anonymous_1)
FNDA:1,(anonymous_2)
FNDA:1,(anonymous_3)
FNDA:0,(anonymous_4)
FNDA:1,(anonymous_5)
FNDA:1,(anonymous_6)
FNDA:0,(anonymous_7)
DA:6,1
DA:7,1
DA:8,1
DA:23,1
DA:24,2
DA:27,2
DA:28,2
DA:29,1
DA:32,1
DA:33,1
DA:50,1
DA:51,2
DA:52,2
DA:54,2
DA:55,1
DA:69,1
DA:70,1
DA:71,1
DA:72,1
DA:86,1
DA:87,1
DA:88,1
DA:89,1
DA:100,1
DA:101,0
DA:102,0
DA:115,1
DA:116,1
DA:117,1
DA:118,1
DA:129,1
DA:130,1
DA:131,1
DA:134,1
DA:135,0
DA:136,0
DA:138,0
DA:139,0
DA:142,0
DA:144,0
LF:40
LH:32
BRDA:28,0,0,1
BRDA:28,0,1,1
BRDA:138,1,0,0
BRDA:138,1,1,0
BRF:4
BRH:2
end_of_record
TN:
SF:middleware\async.js
FN:12,(anonymous_0)
FN:12,(anonymous_1)
FNF:2
FNH:2
FNDA:36,(anonymous_0)
FNDA:49,(anonymous_1)
DA:12,36
DA:13,49
DA:15,4
LF:3
LH:3
BRF:0
BRH:0
end_of_record
TN:
SF:middleware\error.js
FN:27,(anonymous_0)
FN:37,(anonymous_1)
FNF:2
FNH:1
FNDA:11,(anonymous_0)
FNDA:0,(anonymous_1)
DA:6,4
DA:12,4
DA:27,4
DA:28,11
DA:30,11
DA:33,11
DA:35,11
DA:36,0
DA:37,0
DA:42,11
DA:43,0
DA:46,11
DA:48,11
DA:55,4
LF:14
LH:11
BRDA:35,0,0,0
BRDA:35,0,1,11
BRDA:37,1,0,0
BRDA:37,1,1,0
BRDA:42,2,0,0
BRDA:42,2,1,11
BRDA:48,3,0,11
BRDA:48,3,1,1
BRDA:50,4,0,11
BRDA:50,4,1,0
BRDA:51,5,0,11
BRDA:51,5,1,0
BRF:12
BRH:6
end_of_record
TN:
SF:models\Entry.js
FNF:0
FNH:0
DA:7,10
DA:26,10
DA:68,10
DA:77,10
DA:88,10
DA:90,10
LF:6
LH:6
BRF:0
BRH:0
end_of_record
TN:
SF:models\Game.js
FNF:0
FNH:0
DA:5,6
DA:95,6
DA:192,6
DA:193,6
DA:195,6
LF:5
LH:5
BRF:0
BRH:0
end_of_record
TN:
SF:models\Pick.js
FNF:0
FNH:0
DA:7,5
DA:26,5
DA:68,5
DA:74,5
DA:76,5
LF:5
LH:5
BRF:0
BRH:0
end_of_record
TN:
SF:models\Pool.js
FNF:0
FNH:0
DA:7,12
DA:35,12
DA:130,12
DA:144,12
DA:158,12
DA:169,12
DA:171,12
LF:7
LH:7
BRF:0
BRH:0
end_of_record
TN:
SF:models\Request.js
FNF:0
FNH:0
DA:7,10
DA:31,10
DA:94,10
DA:96,10
LF:4
LH:4
BRF:0
BRH:0
end_of_record
TN:
SF:models\Settings.js
FNF:0
FNH:0
DA:2,1
DA:4,1
DA:16,1
LF:3
LH:3
BRF:0
BRH:0
end_of_record
TN:
SF:models\User.js
FN:91,(anonymous_0)
FN:111,(anonymous_1)
FN:137,(anonymous_2)
FN:152,(anonymous_3)
FN:175,(anonymous_4)
FNF:5
FNH:5
FNDA:104,(anonymous_0)
FNDA:103,(anonymous_1)
FNDA:1,(anonymous_2)
FNDA:2,(anonymous_3)
FNDA:1,(anonymous_4)
DA:6,12
DA:7,12
DA:8,12
DA:9,12
DA:33,12
DA:88,12
DA:91,12
DA:92,104
DA:93,104
DA:94,103
DA:95,103
DA:96,1
DA:97,1
DA:98,1
DA:101,104
DA:111,12
DA:113,103
DA:114,1
DA:118,102
DA:119,0
DA:123,102
DA:125,102
DA:126,102
DA:137,12
DA:138,1
DA:152,12
DA:153,2
DA:154,2
DA:155,2
DA:157,2
DA:158,2
DA:159,2
DA:160,2
DA:162,0
DA:163,0
DA:175,12
DA:176,1
DA:179,1
DA:185,1
DA:187,1
DA:197,12
DA:211,12
DA:222,12
DA:224,12
LF:44
LH:41
BRDA:93,0,0,103
BRDA:93,0,1,1
BRDA:95,1,0,1
BRDA:95,1,1,102
BRDA:113,2,0,1
BRDA:113,2,1,102
BRDA:118,3,0,0
BRDA:118,3,1,102
BRF:8
BRH:7
end_of_record
TN:
SF:routes\entries.js
FNF:0
FNH:0
DA:2,1
DA:10,1
DA:11,1
DA:12,1
DA:14,1
DA:43,1
DA:79,1
DA:116,1
DA:150,1
DA:202,1
DA:246,1
DA:249,1
LF:12
LH:12
BRF:0
BRH:0
end_of_record
TN:
SF:routes\picks.js
FNF:0
FNH:0
DA:1,1
DA:7,1
DA:8,1
DA:9,1
DA:11,1
DA:49,1
DA:188,1
DA:193,1
LF:8
LH:8
BRF:0
BRH:0
end_of_record
TN:
SF:routes\pools.js
FNF:0
FNH:0
DA:1,1
DA:15,1
DA:17,1
DA:19,1
DA:21,1
DA:22,1
DA:71,1
DA:74,1
DA:103,1
DA:132,1
DA:161,1
DA:188,1
DA:223,1
DA:256,1
DA:299,1
DA:334,1
DA:367,1
DA:404,1
DA:451,1
DA:453,1
LF:20
LH:20
BRF:0
BRH:0
end_of_record
TN:
SF:routes\requests.js
FNF:0
FNH:0
DA:2,1
DA:3,1
DA:4,1
DA:13,1
DA:15,1
DA:17,1
DA:58,1
DA:87,1
DA:120,1
DA:169,1
DA:206,1
DA:248,1
DA:283,1
DA:285,1
LF:14
LH:14
BRF:0
BRH:0
end_of_record
TN:
SF:services\baseService.js
FN:22,(anonymous_0)
FN:36,(anonymous_1)
FN:54,(anonymous_2)
FN:77,(anonymous_3)
FN:100,(anonymous_4)
FN:126,(anonymous_5)
FNF:6
FNH:6
FNDA:18,(anonymous_0)
FNDA:3,(anonymous_1)
FNDA:6,(anonymous_2)
FNDA:2,(anonymous_3)
FNDA:5,(anonymous_4)
FNDA:3,(anonymous_5)
DA:6,5
DA:7,5
DA:23,18
DA:37,3
DA:38,3
DA:40,1
DA:55,6
DA:56,6
DA:57,5
DA:58,1
DA:60,4
DA:62,2
DA:63,1
DA:78,2
DA:79,2
DA:80,2
DA:81,1
DA:82,1
DA:84,1
DA:85,1
DA:101,5
DA:102,5
DA:106,4
DA:107,1
DA:109,3
DA:111,2
DA:112,1
DA:127,3
DA:128,3
DA:129,2
DA:130,1
DA:132,1
DA:134,2
DA:135,1
DA:140,5
LF:35
LH:35
BRDA:36,0,0,2
BRDA:57,1,0,1
BRDA:57,1,1,4
BRDA:62,2,0,1
BRDA:62,2,1,1
BRDA:106,3,0,1
BRDA:106,3,1,3
BRDA:111,4,0,1
BRDA:111,4,1,1
BRDA:129,5,0,1
BRDA:129,5,1,1
BRDA:134,6,0,1
BRDA:134,6,1,1
BRF:13
BRH:13
end_of_record
TN:
SF:services\entryService.js
FN:32,(anonymous_0)
FN:57,(anonymous_1)
FN:82,(anonymous_2)
FN:111,(anonymous_3)
FN:141,(anonymous_4)
FN:193,(anonymous_5)
FN:199,(anonymous_6)
FN:220,(anonymous_7)
FN:260,(anonymous_8)
FNF:9
FNH:8
FNDA:1,(anonymous_0)
FNDA:1,(anonymous_1)
FNDA:2,(anonymous_2)
FNDA:0,(anonymous_3)
FNDA:3,(anonymous_4)
FNDA:2,(anonymous_5)
FNDA:1,(anonymous_6)
FNDA:2,(anonymous_7)
FNDA:1,(anonymous_8)
DA:5,1
DA:6,1
DA:7,1
DA:8,1
DA:9,1
DA:33,1
DA:34,1
DA:36,0
DA:58,1
DA:59,1
DA:61,0
DA:83,2
DA:84,2
DA:85,0
DA:88,2
DA:89,1
DA:92,1
DA:112,0
DA:113,0
DA:114,0
DA:117,0
DA:142,3
DA:143,3
DA:144,0
DA:147,3
DA:148,0
DA:151,3
DA:152,0
DA:156,3
DA:162,3
DA:163,1
DA:167,2
DA:173,2
DA:194,2
DA:195,2
DA:196,0
DA:199,2
DA:200,2
DA:221,2
DA:222,2
DA:224,2
DA:225,1
DA:233,1
DA:236,2
DA:237,2
DA:239,0
DA:261,1
DA:262,1
DA:263,0
DA:266,1
DA:267,1
DA:268,1
DA:270,1
DA:274,1
LF:54
LH:41
BRDA:84,0,0,0
BRDA:84,0,1,2
BRDA:88,1,0,1
BRDA:88,1,1,1
BRDA:113,2,0,0
BRDA:113,2,1,0
BRDA:143,3,0,0
BRDA:143,3,1,3
BRDA:147,4,0,0
BRDA:147,4,1,3
BRDA:151,5,0,0
BRDA:151,5,1,3
BRDA:151,6,0,3
BRDA:151,6,1,3
BRDA:162,7,0,1
BRDA:162,7,1,2
BRDA:195,8,0,0
BRDA:195,8,1,2
BRDA:200,9,0,2
BRDA:200,9,1,1
BRDA:224,10,0,1
BRDA:224,10,1,1
BRDA:262,11,0,0
BRDA:262,11,1,1
BRF:24
BRH:16
end_of_record
TN:
SF:services\pickService.js
FN:38,(anonymous_0)
FN:120,(anonymous_1)
FN:147,(anonymous_2)
FN:180,(anonymous_3)
FN:236,(anonymous_4)
FNF:5
FNH:3
FNDA:4,(anonymous_0)
FNDA:1,(anonymous_1)
FNDA:1,(anonymous_2)
FNDA:0,(anonymous_3)
FNDA:0,(anonymous_4)
DA:6,1
DA:7,1
DA:8,1
DA:9,1
DA:10,1
DA:11,1
DA:39,4
DA:41,4
DA:42,4
DA:43,0
DA:44,0
DA:47,4
DA:48,1
DA:49,1
DA:52,3
DA:53,0
DA:54,0
DA:57,3
DA:63,3
DA:64,1
DA:65,1
DA:68,2
DA:77,2
DA:78,0
DA:79,0
DA:82,2
DA:83,2
DA:84,1
DA:85,1
DA:88,1
DA:98,1
DA:99,1
DA:121,1
DA:122,1
DA:123,1
DA:124,1
DA:126,0
DA:127,0
DA:148,1
DA:149,1
DA:150,1
DA:151,1
DA:153,0
DA:154,0
DA:181,0
DA:183,0
DA:184,0
DA:185,0
DA:186,0
DA:189,0
DA:190,0
DA:191,0
DA:194,0
DA:195,0
DA:196,0
DA:197,0
DA:200,0
DA:201,0
DA:202,0
DA:203,0
DA:207,0
DA:209,0
DA:215,0
DA:216,0
DA:237,0
DA:239,0
DA:240,0
DA:241,0
DA:242,0
DA:245,0
DA:246,0
DA:247,0
DA:250,0
DA:251,0
DA:252,0
DA:253,0
DA:256,0
DA:260,1
LF:78
LH:35
BRDA:42,0,0,0
BRDA:42,0,1,4
BRDA:47,1,0,1
BRDA:47,1,1,3
BRDA:52,2,0,0
BRDA:52,2,1,3
BRDA:52,3,0,3
BRDA:52,3,1,3
BRDA:63,4,0,1
BRDA:63,4,1,2
BRDA:77,5,0,0
BRDA:77,5,1,2
BRDA:83,6,0,1
BRDA:83,6,1,1
BRDA:184,7,0,0
BRDA:184,7,1,0
BRDA:189,8,0,0
BRDA:189,8,1,0
BRDA:195,9,0,0
BRDA:195,9,1,0
BRDA:201,10,0,0
BRDA:201,10,1,0
BRDA:240,11,0,0
BRDA:240,11,1,0
BRDA:245,12,0,0
BRDA:245,12,1,0
BRDA:251,13,0,0
BRDA:251,13,1,0
BRF:28
BRH:11
end_of_record
TN:
SF:services\poolService.js
FN:23,(anonymous_0)
FN:42,(anonymous_1)
FN:47,(anonymous_2)
FN:103,(anonymous_3)
FN:112,(anonymous_4)
FN:156,(anonymous_5)
FN:184,(anonymous_6)
FN:216,(anonymous_7)
FN:252,(anonymous_8)
FN:284,(anonymous_9)
FN:304,(anonymous_10)
FN:309,(anonymous_11)
FN:333,(anonymous_12)
FN:339,(anonymous_13)
FN:340,(anonymous_14)
FN:362,(anonymous_15)
FN:407,(anonymous_16)
FNF:17
FNH:16
FNDA:2,(anonymous_0)
FNDA:2,(anonymous_1)
FNDA:3,(anonymous_2)
FNDA:3,(anonymous_3)
FNDA:33,(anonymous_4)
FNDA:0,(anonymous_5)
FNDA:2,(anonymous_6)
FNDA:2,(anonymous_7)
FNDA:1,(anonymous_8)
FNDA:2,(anonymous_9)
FNDA:1,(anonymous_10)
FNDA:2,(anonymous_11)
FNDA:1,(anonymous_12)
FNDA:2,(anonymous_13)
FNDA:4,(anonymous_14)
FNDA:1,(anonymous_15)
FNDA:1,(anonymous_16)
DA:5,2
DA:6,2
DA:7,2
DA:8,2
DA:9,2
DA:10,2
DA:11,2
DA:12,2
DA:24,2
DA:43,2
DA:44,2
DA:45,2
DA:47,2
DA:48,3
DA:49,3
DA:51,3
DA:59,0
DA:60,0
DA:104,3
DA:105,3
DA:106,3
DA:107,0
DA:111,3
DA:112,33
DA:114,3
DA:115,1
DA:119,2
DA:120,0
DA:122,2
DA:123,0
DA:125,2
DA:126,0
DA:128,2
DA:129,0
DA:131,2
DA:132,0
DA:134,2
DA:135,0
DA:137,2
DA:138,1
DA:142,1
DA:149,1
DA:151,2
DA:152,2
DA:155,0
DA:156,0
DA:157,0
DA:160,0
DA:161,0
DA:185,2
DA:186,2
DA:187,2
DA:189,2
DA:190,1
DA:193,1
DA:195,1
DA:196,1
DA:217,2
DA:218,2
DA:219,2
DA:221,2
DA:222,0
DA:225,2
DA:226,1
DA:229,1
DA:230,1
DA:232,1
DA:233,1
DA:253,1
DA:254,1
DA:255,1
DA:256,1
DA:261,1
DA:263,0
DA:264,0
DA:285,2
DA:286,2
DA:287,2
DA:288,1
DA:290,1
DA:292,1
DA:293,1
DA:305,1
DA:306,1
DA:307,1
DA:309,1
DA:310,2
DA:315,2
DA:321,0
DA:322,0
DA:334,1
DA:335,1
DA:336,1
DA:337,1
DA:339,1
DA:340,2
DA:341,4
DA:343,2
DA:350,0
DA:351,0
DA:363,1
DA:364,1
DA:365,1
DA:393,1
DA:395,0
DA:396,0
DA:408,1
DA:409,1
DA:410,1
DA:411,1
DA:413,0
DA:414,0
DA:419,2
LF:113
LH:88
BRDA:106,0,0,0
BRDA:106,0,1,3
BRDA:114,1,0,1
BRDA:114,1,1,2
BRDA:119,2,0,0
BRDA:119,2,1,2
BRDA:122,3,0,0
BRDA:122,3,1,2
BRDA:122,4,0,2
BRDA:122,4,1,2
BRDA:125,5,0,0
BRDA:125,5,1,2
BRDA:128,6,0,0
BRDA:128,6,1,2
BRDA:131,7,0,0
BRDA:131,7,1,2
BRDA:131,8,0,2
BRDA:131,8,1,2
BRDA:134,9,0,0
BRDA:134,9,1,2
BRDA:137,10,0,1
BRDA:137,10,1,1
BRDA:137,11,0,2
BRDA:137,11,1,2
BRDA:151,12,0,2
BRDA:151,12,1,0
BRDA:155,13,0,0
BRDA:155,13,1,0
BRDA:189,14,0,1
BRDA:189,14,1,1
BRDA:221,15,0,0
BRDA:221,15,1,2
BRDA:225,16,0,1
BRDA:225,16,1,1
BRDA:287,17,0,1
BRDA:287,17,1,1
BRDA:341,18,0,4
BRDA:341,18,1,2
BRDA:346,19,0,1
BRDA:346,19,1,1
BRF:40
BRH:29
end_of_record
TN:
SF:services\requestService.js
FN:20,(anonymous_0)
FN:41,(anonymous_1)
FN:91,(anonymous_2)
FN:128,(anonymous_3)
FN:180,(anonymous_4)
FN:209,(anonymous_5)
FN:229,(anonymous_6)
FN:248,(anonymous_7)
FN:267,(anonymous_8)
FN:286,(anonymous_9)
FNF:10
FNH:10
FNDA:2,(anonymous_0)
FNDA:3,(anonymous_1)
FNDA:3,(anonymous_2)
FNDA:4,(anonymous_3)
FNDA:3,(anonymous_4)
FNDA:3,(anonymous_5)
FNDA:1,(anonymous_6)
FNDA:2,(anonymous_7)
FNDA:1,(anonymous_8)
FNDA:2,(anonymous_9)
DA:6,2
DA:7,2
DA:8,2
DA:9,2
DA:10,2
DA:11,2
DA:12,2
DA:21,2
DA:42,3
DA:43,3
DA:44,3
DA:45,1
DA:46,1
DA:49,2
DA:50,2
DA:51,1
DA:52,1
DA:56,1
DA:57,1
DA:59,1
DA:61,1
DA:69,1
DA:70,1
DA:92,3
DA:94,3
DA:95,2
DA:98,1
DA:99,0
DA:100,0
DA:103,1
DA:104,1
DA:105,1
DA:106,1
DA:108,1
DA:109,1
DA:129,4
DA:130,4
DA:131,4
DA:132,1
DA:135,3
DA:136,1
DA:139,2
DA:140,1
DA:143,1
DA:144,1
DA:146,1
DA:147,1
DA:148,2
DA:154,2
DA:157,1
DA:158,1
DA:160,3
DA:161,3
DA:181,3
DA:182,3
DA:183,1
DA:184,1
DA:187,2
DA:188,1
DA:191,1
DA:192,1
DA:194,1
DA:195,1
DA:210,3
DA:211,3
DA:216,3
DA:217,3
DA:230,1
DA:249,2
DA:250,2
DA:251,1
DA:252,1
DA:254,1
DA:268,1
DA:287,2
DA:288,2
DA:289,1
DA:290,1
DA:292,1
DA:296,2
LF:80
LH:78
BRDA:44,0,0,1
BRDA:44,0,1,2
BRDA:50,1,0,1
BRDA:50,1,1,1
BRDA:94,2,0,2
BRDA:94,2,1,1
BRDA:98,3,0,0
BRDA:98,3,1,1
BRDA:131,4,0,1
BRDA:131,4,1,3
BRDA:135,5,0,1
BRDA:135,5,1,2
BRDA:139,6,0,1
BRDA:139,6,1,1
BRDA:182,7,0,1
BRDA:182,7,1,2
BRDA:187,8,0,1
BRDA:187,8,1,1
BRDA:216,9,0,2
BRDA:216,9,1,1
BRDA:216,10,0,3
BRDA:216,10,1,2
BRDA:250,11,0,1
BRDA:250,11,1,1
BRDA:288,12,0,1
BRDA:288,12,1,1
BRF:26
BRH:25
end_of_record
TN:
SF:services\rundownApiService.js
FN:14,(anonymous_0)
FN:47,(anonymous_1)
FN:57,(anonymous_2)
FN:86,(anonymous_3)
FN:97,(anonymous_4)
FN:121,(anonymous_5)
FN:128,(anonymous_6)
FNF:7
FNH:7
FNDA:2,(anonymous_0)
FNDA:1,(anonymous_1)
FNDA:1,(anonymous_2)
FNDA:1,(anonymous_3)
FNDA:1,(anonymous_4)
FNDA:2,(anonymous_5)
FNDA:2,(anonymous_6)
DA:5,2
DA:6,2
DA:7,2
DA:14,2
DA:15,2
DA:17,0
DA:19,2
DA:26,2
DA:38,2
DA:48,1
DA:49,1
DA:50,1
DA:57,1
DA:81,0
DA:82,0
DA:87,1
DA:88,1
DA:89,1
DA:97,1
DA:121,2
DA:128,2
DA:153,0
DA:154,0
DA:159,2
LF:24
LH:19
BRDA:15,0,0,0
BRDA:15,0,1,2
BRDA:47,1,0,1
BRF:3
BRH:2
end_of_record
TN:
SF:services\seasonService.js
FN:19,(anonymous_0)
FN:32,(anonymous_1)
FN:54,(anonymous_2)
FN:87,(anonymous_3)
FN:97,(anonymous_4)
FN:110,(anonymous_5)
FN:111,(anonymous_6)
FN:112,(anonymous_7)
FN:113,(anonymous_8)
FN:143,(anonymous_9)
FN:143,(anonymous_10)
FN:152,(anonymous_11)
FN:159,(anonymous_12)
FN:161,(anonymous_13)
FN:190,(anonymous_14)
FN:193,(anonymous_15)
FN:195,(anonymous_16)
FN:219,(anonymous_17)
FN:235,(anonymous_18)
FN:243,(anonymous_19)
FNF:20
FNH:19
FNDA:4,(anonymous_0)
FNDA:1,(anonymous_1)
FNDA:11,(anonymous_2)
FNDA:3,(anonymous_3)
FNDA:2,(anonymous_4)
FNDA:2,(anonymous_5)
FNDA:4,(anonymous_6)
FNDA:2,(anonymous_7)
FNDA:4,(anonymous_8)
FNDA:0,(anonymous_9)
FNDA:4,(anonymous_10)
FNDA:1,(anonymous_11)
FNDA:1,(anonymous_12)
FNDA:1,(anonymous_13)
FNDA:1,(anonymous_14)
FNDA:1,(anonymous_15)
FNDA:1,(anonymous_16)
FNDA:2,(anonymous_17)
FNDA:1,(anonymous_18)
FNDA:1,(anonymous_19)
DA:7,1
DA:8,1
DA:9,1
DA:10,1
DA:11,1
DA:19,1
DA:20,4
DA:32,1
DA:33,1
DA:34,1
DA:54,1
DA:56,11
DA:57,11
DA:58,11
DA:59,11
DA:61,11
DA:62,11
DA:64,11
DA:65,11
DA:67,11
DA:68,2
DA:69,2
DA:72,9
DA:73,9
DA:74,9
DA:76,9
DA:77,9
DA:78,9
DA:80,9
DA:87,1
DA:88,3
DA:89,3
DA:97,1
DA:98,2
DA:100,2
DA:101,2
DA:103,2
DA:110,2
DA:111,4
DA:112,2
DA:113,4
DA:143,4
DA:152,1
DA:153,1
DA:154,0
DA:157,1
DA:158,1
DA:159,1
DA:161,1
DA:169,1
DA:171,1
DA:172,1
DA:174,1
DA:175,1
DA:177,0
DA:178,0
DA:179,0
DA:180,0
DA:182,0
DA:190,1
DA:191,1
DA:192,1
DA:193,1
DA:195,1
DA:203,1
DA:204,1
DA:206,1
DA:208,0
DA:209,0
DA:219,1
DA:220,2
DA:221,2
DA:226,0
DA:227,0
DA:235,1
DA:236,1
DA:237,1
DA:238,1
DA:239,1
DA:243,1
DA:244,1
DA:245,1
DA:246,1
DA:249,1
LF:84
LH:74
BRDA:34,0,0,1
BRDA:34,0,1,0
BRDA:67,1,0,2
BRDA:67,1,1,9
BRDA:89,2,0,0
BRDA:89,2,1,3
BRDA:98,3,0,0
BRDA:98,3,1,2
BRDA:143,4,0,0
BRDA:143,4,1,2
BRDA:153,5,0,0
BRDA:153,5,1,1
BRDA:153,6,0,1
BRDA:153,6,1,1
BRDA:153,6,2,1
BRDA:177,7,0,0
BRDA:177,7,1,0
BRDA:179,8,0,0
BRDA:179,8,1,0
BRF:19
BRH:10
end_of_record
TN:
SF:utils\errorResponse.js
FN:17,(anonymous_0)
FNF:1
FNH:1
FNDA:40,(anonymous_0)
DA:18,40
DA:19,40
DA:23,12
LF:3
LH:3
BRF:0
BRH:0
end_of_record
TN:
SF:utils\logger.js
FNF:0
FNH:0
DA:5,6
DA:11,6
DA:23,6
DA:24,6
DA:29,6
LF:5
LH:5
BRDA:23,0,0,6
BRDA:23,0,1,0
BRF:2
BRH:1
end_of_record
TN:
SF:utils\testLogger.js
FNF:0
FNH:0
DA:5,2
DA:6,2
DA:12,2
DA:30,2
LF:4
LH:4
BRDA:13,0,0,2
BRDA:13,0,1,0
BRF:2
BRH:1
end_of_record
