TN:
SF:__tests__\mockDataFactory.js
FN:6,(anonymous_0)
FN:8,(anonymous_1)
FN:34,(anonymous_2)
FN:40,(anonymous_3)
FN:51,(anonymous_4)
FN:69,(anonymous_5)
FN:78,(anonymous_6)
FN:88,(anonymous_7)
FN:104,(anonymous_8)
FN:105,(anonymous_9)
FNF:10
FNH:9
FNDA:237,(anonymous_0)
FNDA:94,(anonymous_1)
FNDA:0,(anonymous_2)
FNDA:49,(anonymous_3)
FNDA:74,(anonymous_4)
FNDA:39,(anonymous_5)
FNDA:14,(anonymous_6)
FNDA:11,(anonymous_7)
FNDA:44,(anonymous_8)
FNDA:44,(anonymous_9)
DA:1,10
DA:2,10
DA:3,10
DA:6,237
DA:8,10
DA:9,94
DA:10,94
DA:11,94
DA:12,94
DA:13,94
DA:14,94
DA:16,94
DA:34,10
DA:40,49
DA:51,74
DA:69,39
DA:78,14
DA:88,11
DA:104,44
DA:105,44
DA:135,10
LF:21
LH:21
BRDA:8,0,0,65
BRDA:27,1,0,46
BRDA:27,1,1,48
BRDA:28,2,0,43
BRDA:28,2,1,51
BRDA:34,3,0,0
BRDA:40,4,0,24
BRDA:42,5,0,49
BRDA:42,5,1,0
BRDA:43,6,0,49
BRDA:43,6,1,0
BRDA:51,7,0,36
BRDA:58,8,0,74
BRDA:58,8,1,0
BRDA:69,9,0,21
BRDA:78,10,0,1
BRDA:80,11,0,14
BRDA:80,11,1,7
BRDA:81,12,0,14
BRDA:81,12,1,1
BRDA:82,13,0,14
BRDA:82,13,1,7
BRDA:83,14,0,14
BRDA:83,14,1,14
BRDA:84,15,0,14
BRDA:84,15,1,13
BRDA:88,16,0,1
BRF:27
BRH:23
end_of_record
TN:
SF:__tests__\testUtils.js
FN:26,(anonymous_0)
FN:40,(anonymous_1)
FN:49,(anonymous_2)
FN:62,(anonymous_3)
FN:75,(anonymous_4)
FN:87,(anonymous_5)
FN:98,(anonymous_6)
FN:111,(anonymous_7)
FN:124,(anonymous_8)
FN:141,(anonymous_9)
FN:151,(anonymous_10)
FN:161,(anonymous_11)
FN:170,(anonymous_12)
FN:180,(anonymous_13)
FN:193,(anonymous_14)
FN:203,(anonymous_15)
FN:213,(anonymous_16)
FN:223,(anonymous_17)
FN:238,(anonymous_18)
FN:248,(anonymous_19)
FN:258,(anonymous_20)
FN:268,(anonymous_21)
FN:277,(anonymous_22)
FN:286,(anonymous_23)
FNF:24
FNH:8
FNDA:0,(anonymous_0)
FNDA:0,(anonymous_1)
FNDA:0,(anonymous_2)
FNDA:26,(anonymous_3)
FNDA:0,(anonymous_4)
FNDA:22,(anonymous_5)
FNDA:23,(anonymous_6)
FNDA:10,(anonymous_7)
FNDA:7,(anonymous_8)
FNDA:10,(anonymous_9)
FNDA:0,(anonymous_10)
FNDA:0,(anonymous_11)
FNDA:0,(anonymous_12)
FNDA:1,(anonymous_13)
FNDA:0,(anonymous_14)
FNDA:0,(anonymous_15)
FNDA:0,(anonymous_16)
FNDA:1,(anonymous_17)
FNDA:0,(anonymous_18)
FNDA:0,(anonymous_19)
FNDA:0,(anonymous_20)
FNDA:0,(anonymous_21)
FNDA:0,(anonymous_22)
FNDA:0,(anonymous_23)
DA:1,3
DA:2,3
DA:3,3
DA:4,3
DA:5,3
DA:6,3
DA:7,3
DA:8,3
DA:9,3
DA:19,3
DA:26,3
DA:27,0
DA:28,0
DA:29,0
DA:40,3
DA:41,0
DA:42,0
DA:43,0
DA:49,3
DA:50,0
DA:51,0
DA:52,0
DA:53,0
DA:62,3
DA:63,26
DA:64,26
DA:65,26
DA:66,26
DA:68,26
DA:75,3
DA:76,0
DA:77,0
DA:87,3
DA:88,22
DA:89,22
DA:98,3
DA:99,23
DA:100,23
DA:111,3
DA:112,10
DA:113,10
DA:124,3
DA:125,7
DA:126,7
DA:131,7
DA:132,7
DA:133,7
DA:134,7
DA:141,3
DA:142,10
DA:143,10
DA:151,3
DA:152,0
DA:161,3
DA:162,0
DA:170,3
DA:171,0
DA:180,3
DA:181,1
DA:193,3
DA:194,0
DA:203,3
DA:204,0
DA:213,3
DA:214,0
DA:223,3
DA:224,1
DA:231,3
DA:238,3
DA:239,0
DA:248,3
DA:249,0
DA:258,3
DA:259,0
DA:268,3
DA:269,0
DA:277,3
DA:278,0
DA:286,3
DA:287,0
LF:80
LH:56
BRDA:62,0,0,26
BRDA:64,1,0,26
BRDA:64,1,1,0
BRDA:75,2,0,0
BRDA:87,3,0,17
BRDA:98,4,0,22
BRDA:111,5,0,10
BRDA:124,6,0,0
BRDA:127,7,0,7
BRDA:127,7,1,3
BRDA:128,8,0,7
BRDA:128,8,1,3
BRDA:141,9,0,7
BRF:13
BRH:10
end_of_record
TN:
SF:__tests__\mockModels\Entry.js
FNF:0
FNH:0
DA:1,1
DA:3,1
DA:38,1
DA:45,1
LF:4
LH:4
BRF:0
BRH:0
end_of_record
TN:
SF:__tests__\mockModels\Pick.js
FNF:0
FNH:0
DA:1,2
DA:3,2
DA:33,2
LF:3
LH:3
BRF:0
BRH:0
end_of_record
TN:
SF:__tests__\mockModels\Request.js
FNF:0
FNH:0
DA:1,1
DA:3,1
DA:16,1
LF:3
LH:3
BRF:0
BRH:0
end_of_record
TN:
SF:models\Entry.js
FNF:0
FNH:0
DA:7,6
DA:26,6
DA:68,6
DA:77,6
DA:88,6
DA:90,6
LF:6
LH:6
BRF:0
BRH:0
end_of_record
TN:
SF:models\Game.js
FNF:0
FNH:0
DA:5,4
DA:60,4
DA:116,4
DA:117,4
DA:119,4
LF:5
LH:5
BRF:0
BRH:0
end_of_record
TN:
SF:models\Pick.js
FNF:0
FNH:0
DA:7,4
DA:24,4
DA:56,4
DA:62,4
DA:64,4
LF:5
LH:5
BRF:0
BRH:0
end_of_record
TN:
SF:models\Pool.js
FNF:0
FNH:0
DA:7,8
DA:35,8
DA:130,8
DA:144,8
DA:158,8
DA:169,8
DA:171,8
LF:7
LH:7
BRF:0
BRH:0
end_of_record
TN:
SF:models\Request.js
FNF:0
FNH:0
DA:7,7
DA:31,7
DA:94,7
DA:96,7
LF:4
LH:4
BRF:0
BRH:0
end_of_record
TN:
SF:models\User.js
FN:91,(anonymous_0)
FN:111,(anonymous_1)
FN:137,(anonymous_2)
FN:152,(anonymous_3)
FN:175,(anonymous_4)
FNF:5
FNH:5
FNDA:95,(anonymous_0)
FNDA:94,(anonymous_1)
FNDA:1,(anonymous_2)
FNDA:2,(anonymous_3)
FNDA:1,(anonymous_4)
DA:6,10
DA:7,10
DA:8,10
DA:9,10
DA:33,10
DA:88,10
DA:91,10
DA:92,95
DA:93,95
DA:94,94
DA:95,94
DA:96,1
DA:97,1
DA:98,1
DA:101,95
DA:111,10
DA:113,94
DA:114,1
DA:118,93
DA:119,0
DA:123,93
DA:125,93
DA:126,93
DA:137,10
DA:138,1
DA:152,10
DA:153,2
DA:154,2
DA:155,2
DA:157,2
DA:158,2
DA:159,2
DA:160,2
DA:162,0
DA:163,0
DA:175,10
DA:176,1
DA:179,1
DA:185,1
DA:187,1
DA:197,10
DA:211,10
DA:222,10
DA:224,10
LF:44
LH:41
BRDA:93,0,0,94
BRDA:93,0,1,1
BRDA:95,1,0,1
BRDA:95,1,1,93
BRDA:113,2,0,1
BRDA:113,2,1,93
BRDA:118,3,0,0
BRDA:118,3,1,93
BRF:8
BRH:7
end_of_record
TN:
SF:services\baseService.js
FN:22,(anonymous_0)
FN:36,(anonymous_1)
FN:54,(anonymous_2)
FN:77,(anonymous_3)
FN:100,(anonymous_4)
FN:126,(anonymous_5)
FNF:6
FNH:6
FNDA:16,(anonymous_0)
FNDA:3,(anonymous_1)
FNDA:6,(anonymous_2)
FNDA:2,(anonymous_3)
FNDA:5,(anonymous_4)
FNDA:3,(anonymous_5)
DA:6,3
DA:7,3
DA:23,16
DA:37,3
DA:38,3
DA:40,1
DA:55,6
DA:56,6
DA:57,5
DA:58,1
DA:60,4
DA:62,2
DA:63,1
DA:78,2
DA:79,2
DA:80,2
DA:81,1
DA:82,1
DA:84,1
DA:85,1
DA:101,5
DA:102,5
DA:106,4
DA:107,1
DA:109,3
DA:111,2
DA:112,1
DA:127,3
DA:128,3
DA:129,2
DA:130,1
DA:132,1
DA:134,2
DA:135,1
DA:140,3
LF:35
LH:35
BRDA:36,0,0,2
BRDA:57,1,0,1
BRDA:57,1,1,4
BRDA:62,2,0,1
BRDA:62,2,1,1
BRDA:106,3,0,1
BRDA:106,3,1,3
BRDA:111,4,0,1
BRDA:111,4,1,1
BRDA:129,5,0,1
BRDA:129,5,1,1
BRDA:134,6,0,1
BRDA:134,6,1,1
BRF:13
BRH:13
end_of_record
TN:
SF:services\entryService.js
FN:32,(anonymous_0)
FN:57,(anonymous_1)
FN:82,(anonymous_2)
FN:111,(anonymous_3)
FN:141,(anonymous_4)
FN:193,(anonymous_5)
FN:199,(anonymous_6)
FN:220,(anonymous_7)
FN:260,(anonymous_8)
FNF:9
FNH:8
FNDA:1,(anonymous_0)
FNDA:1,(anonymous_1)
FNDA:2,(anonymous_2)
FNDA:0,(anonymous_3)
FNDA:3,(anonymous_4)
FNDA:2,(anonymous_5)
FNDA:1,(anonymous_6)
FNDA:2,(anonymous_7)
FNDA:1,(anonymous_8)
DA:5,1
DA:6,1
DA:7,1
DA:8,1
DA:9,1
DA:33,1
DA:34,1
DA:36,0
DA:58,1
DA:59,1
DA:61,0
DA:83,2
DA:84,2
DA:85,0
DA:88,2
DA:89,1
DA:92,1
DA:112,0
DA:113,0
DA:114,0
DA:117,0
DA:142,3
DA:143,3
DA:144,0
DA:147,3
DA:148,0
DA:151,3
DA:152,0
DA:156,3
DA:162,3
DA:163,1
DA:167,2
DA:173,2
DA:194,2
DA:195,2
DA:196,0
DA:199,2
DA:200,2
DA:221,2
DA:222,2
DA:224,2
DA:225,1
DA:233,1
DA:236,2
DA:237,2
DA:239,0
DA:261,1
DA:262,1
DA:263,0
DA:266,1
DA:267,1
DA:268,1
DA:270,1
DA:274,1
LF:54
LH:41
BRDA:84,0,0,0
BRDA:84,0,1,2
BRDA:88,1,0,1
BRDA:88,1,1,1
BRDA:113,2,0,0
BRDA:113,2,1,0
BRDA:143,3,0,0
BRDA:143,3,1,3
BRDA:147,4,0,0
BRDA:147,4,1,3
BRDA:151,5,0,0
BRDA:151,5,1,3
BRDA:151,6,0,3
BRDA:151,6,1,3
BRDA:162,7,0,1
BRDA:162,7,1,2
BRDA:195,8,0,0
BRDA:195,8,1,2
BRDA:200,9,0,2
BRDA:200,9,1,1
BRDA:224,10,0,1
BRDA:224,10,1,1
BRDA:262,11,0,0
BRDA:262,11,1,1
BRF:24
BRH:16
end_of_record
TN:
SF:services\poolService.js
FN:23,(anonymous_0)
FN:42,(anonymous_1)
FN:47,(anonymous_2)
FN:87,(anonymous_3)
FN:96,(anonymous_4)
FN:127,(anonymous_5)
FN:155,(anonymous_6)
FN:187,(anonymous_7)
FN:223,(anonymous_8)
FN:255,(anonymous_9)
FN:275,(anonymous_10)
FN:280,(anonymous_11)
FN:304,(anonymous_12)
FN:310,(anonymous_13)
FN:311,(anonymous_14)
FN:333,(anonymous_15)
FN:378,(anonymous_16)
FNF:17
FNH:16
FNDA:1,(anonymous_0)
FNDA:2,(anonymous_1)
FNDA:3,(anonymous_2)
FNDA:3,(anonymous_3)
FNDA:33,(anonymous_4)
FNDA:0,(anonymous_5)
FNDA:2,(anonymous_6)
FNDA:2,(anonymous_7)
FNDA:1,(anonymous_8)
FNDA:2,(anonymous_9)
FNDA:1,(anonymous_10)
FNDA:2,(anonymous_11)
FNDA:1,(anonymous_12)
FNDA:2,(anonymous_13)
FNDA:4,(anonymous_14)
FNDA:1,(anonymous_15)
FNDA:1,(anonymous_16)
DA:5,1
DA:6,1
DA:7,1
DA:8,1
DA:9,1
DA:10,1
DA:11,1
DA:12,1
DA:24,1
DA:43,2
DA:44,2
DA:45,2
DA:47,2
DA:48,3
DA:49,3
DA:51,3
DA:59,0
DA:60,0
DA:88,3
DA:89,3
DA:90,3
DA:91,0
DA:95,3
DA:96,33
DA:98,3
DA:99,1
DA:103,2
DA:104,1
DA:106,1
DA:107,0
DA:109,1
DA:110,0
DA:114,1
DA:120,1
DA:122,2
DA:123,2
DA:126,0
DA:127,0
DA:128,0
DA:131,0
DA:132,0
DA:156,2
DA:157,2
DA:158,2
DA:160,2
DA:161,1
DA:164,1
DA:166,1
DA:167,1
DA:188,2
DA:189,2
DA:190,2
DA:192,2
DA:193,0
DA:196,2
DA:197,1
DA:200,1
DA:201,1
DA:203,1
DA:204,1
DA:224,1
DA:225,1
DA:226,1
DA:227,1
DA:232,1
DA:234,0
DA:235,0
DA:256,2
DA:257,2
DA:258,2
DA:259,1
DA:261,1
DA:263,1
DA:264,1
DA:276,1
DA:277,1
DA:278,1
DA:280,1
DA:281,2
DA:286,2
DA:292,0
DA:293,0
DA:305,1
DA:306,1
DA:307,1
DA:308,1
DA:310,1
DA:311,2
DA:312,4
DA:314,2
DA:321,0
DA:322,0
DA:334,1
DA:335,1
DA:336,1
DA:364,1
DA:366,0
DA:367,0
DA:379,1
DA:380,1
DA:381,1
DA:382,1
DA:384,0
DA:385,0
DA:390,1
LF:105
LH:84
BRDA:90,0,0,0
BRDA:90,0,1,3
BRDA:98,1,0,1
BRDA:98,1,1,2
BRDA:103,2,0,1
BRDA:103,2,1,1
BRDA:106,3,0,0
BRDA:106,3,1,1
BRDA:109,4,0,0
BRDA:109,4,1,1
BRDA:122,5,0,2
BRDA:122,5,1,0
BRDA:126,6,0,0
BRDA:126,6,1,0
BRDA:160,7,0,1
BRDA:160,7,1,1
BRDA:192,8,0,0
BRDA:192,8,1,2
BRDA:196,9,0,1
BRDA:196,9,1,1
BRDA:258,10,0,1
BRDA:258,10,1,1
BRDA:312,11,0,4
BRDA:312,11,1,2
BRDA:317,12,0,1
BRDA:317,12,1,1
BRF:26
BRH:19
end_of_record
TN:
SF:services\requestService.js
FN:20,(anonymous_0)
FN:41,(anonymous_1)
FN:91,(anonymous_2)
FN:128,(anonymous_3)
FN:180,(anonymous_4)
FN:209,(anonymous_5)
FN:229,(anonymous_6)
FN:248,(anonymous_7)
FN:267,(anonymous_8)
FN:286,(anonymous_9)
FNF:10
FNH:10
FNDA:1,(anonymous_0)
FNDA:3,(anonymous_1)
FNDA:3,(anonymous_2)
FNDA:4,(anonymous_3)
FNDA:3,(anonymous_4)
FNDA:3,(anonymous_5)
FNDA:1,(anonymous_6)
FNDA:2,(anonymous_7)
FNDA:1,(anonymous_8)
FNDA:2,(anonymous_9)
DA:6,1
DA:7,1
DA:8,1
DA:9,1
DA:10,1
DA:11,1
DA:12,1
DA:21,1
DA:42,3
DA:43,3
DA:44,3
DA:45,1
DA:46,1
DA:49,2
DA:50,2
DA:51,1
DA:52,1
DA:56,1
DA:57,1
DA:59,1
DA:61,1
DA:69,1
DA:70,1
DA:92,3
DA:93,3
DA:94,1
DA:95,1
DA:98,2
DA:99,1
DA:100,1
DA:103,1
DA:104,1
DA:105,1
DA:106,1
DA:108,1
DA:109,1
DA:129,4
DA:130,4
DA:131,4
DA:132,1
DA:135,3
DA:136,1
DA:139,2
DA:140,1
DA:143,1
DA:144,1
DA:146,1
DA:147,1
DA:148,2
DA:154,2
DA:157,1
DA:158,1
DA:160,3
DA:161,3
DA:181,3
DA:182,3
DA:183,1
DA:184,1
DA:187,2
DA:188,1
DA:191,1
DA:192,1
DA:194,1
DA:195,1
DA:210,3
DA:211,3
DA:216,3
DA:217,3
DA:230,1
DA:249,2
DA:250,2
DA:251,1
DA:252,1
DA:254,1
DA:268,1
DA:287,2
DA:288,2
DA:289,1
DA:290,1
DA:292,1
DA:296,1
LF:81
LH:81
BRDA:44,0,0,1
BRDA:44,0,1,2
BRDA:50,1,0,1
BRDA:50,1,1,1
BRDA:93,2,0,1
BRDA:93,2,1,2
BRDA:98,3,0,1
BRDA:98,3,1,1
BRDA:131,4,0,1
BRDA:131,4,1,3
BRDA:135,5,0,1
BRDA:135,5,1,2
BRDA:139,6,0,1
BRDA:139,6,1,1
BRDA:182,7,0,1
BRDA:182,7,1,2
BRDA:187,8,0,1
BRDA:187,8,1,1
BRDA:216,9,0,2
BRDA:216,9,1,1
BRDA:216,10,0,3
BRDA:216,10,1,2
BRDA:250,11,0,1
BRDA:250,11,1,1
BRDA:288,12,0,1
BRDA:288,12,1,1
BRF:26
BRH:26
end_of_record
TN:
SF:utils\errorResponse.js
FN:17,(anonymous_0)
FNF:1
FNH:1
FNDA:26,(anonymous_0)
DA:18,26
DA:19,26
DA:23,4
LF:3
LH:3
BRF:0
BRH:0
end_of_record
TN:
SF:utils\logger.js
FNF:0
FNH:0
DA:5,1
DA:11,1
DA:23,1
DA:24,1
DA:29,1
LF:5
LH:5
BRDA:23,0,0,1
BRDA:23,0,1,0
BRF:2
BRH:1
end_of_record
TN:
SF:utils\testLogger.js
FNF:0
FNH:0
DA:5,1
DA:11,1
DA:21,1
LF:3
LH:3
BRDA:12,0,0,1
BRDA:12,0,1,0
BRF:2
BRH:1
end_of_record
